#
# There is insufficient memory for the Java Runtime Environment to continue.
# Native memory allocation (malloc) failed to allocate 721936 bytes for Chunk::new
# Possible reasons:
#   The system is out of physical RAM or swap space
#   The process is running with CompressedOops enabled, and the Java Heap may be blocking the growth of the native heap
# Possible solutions:
#   Reduce memory load on the system
#   Increase physical memory or swap space
#   Check if swap backing store is full
#   Decrease Java heap size (-Xmx/-Xms)
#   Decrease number of Java threads
#   Decrease Java thread stack sizes (-Xss)
#   Set larger code cache with -XX:ReservedCodeCacheSize=
#   JVM is running with Unscaled Compressed Oops mode in which the Java heap is
#     placed in the first 4GB address space. The Java Heap base address is the
#     maximum limit for the native heap growth. Please use -XX:HeapBaseMinAddress
#     to set the Java Heap base and to place the Java Heap above 4GB virtual address.
# This output file may be truncated or incomplete.
#
#  Out of Memory Error (arena.cpp:195), pid=7764, tid=14636
#
# JRE version: OpenJDK Runtime Environment (16.0+36) (build 16+36-2231)
# Java VM: OpenJDK 64-Bit Server VM (16+36-2231, mixed mode, sharing, tiered, compressed oops, g1 gc, windows-amd64)
# No core dump will be written. Minidumps are not enabled by default on client versions of Windows
#

---------------  S U M M A R Y ------------

Command Line: -XX:MaxMetaspaceSize=512m --add-opens=java.base/java.util=ALL-UNNAMED --add-opens=java.base/java.lang=ALL-UNNAMED --add-opens=java.base/java.lang.invoke=ALL-UNNAMED --add-opens=java.prefs/java.util.prefs=ALL-UNNAMED --add-opens=java.base/java.nio.charset=ALL-UNNAMED --add-opens=java.base/java.net=ALL-UNNAMED --add-opens=java.base/java.util.concurrent.atomic=ALL-UNNAMED -Xmx2048m -Dfile.encoding=windows-1252 -Duser.country=IN -Duser.language=en -Duser.variant org.gradle.launcher.daemon.bootstrap.GradleDaemon 7.6

Host: Intel(R) Core(TM) i5-7200U CPU @ 2.50GHz, 4 cores, 7G,  Windows 10 , 64 bit Build 19041 (10.0.19041.3636)
Time: Mon Nov 27 21:28:59 2023 India Standard Time elapsed time: 158.238752 seconds (0d 0h 2m 38s)

---------------  T H R E A D  ---------------

Current thread (0x000001ed71d394e0):  JavaThread "C2 CompilerThread0" daemon [_thread_in_native, id=14636, stack(0x000000a8a9a00000,0x000000a8a9b00000)]


Current CompileTask:
C2: 158239 7602       4       org.objectweb.asm.Frame::execute (2318 bytes)

Stack: [0x000000a8a9a00000,0x000000a8a9b00000]
Native frames: (J=compiled Java code, j=interpreted, Vv=VM code, C=native code)
V  [jvm.dll+0x6681da]
V  [jvm.dll+0x7c9d99]
V  [jvm.dll+0x7cb4d3]
V  [jvm.dll+0x7cbb33]
V  [jvm.dll+0x242ee5]
V  [jvm.dll+0xadeca]
V  [jvm.dll+0xae5ac]
V  [jvm.dll+0x2a4d0f]
V  [jvm.dll+0x573d69]
V  [jvm.dll+0x21e6ce]
V  [jvm.dll+0x2176b6]
V  [jvm.dll+0x21523c]
V  [jvm.dll+0x1a1d8b]
V  [jvm.dll+0x225398]
V  [jvm.dll+0x2233dc]
V  [jvm.dll+0x77f9e2]
V  [jvm.dll+0x77952a]
V  [jvm.dll+0x667076]
C  [ucrtbase.dll+0x21bb2]
C  [KERNEL32.DLL+0x17344]
C  [ntdll.dll+0x526b1]


---------------  P R O C E S S  ---------------

Threads class SMR info:
_java_thread_list=0x000001ed769a9df0, length=74, elements={
0x000001ed54540950, 0x000001ed71d21c80, 0x000001ed71d22a50, 0x000001ed71d32c90,
0x000001ed71d365c0, 0x000001ed71d37ee0, 0x000001ed71d387f0, 0x000001ed71d394e0,
0x000001ed71d9fd40, 0x000001ed71da22b0, 0x000001ed71dde230, 0x000001ed71dde750,
0x000001ed7397de00, 0x000001ed74e19600, 0x000001ed7331ee40, 0x000001ed72d66ab0,
0x000001ed739c9cc0, 0x000001ed739ea3f0, 0x000001ed71d9a010, 0x000001ed71d97590,
0x000001ed71d99ac0, 0x000001ed71d98ad0, 0x000001ed71d97ae0, 0x000001ed71d9a560,
0x000001ed71d99020, 0x000001ed71d99570, 0x000001ed71d9aab0, 0x000001ed71d98030,
0x000001ed71d98580, 0x000001ed747f6d90, 0x000001ed747f8d70, 0x000001ed747f92c0,
0x000001ed747f82d0, 0x000001ed747f72e0, 0x000001ed747f9810, 0x000001ed747f8820,
0x000001ed747fa2b0, 0x000001ed747f9d60, 0x000001ed747f7d80, 0x000001ed75212eb0,
0x000001ed7520eef0, 0x000001ed75215930, 0x000001ed75212410, 0x000001ed7520f990,
0x000001ed75210430, 0x000001ed75212960, 0x000001ed75213400, 0x000001ed7520e9a0,
0x000001ed75213950, 0x000001ed7520f440, 0x000001ed75215e80, 0x000001ed75210ed0,
0x000001ed75213ea0, 0x000001ed752143f0, 0x000001ed75211420, 0x000001ed75211ec0,
0x000001ed75214940, 0x000001ed7520fee0, 0x000001ed75211970, 0x000001ed75214e90,
0x000001ed752153e0, 0x000001ed7520e450, 0x000001ed748a39a0, 0x000001ed748a1470,
0x000001ed748a3450, 0x000001ed748a09d0, 0x000001ed748a6420, 0x000001ed748a4440,
0x000001ed748a8400, 0x000001ed748a0f20, 0x000001ed748a19c0, 0x000001ed748a2460,
0x000001ed748a2f00, 0x000001ed748a3ef0
}

Java Threads: ( => current thread )
  0x000001ed54540950 JavaThread "main" [_thread_blocked, id=17104, stack(0x000000a8a8c00000,0x000000a8a8d00000)]
  0x000001ed71d21c80 JavaThread "Reference Handler" daemon [_thread_blocked, id=6292, stack(0x000000a8a9400000,0x000000a8a9500000)]
  0x000001ed71d22a50 JavaThread "Finalizer" daemon [_thread_blocked, id=13828, stack(0x000000a8a9500000,0x000000a8a9600000)]
  0x000001ed71d32c90 JavaThread "Signal Dispatcher" daemon [_thread_blocked, id=5868, stack(0x000000a8a9600000,0x000000a8a9700000)]
  0x000001ed71d365c0 JavaThread "Attach Listener" daemon [_thread_blocked, id=728, stack(0x000000a8a9700000,0x000000a8a9800000)]
  0x000001ed71d37ee0 JavaThread "Service Thread" daemon [_thread_blocked, id=12576, stack(0x000000a8a9800000,0x000000a8a9900000)]
  0x000001ed71d387f0 JavaThread "Monitor Deflation Thread" daemon [_thread_blocked, id=16816, stack(0x000000a8a9900000,0x000000a8a9a00000)]
=>0x000001ed71d394e0 JavaThread "C2 CompilerThread0" daemon [_thread_in_native, id=14636, stack(0x000000a8a9a00000,0x000000a8a9b00000)]
  0x000001ed71d9fd40 JavaThread "C1 CompilerThread0" daemon [_thread_blocked, id=12004, stack(0x000000a8a9b00000,0x000000a8a9c00000)]
  0x000001ed71da22b0 JavaThread "Sweeper thread" daemon [_thread_blocked, id=17224, stack(0x000000a8a9c00000,0x000000a8a9d00000)]
  0x000001ed71dde230 JavaThread "Common-Cleaner" daemon [_thread_blocked, id=15212, stack(0x000000a8a9d00000,0x000000a8a9e00000)]
  0x000001ed71dde750 JavaThread "Notification Thread" daemon [_thread_blocked, id=9492, stack(0x000000a8a9e00000,0x000000a8a9f00000)]
  0x000001ed7397de00 JavaThread "Daemon health stats" [_thread_blocked, id=16136, stack(0x000000a8aa300000,0x000000a8aa400000)]
  0x000001ed74e19600 JavaThread "Incoming local TCP Connector on port 52039" [_thread_in_native, id=11900, stack(0x000000a8aa400000,0x000000a8aa500000)]
  0x000001ed7331ee40 JavaThread "Daemon periodic checks" [_thread_blocked, id=16616, stack(0x000000a8aa500000,0x000000a8aa600000)]
  0x000001ed72d66ab0 JavaThread "Daemon" [_thread_blocked, id=10000, stack(0x000000a8aa600000,0x000000a8aa700000)]
  0x000001ed739c9cc0 JavaThread "Handler for socket connection from /127.0.0.1:52039 to /127.0.0.1:52040" [_thread_in_native, id=16044, stack(0x000000a8aa700000,0x000000a8aa800000)]
  0x000001ed739ea3f0 JavaThread "Cancel handler" [_thread_blocked, id=2460, stack(0x000000a8aa800000,0x000000a8aa900000)]
  0x000001ed71d9a010 JavaThread "Daemon worker" [_thread_blocked, id=7768, stack(0x000000a8aa900000,0x000000a8aaa00000)]
  0x000001ed71d97590 JavaThread "Asynchronous log dispatcher for DefaultDaemonConnection: socket connection from /127.0.0.1:52039 to /127.0.0.1:52040" [_thread_blocked, id=15848, stack(0x000000a8aaa00000,0x000000a8aab00000)]
  0x000001ed71d99ac0 JavaThread "Stdin handler" [_thread_blocked, id=12296, stack(0x000000a8aab00000,0x000000a8aac00000)]
  0x000001ed71d98ad0 JavaThread "Daemon client event forwarder" [_thread_blocked, id=12268, stack(0x000000a8aac00000,0x000000a8aad00000)]
  0x000001ed71d97ae0 JavaThread "Cache worker for journal cache (C:\Users\hermo\.gradle\caches\journal-1)" [_thread_blocked, id=15384, stack(0x000000a8aad00000,0x000000a8aae00000)]
  0x000001ed71d9a560 JavaThread "File lock request listener" [_thread_in_native, id=15760, stack(0x000000a8aae00000,0x000000a8aaf00000)]
  0x000001ed71d99020 JavaThread "File lock release action executor" [_thread_blocked, id=17084, stack(0x000000a8aaf00000,0x000000a8ab000000)]
  0x000001ed71d99570 JavaThread "Cache worker for file hash cache (C:\Users\hermo\.gradle\caches\7.6\fileHashes)" [_thread_blocked, id=13792, stack(0x000000a8ab000000,0x000000a8ab100000)]
  0x000001ed71d9aab0 JavaThread "File watcher server" daemon [_thread_in_native, id=17472, stack(0x000000a8ab100000,0x000000a8ab200000)]
  0x000001ed71d98030 JavaThread "File watcher consumer" daemon [_thread_blocked, id=17488, stack(0x000000a8ab200000,0x000000a8ab300000)]
  0x000001ed71d98580 JavaThread "Cache worker for checksums cache (D:\gsmWeb\gsmapp\android\.gradle\7.6\checksums)" [_thread_blocked, id=17600, stack(0x000000a8ab300000,0x000000a8ab400000)]
  0x000001ed747f6d90 JavaThread "Cache worker for cache directory md-rule (C:\Users\hermo\.gradle\caches\7.6\md-rule)" [_thread_blocked, id=17612, stack(0x000000a8ab400000,0x000000a8ab500000)]
  0x000001ed747f8d70 JavaThread "Cache worker for file content cache (C:\Users\hermo\.gradle\caches\7.6\fileContent)" [_thread_blocked, id=17628, stack(0x000000a8ab500000,0x000000a8ab600000)]
  0x000001ed747f92c0 JavaThread "Cache worker for file hash cache (D:\gsmWeb\gsmapp\android\.gradle\7.6\fileHashes)" [_thread_blocked, id=17684, stack(0x000000a8ab700000,0x000000a8ab800000)]
  0x000001ed747f82d0 JavaThread "Cache worker for cache directory md-supplier (C:\Users\hermo\.gradle\caches\7.6\md-supplier)" [_thread_blocked, id=17700, stack(0x000000a8ab800000,0x000000a8ab900000)]
  0x000001ed747f72e0 JavaThread "Cache worker for execution history cache (C:\Users\hermo\.gradle\caches\7.6\executionHistory)" [_thread_blocked, id=17792, stack(0x000000a8ab900000,0x000000a8aba00000)]
  0x000001ed747f9810 JavaThread "jar transforms" [_thread_blocked, id=18268, stack(0x000000a8aba00000,0x000000a8abb00000)]
  0x000001ed747f8820 JavaThread "jar transforms Thread 2" [_thread_blocked, id=18288, stack(0x000000a8abb00000,0x000000a8abc00000)]
  0x000001ed747fa2b0 JavaThread "jar transforms Thread 3" [_thread_blocked, id=18416, stack(0x000000a8abc00000,0x000000a8abd00000)]
  0x000001ed747f9d60 JavaThread "jar transforms Thread 4" [_thread_blocked, id=18420, stack(0x000000a8abd00000,0x000000a8abe00000)]
  0x000001ed747f7d80 JavaThread "Cache worker for kotlin-dsl (C:\Users\hermo\.gradle\caches\7.6\kotlin-dsl)" [_thread_blocked, id=5948, stack(0x000000a8a8b00000,0x000000a8a8c00000)]
  0x000001ed75212eb0 JavaThread "Cache worker for dependencies-accessors (D:\gsmWeb\gsmapp\android\.gradle\7.6\dependencies-accessors)" [_thread_blocked, id=11044, stack(0x000000a8a8d00000,0x000000a8a8e00000)]
  0x000001ed7520eef0 JavaThread "Cache worker for Build Output Cleanup Cache (D:\gsmWeb\gsmapp\node_modules\@react-native\gradle-plugin\.gradle\buildOutputCleanup)" [_thread_blocked, id=18408, stack(0x000000a8ac000000,0x000000a8ac100000)]
  0x000001ed75215930 JavaThread "Unconstrained build operations" [_thread_blocked, id=18852, stack(0x000000a8ac100000,0x000000a8ac200000)]
  0x000001ed75212410 JavaThread "Unconstrained build operations Thread 2" [_thread_blocked, id=18856, stack(0x000000a8ac200000,0x000000a8ac300000)]
  0x000001ed7520f990 JavaThread "Unconstrained build operations Thread 3" [_thread_blocked, id=18860, stack(0x000000a8ac300000,0x000000a8ac400000)]
  0x000001ed75210430 JavaThread "Unconstrained build operations Thread 4" [_thread_blocked, id=18864, stack(0x000000a8ac400000,0x000000a8ac500000)]
  0x000001ed75212960 JavaThread "Unconstrained build operations Thread 5" [_thread_blocked, id=18868, stack(0x000000a8ac500000,0x000000a8ac600000)]
  0x000001ed75213400 JavaThread "Unconstrained build operations Thread 6" [_thread_blocked, id=18872, stack(0x000000a8ac600000,0x000000a8ac700000)]
  0x000001ed7520e9a0 JavaThread "Unconstrained build operations Thread 7" [_thread_blocked, id=18876, stack(0x000000a8ac700000,0x000000a8ac800000)]
  0x000001ed75213950 JavaThread "Unconstrained build operations Thread 8" [_thread_blocked, id=18880, stack(0x000000a8ac800000,0x000000a8ac900000)]
  0x000001ed7520f440 JavaThread "Unconstrained build operations Thread 9" [_thread_blocked, id=18884, stack(0x000000a8ac900000,0x000000a8aca00000)]
  0x000001ed75215e80 JavaThread "Unconstrained build operations Thread 10" [_thread_blocked, id=18888, stack(0x000000a8aca00000,0x000000a8acb00000)]
  0x000001ed75210ed0 JavaThread "Unconstrained build operations Thread 11" [_thread_blocked, id=18892, stack(0x000000a8acb00000,0x000000a8acc00000)]
  0x000001ed75213ea0 JavaThread "Unconstrained build operations Thread 12" [_thread_blocked, id=18896, stack(0x000000a8acc00000,0x000000a8acd00000)]
  0x000001ed752143f0 JavaThread "Unconstrained build operations Thread 13" [_thread_blocked, id=18900, stack(0x000000a8acd00000,0x000000a8ace00000)]
  0x000001ed75211420 JavaThread "Unconstrained build operations Thread 14" [_thread_blocked, id=18904, stack(0x000000a8ace00000,0x000000a8acf00000)]
  0x000001ed75211ec0 JavaThread "Unconstrained build operations Thread 15" [_thread_blocked, id=18908, stack(0x000000a8acf00000,0x000000a8ad000000)]
  0x000001ed75214940 JavaThread "Unconstrained build operations Thread 16" [_thread_blocked, id=18912, stack(0x000000a8ad000000,0x000000a8ad100000)]
  0x000001ed7520fee0 JavaThread "Unconstrained build operations Thread 17" [_thread_blocked, id=18916, stack(0x000000a8ad100000,0x000000a8ad200000)]
  0x000001ed75211970 JavaThread "Unconstrained build operations Thread 18" [_thread_blocked, id=18920, stack(0x000000a8ad200000,0x000000a8ad300000)]
  0x000001ed75214e90 JavaThread "Unconstrained build operations Thread 19" [_thread_blocked, id=18924, stack(0x000000a8ad300000,0x000000a8ad400000)]
  0x000001ed752153e0 JavaThread "Unconstrained build operations Thread 20" [_thread_blocked, id=18928, stack(0x000000a8ad400000,0x000000a8ad500000)]
  0x000001ed7520e450 JavaThread "Unconstrained build operations Thread 21" [_thread_blocked, id=18932, stack(0x000000a8ad500000,0x000000a8ad600000)]
  0x000001ed748a39a0 JavaThread "Unconstrained build operations Thread 22" [_thread_blocked, id=18936, stack(0x000000a8ad600000,0x000000a8ad700000)]
  0x000001ed748a1470 JavaThread "Unconstrained build operations Thread 23" [_thread_blocked, id=18940, stack(0x000000a8ad700000,0x000000a8ad800000)]
  0x000001ed748a3450 JavaThread "Unconstrained build operations Thread 24" [_thread_blocked, id=18944, stack(0x000000a8ad800000,0x000000a8ad900000)]
  0x000001ed748a09d0 JavaThread "Unconstrained build operations Thread 25" [_thread_blocked, id=18948, stack(0x000000a8ad900000,0x000000a8ada00000)]
  0x000001ed748a6420 JavaThread "Unconstrained build operations Thread 26" [_thread_blocked, id=18952, stack(0x000000a8ada00000,0x000000a8adb00000)]
  0x000001ed748a4440 JavaThread "Memory manager" [_thread_blocked, id=10828, stack(0x000000a8adb00000,0x000000a8adc00000)]
  0x000001ed748a8400 JavaThread "Cache worker for Build Output Cleanup Cache (D:\gsmWeb\gsmapp\android\.gradle\buildOutputCleanup)" [_thread_blocked, id=6132, stack(0x000000a8abe00000,0x000000a8abf00000)]
  0x000001ed748a0f20 JavaThread "included builds" [_thread_in_native, id=3452, stack(0x000000a8adc00000,0x000000a8add00000)]
  0x000001ed748a19c0 JavaThread "Execution worker" [_thread_blocked, id=18816, stack(0x000000a8add00000,0x000000a8ade00000)]
  0x000001ed748a2460 JavaThread "Execution worker Thread 2" [_thread_blocked, id=15396, stack(0x000000a8ade00000,0x000000a8adf00000)]
  0x000001ed748a2f00 JavaThread "Execution worker Thread 3" [_thread_blocked, id=7068, stack(0x000000a8adf00000,0x000000a8ae000000)]
  0x000001ed748a3ef0 JavaThread "Cache worker for execution history cache (D:\gsmWeb\gsmapp\node_modules\@react-native\gradle-plugin\.gradle\7.6\executionHistory)" [_thread_new, id=18316, stack(0x0000000000000000,0x0000000000000000)]

Other Threads:
  0x000001ed71d17ed0 VMThread "VM Thread" [stack: 0x000000a8a9300000,0x000000a8a9400000] [id=11804]
  0x000001ed71ddec70 WatcherThread [stack: 0x000000a8a9f00000,0x000000a8aa000000] [id=10392]
  0x000001ed54581600 GCTaskThread "GC Thread#0" [stack: 0x000000a8a8e00000,0x000000a8a8f00000] [id=6184]
  0x000001ed72b5a5d0 GCTaskThread "GC Thread#1" [stack: 0x000000a8aa000000,0x000000a8aa100000] [id=11296]
  0x000001ed72bb2fc0 GCTaskThread "GC Thread#2" [stack: 0x000000a8aa100000,0x000000a8aa200000] [id=15580]
  0x000001ed7355f730 GCTaskThread "GC Thread#3" [stack: 0x000000a8aa200000,0x000000a8aa300000] [id=15700]
  0x000001ed54593560 ConcurrentGCThread "G1 Main Marker" [stack: 0x000000a8a8f00000,0x000000a8a9000000] [id=12520]
  0x000001ed54593ee0 ConcurrentGCThread "G1 Conc#0" [stack: 0x000000a8a9000000,0x000000a8a9100000] [id=6700]
  0x000001ed54609860 ConcurrentGCThread "G1 Refine#0" [stack: 0x000000a8a9100000,0x000000a8a9200000] [id=964]
  0x000001ed74793ad0 ConcurrentGCThread "G1 Refine#1" [stack: 0x000000a8ab600000,0x000000a8ab700000] [id=17660]
  0x000001ed5460a1f0 ConcurrentGCThread "G1 Service" [stack: 0x000000a8a9200000,0x000000a8a9300000] [id=6128]

Threads with active compile tasks:
C2 CompilerThread0   158304 7602       4       org.objectweb.asm.Frame::execute (2318 bytes)

VM state: not at safepoint (normal execution)

VM Mutex/Monitor currently owned by a thread: None

Heap address: 0x0000000080000000, size: 2048 MB, Compressed Oops mode: 32-bit
CDS archive(s) mapped at: [0x0000000800000000-0x0000000800bb0000-0x0000000800bb0000), size 12255232, SharedBaseAddress: 0x0000000800000000, ArchiveRelocationMode: 0.
Compressed class space mapped at: 0x0000000800c00000-0x000000081a800000, reserved size: 432013312
Narrow klass base: 0x0000000800000000, Narrow klass shift: 3, Narrow klass range: 0x100000000

GC Precious Log:
 CPUs: 4 total, 4 available
 Memory: 8122M
 Large Page Support: Disabled
 NUMA Support: Disabled
 Compressed Oops: Enabled (32-bit)
 Heap Region Size: 1M
 Heap Min Capacity: 8M
 Heap Initial Capacity: 128M
 Heap Max Capacity: 2G
 Pre-touch: Disabled
 Parallel Workers: 4
 Concurrent Workers: 1
 Concurrent Refinement Workers: 4
 Periodic GC: Disabled

Heap:
 garbage-first heap   total 87040K, used 52036K [0x0000000080000000, 0x0000000100000000)
  region size 1024K, 4 young (4096K), 3 survivors (3072K)
 Metaspace       used 59231K, committed 59840K, reserved 479232K
  class space    used 8160K, committed 8448K, reserved 421888K

Heap Regions: E=young(eden), S=young(survivor), O=old, HS=humongous(starts), HC=humongous(continues), CS=collection set, F=free, OA=open archive, CA=closed archive, TAMS=top-at-mark-start (previous, next)
|   0|0x0000000080000000, 0x0000000080100000, 0x0000000080100000|100%| O|  |TAMS 0x0000000080100000, 0x0000000080000000| Untracked 
|   1|0x0000000080100000, 0x0000000080200000, 0x0000000080200000|100%| O|  |TAMS 0x0000000080200000, 0x0000000080100000| Untracked 
|   2|0x0000000080200000, 0x0000000080300000, 0x0000000080300000|100%|HS|  |TAMS 0x0000000080300000, 0x0000000080200000| Complete 
|   3|0x0000000080300000, 0x0000000080400000, 0x0000000080400000|100%|HC|  |TAMS 0x0000000080400000, 0x0000000080300000| Complete 
|   4|0x0000000080400000, 0x0000000080500000, 0x0000000080500000|100%|HC|  |TAMS 0x0000000080500000, 0x0000000080400000| Complete 
|   5|0x0000000080500000, 0x0000000080600000, 0x0000000080600000|100%| O|  |TAMS 0x0000000080600000, 0x0000000080500000| Untracked 
|   6|0x0000000080600000, 0x0000000080700000, 0x0000000080700000|100%| O|  |TAMS 0x0000000080700000, 0x0000000080600000| Untracked 
|   7|0x0000000080700000, 0x0000000080800000, 0x0000000080800000|100%| O|  |TAMS 0x0000000080800000, 0x0000000080700000| Untracked 
|   8|0x0000000080800000, 0x0000000080900000, 0x0000000080900000|100%| O|  |TAMS 0x0000000080900000, 0x0000000080800000| Untracked 
|   9|0x0000000080900000, 0x0000000080a00000, 0x0000000080a00000|100%| O|  |TAMS 0x0000000080a00000, 0x0000000080900000| Untracked 
|  10|0x0000000080a00000, 0x0000000080b00000, 0x0000000080b00000|100%| O|  |TAMS 0x0000000080b00000, 0x0000000080a00000| Untracked 
|  11|0x0000000080b00000, 0x0000000080c00000, 0x0000000080c00000|100%| O|  |TAMS 0x0000000080c00000, 0x0000000080b00000| Untracked 
|  12|0x0000000080c00000, 0x0000000080d00000, 0x0000000080d00000|100%| O|  |TAMS 0x0000000080d00000, 0x0000000080c00000| Untracked 
|  13|0x0000000080d00000, 0x0000000080e00000, 0x0000000080e00000|100%| O|  |TAMS 0x0000000080e00000, 0x0000000080d00000| Untracked 
|  14|0x0000000080e00000, 0x0000000080f00000, 0x0000000080f00000|100%| O|  |TAMS 0x0000000080f00000, 0x0000000080e00000| Untracked 
|  15|0x0000000080f00000, 0x0000000081000000, 0x0000000081000000|100%| O|  |TAMS 0x0000000081000000, 0x0000000080f00000| Untracked 
|  16|0x0000000081000000, 0x0000000081100000, 0x0000000081100000|100%| O|  |TAMS 0x0000000081100000, 0x0000000081000000| Untracked 
|  17|0x0000000081100000, 0x0000000081200000, 0x0000000081200000|100%| O|  |TAMS 0x0000000081200000, 0x0000000081100000| Untracked 
|  18|0x0000000081200000, 0x0000000081249400, 0x0000000081300000| 28%| O|  |TAMS 0x0000000081249400, 0x0000000081200000| Untracked 
|  19|0x0000000081300000, 0x0000000081400000, 0x0000000081400000|100%| O|  |TAMS 0x0000000081400000, 0x0000000081300000| Untracked 
|  20|0x0000000081400000, 0x0000000081500000, 0x0000000081500000|100%| O|  |TAMS 0x0000000081500000, 0x0000000081400000| Untracked 
|  21|0x0000000081500000, 0x0000000081600000, 0x0000000081600000|100%| O|  |TAMS 0x0000000081600000, 0x0000000081500000| Untracked 
|  22|0x0000000081600000, 0x0000000081700000, 0x0000000081700000|100%| O|  |TAMS 0x0000000081700000, 0x0000000081600000| Untracked 
|  23|0x0000000081700000, 0x0000000081800000, 0x0000000081800000|100%| O|  |TAMS 0x0000000081800000, 0x0000000081700000| Untracked 
|  24|0x0000000081800000, 0x0000000081900000, 0x0000000081900000|100%|HS|  |TAMS 0x0000000081900000, 0x0000000081800000| Complete 
|  25|0x0000000081900000, 0x0000000081a00000, 0x0000000081a00000|100%|HC|  |TAMS 0x0000000081a00000, 0x0000000081900000| Complete 
|  26|0x0000000081a00000, 0x0000000081b00000, 0x0000000081b00000|100%| O|  |TAMS 0x0000000081b00000, 0x0000000081a00000| Untracked 
|  27|0x0000000081b00000, 0x0000000081c00000, 0x0000000081c00000|100%| O|  |TAMS 0x0000000081c00000, 0x0000000081b00000| Untracked 
|  28|0x0000000081c00000, 0x0000000081d00000, 0x0000000081d00000|100%| O|  |TAMS 0x0000000081d00000, 0x0000000081c00000| Untracked 
|  29|0x0000000081d00000, 0x0000000081e00000, 0x0000000081e00000|100%| O|  |TAMS 0x0000000081e00000, 0x0000000081d00000| Untracked 
|  30|0x0000000081e00000, 0x0000000081f00000, 0x0000000081f00000|100%| O|  |TAMS 0x0000000081f00000, 0x0000000081e00000| Untracked 
|  31|0x0000000081f00000, 0x0000000082000000, 0x0000000082000000|100%| O|  |TAMS 0x0000000082000000, 0x0000000081f00000| Untracked 
|  32|0x0000000082000000, 0x0000000082100000, 0x0000000082100000|100%| O|  |TAMS 0x0000000082100000, 0x0000000082000000| Untracked 
|  33|0x0000000082100000, 0x0000000082200000, 0x0000000082200000|100%| O|  |TAMS 0x0000000082200000, 0x0000000082100000| Untracked 
|  34|0x0000000082200000, 0x0000000082300000, 0x0000000082300000|100%|HS|  |TAMS 0x0000000082300000, 0x0000000082200000| Complete 
|  35|0x0000000082300000, 0x0000000082400000, 0x0000000082400000|100%|HC|  |TAMS 0x0000000082400000, 0x0000000082300000| Complete 
|  36|0x0000000082400000, 0x0000000082500000, 0x0000000082500000|100%|HC|  |TAMS 0x0000000082500000, 0x0000000082400000| Complete 
|  37|0x0000000082500000, 0x0000000082600000, 0x0000000082600000|100%|HC|  |TAMS 0x0000000082600000, 0x0000000082500000| Complete 
|  38|0x0000000082600000, 0x0000000082700000, 0x0000000082700000|100%| O|  |TAMS 0x0000000082700000, 0x0000000082600000| Untracked 
|  39|0x0000000082700000, 0x0000000082800000, 0x0000000082800000|100%| O|  |TAMS 0x0000000082800000, 0x0000000082700000| Untracked 
|  40|0x0000000082800000, 0x0000000082900000, 0x0000000082900000|100%| O|  |TAMS 0x0000000082900000, 0x0000000082800000| Untracked 
|  41|0x0000000082900000, 0x0000000082a00000, 0x0000000082a00000|100%| O|  |TAMS 0x0000000082a00000, 0x0000000082900000| Untracked 
|  42|0x0000000082a00000, 0x0000000082b00000, 0x0000000082b00000|100%| O|  |TAMS 0x0000000082b00000, 0x0000000082a00000| Untracked 
|  43|0x0000000082b00000, 0x0000000082c00000, 0x0000000082c00000|100%| O|  |TAMS 0x0000000082c00000, 0x0000000082b00000| Untracked 
|  44|0x0000000082c00000, 0x0000000082d00000, 0x0000000082d00000|100%| O|  |TAMS 0x0000000082d00000, 0x0000000082c00000| Untracked 
|  45|0x0000000082d00000, 0x0000000082e00000, 0x0000000082e00000|100%| O|  |TAMS 0x0000000082df2000, 0x0000000082d00000| Untracked 
|  46|0x0000000082e00000, 0x0000000082f00000, 0x0000000082f00000|100%| O|  |TAMS 0x0000000082e00000, 0x0000000082e00000| Untracked 
|  47|0x0000000082f00000, 0x0000000083000000, 0x0000000083000000|100%| O|  |TAMS 0x0000000082f00000, 0x0000000082f00000| Untracked 
|  48|0x0000000083000000, 0x0000000083087c00, 0x0000000083100000| 53%| O|  |TAMS 0x0000000083000000, 0x0000000083000000| Untracked 
|  49|0x0000000083100000, 0x0000000083100000, 0x0000000083200000|  0%| F|  |TAMS 0x0000000083100000, 0x0000000083100000| Untracked 
|  50|0x0000000083200000, 0x0000000083200000, 0x0000000083300000|  0%| F|  |TAMS 0x0000000083200000, 0x0000000083200000| Untracked 
|  51|0x0000000083300000, 0x0000000083300000, 0x0000000083400000|  0%| F|  |TAMS 0x0000000083300000, 0x0000000083300000| Untracked 
|  52|0x0000000083400000, 0x0000000083400000, 0x0000000083500000|  0%| F|  |TAMS 0x0000000083400000, 0x0000000083400000| Untracked 
|  53|0x0000000083500000, 0x0000000083500000, 0x0000000083600000|  0%| F|  |TAMS 0x0000000083500000, 0x0000000083500000| Untracked 
|  54|0x0000000083600000, 0x0000000083600000, 0x0000000083700000|  0%| F|  |TAMS 0x0000000083600000, 0x0000000083600000| Untracked 
|  55|0x0000000083700000, 0x0000000083700000, 0x0000000083800000|  0%| F|  |TAMS 0x0000000083700000, 0x0000000083700000| Untracked 
|  56|0x0000000083800000, 0x0000000083800000, 0x0000000083900000|  0%| F|  |TAMS 0x0000000083800000, 0x0000000083800000| Untracked 
|  57|0x0000000083900000, 0x0000000083900000, 0x0000000083a00000|  0%| F|  |TAMS 0x0000000083900000, 0x0000000083900000| Untracked 
|  58|0x0000000083a00000, 0x0000000083a00000, 0x0000000083b00000|  0%| F|  |TAMS 0x0000000083a00000, 0x0000000083a00000| Untracked 
|  59|0x0000000083b00000, 0x0000000083b00000, 0x0000000083c00000|  0%| F|  |TAMS 0x0000000083b00000, 0x0000000083b00000| Untracked 
|  60|0x0000000083c00000, 0x0000000083c00000, 0x0000000083d00000|  0%| F|  |TAMS 0x0000000083c00000, 0x0000000083c00000| Untracked 
|  61|0x0000000083d00000, 0x0000000083d00000, 0x0000000083e00000|  0%| F|  |TAMS 0x0000000083d00000, 0x0000000083d00000| Untracked 
|  62|0x0000000083e00000, 0x0000000083e00000, 0x0000000083f00000|  0%| F|  |TAMS 0x0000000083e00000, 0x0000000083e00000| Untracked 
|  63|0x0000000083f00000, 0x0000000084000000, 0x0000000084000000|100%| S|CS|TAMS 0x0000000083f00000, 0x0000000083f00000| Complete 
|  64|0x0000000084000000, 0x0000000084100000, 0x0000000084100000|100%| S|CS|TAMS 0x0000000084000000, 0x0000000084000000| Complete 
|  65|0x0000000084100000, 0x0000000084200000, 0x0000000084200000|100%| S|CS|TAMS 0x0000000084100000, 0x0000000084100000| Complete 
|  66|0x0000000084200000, 0x0000000084200000, 0x0000000084300000|  0%| F|  |TAMS 0x0000000084200000, 0x0000000084200000| Untracked 
|  67|0x0000000084300000, 0x0000000084300000, 0x0000000084400000|  0%| F|  |TAMS 0x0000000084300000, 0x0000000084300000| Untracked 
|  68|0x0000000084400000, 0x0000000084400000, 0x0000000084500000|  0%| F|  |TAMS 0x0000000084400000, 0x0000000084400000| Untracked 
|  69|0x0000000084500000, 0x0000000084500000, 0x0000000084600000|  0%| F|  |TAMS 0x0000000084500000, 0x0000000084500000| Untracked 
|  70|0x0000000084600000, 0x0000000084600000, 0x0000000084700000|  0%| F|  |TAMS 0x0000000084600000, 0x0000000084600000| Untracked 
|  71|0x0000000084700000, 0x0000000084700000, 0x0000000084800000|  0%| F|  |TAMS 0x0000000084700000, 0x0000000084700000| Untracked 
|  72|0x0000000084800000, 0x0000000084800000, 0x0000000084900000|  0%| F|  |TAMS 0x0000000084800000, 0x0000000084800000| Untracked 
|  73|0x0000000084900000, 0x0000000084900000, 0x0000000084a00000|  0%| F|  |TAMS 0x0000000084900000, 0x0000000084900000| Untracked 
|  74|0x0000000084a00000, 0x0000000084a00000, 0x0000000084b00000|  0%| F|  |TAMS 0x0000000084a00000, 0x0000000084a00000| Untracked 
|  75|0x0000000084b00000, 0x0000000084b00000, 0x0000000084c00000|  0%| F|  |TAMS 0x0000000084b00000, 0x0000000084b00000| Untracked 
|  76|0x0000000084c00000, 0x0000000084c00000, 0x0000000084d00000|  0%| F|  |TAMS 0x0000000084c00000, 0x0000000084c00000| Untracked 
|  77|0x0000000084d00000, 0x0000000084d00000, 0x0000000084e00000|  0%| F|  |TAMS 0x0000000084d00000, 0x0000000084d00000| Untracked 
|  78|0x0000000084e00000, 0x0000000084e00000, 0x0000000084f00000|  0%| F|  |TAMS 0x0000000084e00000, 0x0000000084e00000| Untracked 
|  79|0x0000000084f00000, 0x0000000084f00000, 0x0000000085000000|  0%| F|  |TAMS 0x0000000084f00000, 0x0000000084f00000| Untracked 
|  80|0x0000000085000000, 0x0000000085000000, 0x0000000085100000|  0%| F|  |TAMS 0x0000000085000000, 0x0000000085000000| Untracked 
|  81|0x0000000085100000, 0x0000000085100000, 0x0000000085200000|  0%| F|  |TAMS 0x0000000085100000, 0x0000000085100000| Untracked 
|  82|0x0000000085200000, 0x0000000085200000, 0x0000000085300000|  0%| F|  |TAMS 0x0000000085200000, 0x0000000085200000| Untracked 
|  93|0x0000000085d00000, 0x0000000085d00000, 0x0000000085e00000|  0%| F|  |TAMS 0x0000000085d00000, 0x0000000085d00000| Untracked 
|  94|0x0000000085e00000, 0x0000000085e79360, 0x0000000085f00000| 47%| E|  |TAMS 0x0000000085e00000, 0x0000000085e00000| Complete 

Card table byte_map: [0x000001ed6b0b0000,0x000001ed6b4b0000] _byte_map_base: 0x000001ed6acb0000

Marking Bits (Prev, Next): (CMBitMap*) 0x000001ed54582bd0, (CMBitMap*) 0x000001ed54582b90
 Prev Bits: [0x000001ed6d8b0000, 0x000001ed6f8b0000)
 Next Bits: [0x000001ed6b8b0000, 0x000001ed6d8b0000)

Polling page: 0x000001ed52460000

Metaspace:

Usage:
  Non-class:     49.87 MB used.
      Class:      7.97 MB used.
       Both:     57.84 MB used.

Virtual space:
  Non-class space:       56.00 MB reserved,      50.19 MB ( 90%) committed,  7 nodes.
      Class space:      412.00 MB reserved,       8.25 MB (  2%) committed,  1 nodes.
              Both:      468.00 MB reserved,      58.44 MB ( 12%) committed. 

Chunk freelists:
   Non-Class:  1.70 MB
       Class:  3.64 MB
        Both:  5.34 MB

MaxMetaspaceSize: 512.00 MB
CompressedClassSpaceSize: 412.00 MB
 - commit_granule_bytes: 65536.
 - commit_granule_words: 8192.
 - virtual_space_node_default_size: 1048576.
 - enlarge_chunks_in_place: 1.
 - new_chunks_are_fully_committed: 0.
 - uncommit_free_chunks: 1.
 - use_allocation_guard: 0.
 - handle_deallocations: 1.


Internal statistics:

num_allocs_failed_limit: 6.
num_arena_births: 708.
num_arena_deaths: 0.
num_vsnodes_births: 8.
num_vsnodes_deaths: 0.
num_space_committed: 935.
num_space_uncommitted: 0.
num_chunks_returned_to_freelist: 6.
num_chunks_taken_from_freelist: 3075.
num_chunk_merges: 6.
num_chunk_splits: 2040.
num_chunks_enlarged: 1388.
num_purges: 0.

CodeHeap 'non-profiled nmethods': size=120000Kb used=4017Kb max_used=4017Kb free=115982Kb
 bounds [0x000001ed63780000, 0x000001ed63b70000, 0x000001ed6acb0000]
CodeHeap 'profiled nmethods': size=120000Kb used=13148Kb max_used=13148Kb free=106851Kb
 bounds [0x000001ed5c250000, 0x000001ed5cf30000, 0x000001ed63780000]
CodeHeap 'non-nmethods': size=5760Kb used=2370Kb max_used=2445Kb free=3389Kb
 bounds [0x000001ed5bcb0000, 0x000001ed5bf30000, 0x000001ed5c250000]
 total_blobs=7635 nmethods=6741 adapters=806
 compilation: enabled
              stopped_count=0, restarted_count=0
 full_count=0

Compilation events (20 events):
Event: 158.048 Thread 0x000001ed71d9fd40 nmethod 7600 0x000001ed5cf24990 code [0x000001ed5cf24b20, 0x000001ed5cf24c38]
Event: 158.053 Thread 0x000001ed71d394e0 7601       4       org.objectweb.asm.Type::getType (122 bytes)
Event: 158.086 Thread 0x000001ed71d9fd40 7603       1       org.gradle.internal.logging.events.ProgressStartEvent::getProgressOperationId (5 bytes)
Event: 158.086 Thread 0x000001ed71d9fd40 nmethod 7603 0x000001ed63b68510 code [0x000001ed63b686a0, 0x000001ed63b68778]
Event: 158.094 Thread 0x000001ed71d9fd40 7604   !   3       org.gradle.internal.resources.DefaultResourceLockCoordinationService::getCurrent (33 bytes)
Event: 158.094 Thread 0x000001ed71d9fd40 nmethod 7604 0x000001ed5cf24d10 code [0x000001ed5cf24ec0, 0x000001ed5cf25178]
Event: 158.167 Thread 0x000001ed71d9fd40 7606       3       java.lang.invoke.InvokerBytecodeGenerator::lookupPregenerated (297 bytes)
Event: 158.169 Thread 0x000001ed71d9fd40 nmethod 7606 0x000001ed5cf25290 code [0x000001ed5cf25640, 0x000001ed5cf26ce8]
Event: 158.174 Thread 0x000001ed71d9fd40 7608       1       org.gradle.api.internal.tasks.properties.AbstractPropertySpec::getPropertyName (5 bytes)
Event: 158.175 Thread 0x000001ed71d9fd40 nmethod 7608 0x000001ed63b68e10 code [0x000001ed63b68fa0, 0x000001ed63b69078]
Event: 158.187 Thread 0x000001ed71d394e0 nmethod 7601 0x000001ed63b69110 code [0x000001ed63b693c0, 0x000001ed63b6b370]
Event: 158.187 Thread 0x000001ed71d394e0 7602       4       org.objectweb.asm.Frame::execute (2318 bytes)
Event: 158.189 Thread 0x000001ed71d9fd40 7611       3       org.gradle.internal.typeconversion.NotationConverterToNotationParserAdapter::parseNotation (41 bytes)
Event: 158.190 Thread 0x000001ed71d9fd40 nmethod 7611 0x000001ed5cf27390 code [0x000001ed5cf27580, 0x000001ed5cf27a38]
Event: 158.190 Thread 0x000001ed71d9fd40 7612       3       org.gradle.internal.typeconversion.NotationConverterToNotationParserAdapter$ResultImpl::<init> (5 bytes)
Event: 158.190 Thread 0x000001ed71d9fd40 nmethod 7612 0x000001ed5cf27c10 code [0x000001ed5cf27dc0, 0x000001ed5cf27f78]
Event: 158.190 Thread 0x000001ed71d9fd40 7613       3       org.gradle.internal.typeconversion.NotationConverterToNotationParserAdapter$ResultImpl::converted (11 bytes)
Event: 158.190 Thread 0x000001ed71d9fd40 nmethod 7613 0x000001ed5cf28090 code [0x000001ed5cf28220, 0x000001ed5cf28378]
Event: 158.190 Thread 0x000001ed71d9fd40 7614       1       org.gradle.api.internal.file.FileCollectionStructureVisitor::startVisit (2 bytes)
Event: 158.190 Thread 0x000001ed71d9fd40 nmethod 7614 0x000001ed63b6c190 code [0x000001ed63b6c320, 0x000001ed63b6c3f8]

GC Heap History (20 events):
Event: 126.134 GC heap before
{Heap before GC invocations=14 (full 0):
 garbage-first heap   total 71680K, used 53914K [0x0000000080000000, 0x0000000100000000)
  region size 1024K, 23 young (23552K), 3 survivors (3072K)
 Metaspace       used 42371K, committed 42880K, reserved 462848K
  class space    used 5808K, committed 6016K, reserved 421888K
}
Event: 126.146 GC heap after
{Heap after GC invocations=15 (full 0):
 garbage-first heap   total 71680K, used 35914K [0x0000000080000000, 0x0000000100000000)
  region size 1024K, 3 young (3072K), 3 survivors (3072K)
 Metaspace       used 42371K, committed 42880K, reserved 462848K
  class space    used 5808K, committed 6016K, reserved 421888K
}
Event: 129.043 GC heap before
{Heap before GC invocations=16 (full 0):
 garbage-first heap   total 71680K, used 61514K [0x0000000080000000, 0x0000000100000000)
  region size 1024K, 24 young (24576K), 3 survivors (3072K)
 Metaspace       used 45464K, committed 46080K, reserved 462848K
  class space    used 6206K, committed 6528K, reserved 421888K
}
Event: 129.053 GC heap after
{Heap after GC invocations=17 (full 0):
 garbage-first heap   total 71680K, used 42508K [0x0000000080000000, 0x0000000100000000)
  region size 1024K, 3 young (3072K), 3 survivors (3072K)
 Metaspace       used 45464K, committed 46080K, reserved 462848K
  class space    used 6206K, committed 6528K, reserved 421888K
}
Event: 132.955 GC heap before
{Heap before GC invocations=17 (full 0):
 garbage-first heap   total 71680K, used 58892K [0x0000000080000000, 0x0000000100000000)
  region size 1024K, 19 young (19456K), 3 survivors (3072K)
 Metaspace       used 47297K, committed 47872K, reserved 471040K
  class space    used 6518K, committed 6784K, reserved 421888K
}
Event: 132.965 GC heap after
{Heap after GC invocations=18 (full 0):
 garbage-first heap   total 71680K, used 43595K [0x0000000080000000, 0x0000000100000000)
  region size 1024K, 1 young (1024K), 1 survivors (1024K)
 Metaspace       used 47297K, committed 47872K, reserved 471040K
  class space    used 6518K, committed 6784K, reserved 421888K
}
Event: 134.706 GC heap before
{Heap before GC invocations=19 (full 0):
 garbage-first heap   total 78848K, used 58955K [0x0000000080000000, 0x0000000100000000)
  region size 1024K, 16 young (16384K), 1 survivors (1024K)
 Metaspace       used 48985K, committed 49600K, reserved 471040K
  class space    used 6759K, committed 7040K, reserved 421888K
}
Event: 134.713 GC heap after
{Heap after GC invocations=20 (full 0):
 garbage-first heap   total 78848K, used 44209K [0x0000000080000000, 0x0000000100000000)
  region size 1024K, 2 young (2048K), 2 survivors (2048K)
 Metaspace       used 48985K, committed 49600K, reserved 471040K
  class space    used 6759K, committed 7040K, reserved 421888K
}
Event: 138.044 GC heap before
{Heap before GC invocations=20 (full 0):
 garbage-first heap   total 78848K, used 63665K [0x0000000080000000, 0x0000000100000000)
  region size 1024K, 21 young (21504K), 2 survivors (2048K)
 Metaspace       used 51283K, committed 51840K, reserved 471040K
  class space    used 7084K, committed 7360K, reserved 421888K
}
Event: 138.052 GC heap after
{Heap after GC invocations=21 (full 0):
 garbage-first heap   total 78848K, used 45252K [0x0000000080000000, 0x0000000100000000)
  region size 1024K, 3 young (3072K), 3 survivors (3072K)
 Metaspace       used 51283K, committed 51840K, reserved 471040K
  class space    used 7084K, committed 7360K, reserved 421888K
}
Event: 141.042 GC heap before
{Heap before GC invocations=22 (full 0):
 garbage-first heap   total 80896K, used 64708K [0x0000000080000000, 0x0000000100000000)
  region size 1024K, 22 young (22528K), 3 survivors (3072K)
 Metaspace       used 53869K, committed 54400K, reserved 471040K
  class space    used 7408K, committed 7680K, reserved 421888K
}
Event: 141.050 GC heap after
{Heap after GC invocations=23 (full 0):
 garbage-first heap   total 80896K, used 46299K [0x0000000080000000, 0x0000000100000000)
  region size 1024K, 3 young (3072K), 3 survivors (3072K)
 Metaspace       used 53869K, committed 54400K, reserved 471040K
  class space    used 7408K, committed 7680K, reserved 421888K
}
Event: 143.576 GC heap before
{Heap before GC invocations=23 (full 0):
 garbage-first heap   total 80896K, used 65755K [0x0000000080000000, 0x0000000100000000)
  region size 1024K, 23 young (23552K), 3 survivors (3072K)
 Metaspace       used 55229K, committed 55808K, reserved 471040K
  class space    used 7561K, committed 7872K, reserved 421888K
}
Event: 143.584 GC heap after
{Heap after GC invocations=24 (full 0):
 garbage-first heap   total 80896K, used 47545K [0x0000000080000000, 0x0000000100000000)
  region size 1024K, 3 young (3072K), 3 survivors (3072K)
 Metaspace       used 55229K, committed 55808K, reserved 471040K
  class space    used 7561K, committed 7872K, reserved 421888K
}
Event: 148.685 GC heap before
{Heap before GC invocations=25 (full 0):
 garbage-first heap   total 83968K, used 65977K [0x0000000080000000, 0x0000000100000000)
  region size 1024K, 21 young (21504K), 3 survivors (3072K)
 Metaspace       used 56526K, committed 57152K, reserved 479232K
  class space    used 7759K, committed 8064K, reserved 421888K
}
Event: 148.694 GC heap after
{Heap after GC invocations=26 (full 0):
 garbage-first heap   total 83968K, used 48986K [0x0000000080000000, 0x0000000100000000)
  region size 1024K, 3 young (3072K), 3 survivors (3072K)
 Metaspace       used 56526K, committed 57152K, reserved 479232K
  class space    used 7759K, committed 8064K, reserved 421888K
}
Event: 152.341 GC heap before
{Heap before GC invocations=26 (full 0):
 garbage-first heap   total 83968K, used 68442K [0x0000000080000000, 0x0000000100000000)
  region size 1024K, 22 young (22528K), 3 survivors (3072K)
 Metaspace       used 57941K, committed 58560K, reserved 479232K
  class space    used 7985K, committed 8320K, reserved 421888K
}
Event: 152.348 GC heap after
{Heap after GC invocations=27 (full 0):
 garbage-first heap   total 83968K, used 50127K [0x0000000080000000, 0x0000000100000000)
  region size 1024K, 3 young (3072K), 3 survivors (3072K)
 Metaspace       used 57941K, committed 58560K, reserved 479232K
  class space    used 7985K, committed 8320K, reserved 421888K
}
Event: 158.176 GC heap before
{Heap before GC invocations=28 (full 0):
 garbage-first heap   total 87040K, used 69583K [0x0000000080000000, 0x0000000100000000)
  region size 1024K, 22 young (22528K), 3 survivors (3072K)
 Metaspace       used 59166K, committed 59776K, reserved 479232K
  class space    used 8145K, committed 8448K, reserved 421888K
}
Event: 158.187 GC heap after
{Heap after GC invocations=29 (full 0):
 garbage-first heap   total 87040K, used 52036K [0x0000000080000000, 0x0000000100000000)
  region size 1024K, 3 young (3072K), 3 survivors (3072K)
 Metaspace       used 59166K, committed 59776K, reserved 479232K
  class space    used 8145K, committed 8448K, reserved 421888K
}

Deoptimization events (20 events):
Event: 158.172 Thread 0x000001ed748a0f20 Uncommon trap: trap_request=0xffffffc6 fr.pc=0x000001ed63b5d0f4 relative=0x0000000000000334
Event: 158.172 Thread 0x000001ed748a0f20 Uncommon trap: reason=bimorphic_or_optimized_type_check action=maybe_recompile pc=0x000001ed63b5d0f4 method=com.google.common.collect.NaturalOrdering.compare(Ljava/lang/Comparable;Ljava/lang/Comparable;)I @ 12 c2
Event: 158.173 Thread 0x000001ed748a0f20 DEOPT PACKING pc=0x000001ed63b5d0f4 sp=0x000000a8adcfd030
Event: 158.173 Thread 0x000001ed748a0f20 DEOPT UNPACKING pc=0x000001ed5bcfd72e sp=0x000000a8adcfcf40 mode 2
Event: 158.173 Thread 0x000001ed748a0f20 Uncommon trap: trap_request=0xffffffc6 fr.pc=0x000001ed63b5d0f4 relative=0x0000000000000334
Event: 158.173 Thread 0x000001ed748a0f20 Uncommon trap: reason=bimorphic_or_optimized_type_check action=maybe_recompile pc=0x000001ed63b5d0f4 method=com.google.common.collect.NaturalOrdering.compare(Ljava/lang/Comparable;Ljava/lang/Comparable;)I @ 12 c2
Event: 158.173 Thread 0x000001ed748a0f20 DEOPT PACKING pc=0x000001ed63b5d0f4 sp=0x000000a8adcfd030
Event: 158.173 Thread 0x000001ed748a0f20 DEOPT UNPACKING pc=0x000001ed5bcfd72e sp=0x000000a8adcfcf40 mode 2
Event: 158.173 Thread 0x000001ed748a0f20 Uncommon trap: trap_request=0xffffffc6 fr.pc=0x000001ed63b5d0f4 relative=0x0000000000000334
Event: 158.173 Thread 0x000001ed748a0f20 Uncommon trap: reason=bimorphic_or_optimized_type_check action=maybe_recompile pc=0x000001ed63b5d0f4 method=com.google.common.collect.NaturalOrdering.compare(Ljava/lang/Comparable;Ljava/lang/Comparable;)I @ 12 c2
Event: 158.173 Thread 0x000001ed748a0f20 DEOPT PACKING pc=0x000001ed63b5d0f4 sp=0x000000a8adcfd030
Event: 158.173 Thread 0x000001ed748a0f20 DEOPT UNPACKING pc=0x000001ed5bcfd72e sp=0x000000a8adcfcf40 mode 2
Event: 158.173 Thread 0x000001ed748a0f20 Uncommon trap: trap_request=0xffffffc6 fr.pc=0x000001ed63b5d0f4 relative=0x0000000000000334
Event: 158.173 Thread 0x000001ed748a0f20 Uncommon trap: reason=bimorphic_or_optimized_type_check action=maybe_recompile pc=0x000001ed63b5d0f4 method=com.google.common.collect.NaturalOrdering.compare(Ljava/lang/Comparable;Ljava/lang/Comparable;)I @ 12 c2
Event: 158.173 Thread 0x000001ed748a0f20 DEOPT PACKING pc=0x000001ed63b5d0f4 sp=0x000000a8adcfd1c0
Event: 158.173 Thread 0x000001ed748a0f20 DEOPT UNPACKING pc=0x000001ed5bcfd72e sp=0x000000a8adcfd0d0 mode 2
Event: 158.195 Thread 0x000001ed748a0f20 Uncommon trap: trap_request=0xffffffde fr.pc=0x000001ed63879d74 relative=0x0000000000000514
Event: 158.195 Thread 0x000001ed748a0f20 Uncommon trap: reason=class_check action=maybe_recompile pc=0x000001ed63879d74 method=java.util.Collections$SetFromMap.remove(Ljava/lang/Object;)Z @ 5 c2
Event: 158.195 Thread 0x000001ed748a0f20 DEOPT PACKING pc=0x000001ed63879d74 sp=0x000000a8adcfdb80
Event: 158.195 Thread 0x000001ed748a0f20 DEOPT UNPACKING pc=0x000001ed5bcfd72e sp=0x000000a8adcfdb68 mode 2

Classes unloaded (0 events):
No events

Classes redefined (0 events):
No events

Internal exceptions (20 events):
Event: 148.158 Thread 0x000001ed71d9a010 Exception <a 'java/lang/ClassNotFoundException'{0x00000000844dc870}: org/gradle/api/internal/artifacts/DefaultArtifactRepositoryContainerBeanInfo> (0x00000000844dc870) 
thrown [t:\workspace\open\src\hotspot\share\classfile\systemDictionary.cpp, line 256]
Event: 148.160 Thread 0x000001ed71d9a010 Exception <a 'java/lang/ClassNotFoundException'{0x00000000844f1428}: org/gradle/api/internal/DefaultNamedDomainObjectListBeanInfo> (0x00000000844f1428) 
thrown [t:\workspace\open\src\hotspot\share\classfile\systemDictionary.cpp, line 256]
Event: 148.163 Thread 0x000001ed71d9a010 Exception <a 'java/lang/ClassNotFoundException'{0x0000000084306b80}: org/gradle/api/internal/DefaultNamedDomainObjectCollectionBeanInfo> (0x0000000084306b80) 
thrown [t:\workspace\open\src\hotspot\share\classfile\systemDictionary.cpp, line 256]
Event: 148.292 Thread 0x000001ed71d9a010 Exception <a 'java/lang/ClassNotFoundException'{0x000000008431b9e0}: org/gradle/api/internal/DefaultDomainObjectCollectionBeanInfo> (0x000000008431b9e0) 
thrown [t:\workspace\open\src\hotspot\share\classfile\systemDictionary.cpp, line 256]
Event: 148.294 Thread 0x000001ed71d9a010 Exception <a 'java/lang/ClassNotFoundException'{0x0000000084330978}: org/gradle/api/internal/DefaultDomainObjectCollectionCustomizer> (0x0000000084330978) 
thrown [t:\workspace\open\src\hotspot\share\classfile\systemDictionary.cpp, line 256]
Event: 148.301 Thread 0x000001ed71d9a010 Exception <a 'java/lang/ClassNotFoundException'{0x0000000084368328}: org/gradle/api/internal/DefaultNamedDomainObjectCollectionCustomizer> (0x0000000084368328) 
thrown [t:\workspace\open\src\hotspot\share\classfile\systemDictionary.cpp, line 256]
Event: 148.305 Thread 0x000001ed71d9a010 Exception <a 'java/lang/ClassNotFoundException'{0x00000000843a43d8}: org/gradle/api/internal/DefaultNamedDomainObjectListCustomizer> (0x00000000843a43d8) 
thrown [t:\workspace\open\src\hotspot\share\classfile\systemDictionary.cpp, line 256]
Event: 148.308 Thread 0x000001ed71d9a010 Exception <a 'java/lang/ClassNotFoundException'{0x00000000843d6340}: org/gradle/api/internal/artifacts/DefaultArtifactRepositoryContainerCustomizer> (0x00000000843d6340) 
thrown [t:\workspace\open\src\hotspot\share\classfile\systemDictionary.cpp, line 256]
Event: 148.311 Thread 0x000001ed71d9a010 Exception <a 'java/lang/ClassNotFoundException'{0x0000000084200b30}: org/gradle/api/internal/artifacts/dsl/DefaultRepositoryHandlerCustomizer> (0x0000000084200b30) 
thrown [t:\workspace\open\src\hotspot\share\classfile\systemDictionary.cpp, line 256]
Event: 148.315 Thread 0x000001ed71d9a010 Exception <a 'java/lang/ClassNotFoundException'{0x0000000084237bd8}: org/gradle/api/internal/artifacts/dsl/DefaultRepositoryHandler_DecoratedCustomizer> (0x0000000084237bd8) 
thrown [t:\workspace\open\src\hotspot\share\classfile\systemDictionary.cpp, line 256]
Event: 148.484 Thread 0x000001ed71d9a010 Exception <a 'java/lang/ClassNotFoundException'{0x00000000842c88b0}: org/gradle/api/internal/artifacts/dsl/dependencies/DefaultDependencyHandler_DecoratedBeanInfo> (0x00000000842c88b0) 
thrown [t:\workspace\open\src\hotspot\share\classfile\systemDictionary.cpp, line 256]
Event: 148.487 Thread 0x000001ed71d9a010 Exception <a 'java/lang/ClassNotFoundException'{0x00000000842e0778}: org/gradle/api/internal/artifacts/dsl/dependencies/DefaultDependencyHandlerBeanInfo> (0x00000000842e0778) 
thrown [t:\workspace\open\src\hotspot\share\classfile\systemDictionary.cpp, line 256]
Event: 148.488 Thread 0x000001ed71d9a010 Exception <a 'java/lang/ClassNotFoundException'{0x00000000842f7b60}: org/gradle/api/internal/artifacts/dsl/dependencies/DefaultDependencyHandlerCustomizer> (0x00000000842f7b60) 
thrown [t:\workspace\open\src\hotspot\share\classfile\systemDictionary.cpp, line 256]
Event: 148.493 Thread 0x000001ed71d9a010 Exception <a 'java/lang/ClassNotFoundException'{0x000000008413b3d0}: org/gradle/api/internal/artifacts/dsl/dependencies/DefaultDependencyHandler_DecoratedCustomizer> (0x000000008413b3d0) 
thrown [t:\workspace\open\src\hotspot\share\classfile\systemDictionary.cpp, line 256]
Event: 155.185 Thread 0x000001ed71d9a010 Exception <a 'java/lang/NoSuchMethodError'{0x0000000084f783d0}: 'java.lang.Object java.lang.invoke.DirectMethodHandle$Holder.invokeSpecial(java.lang.Object, java.lang.Object, java.lang.Object, java.lang.Object, java.lang.Object, java.lang.Object, java.lang.Object, java.lang.Object, java.lang.Object, java.lang.Object, java.lang.Object)'> (0x0000000084f783d0) 
thrown [t:\workspace\open\src\hotspot\share\interpreter\linkResolver.cpp, line 790]
Event: 155.186 Thread 0x000001ed71d9a010 Exception <a 'java/lang/NoSuchMethodError'{0x0000000084f86b78}: 'java.lang.Object java.lang.invoke.DirectMethodHandle$Holder.newInvokeSpecial(java.lang.Object, java.lang.Object, java.lang.Object, java.lang.Object, java.lang.Object, java.lang.Object, java.lang.Object, java.lang.Object, java.lang.Object, java.lang.Object)'> (0x0000000084f86b78) 
thrown [t:\workspace\open\src\hotspot\share\interpreter\linkResolver.cpp, line 790]
Event: 155.187 Thread 0x000001ed71d9a010 Exception <a 'java/lang/NoSuchMethodError'{0x0000000084f8ceb0}: 'java.lang.Object java.lang.invoke.Invokers$Holder.linkToTargetMethod(java.lang.Object, java.lang.Object, java.lang.Object, java.lang.Object, java.lang.Object, java.lang.Object, java.lang.Object, java.lang.Object, java.lang.Object, java.lang.Object)'> (0x0000000084f8ceb0) 
thrown [t:\workspace\open\src\hotspot\share\interpreter\linkResolver.cpp, line 790]
Event: 158.167 Thread 0x000001ed748a0f20 Exception <a 'java/lang/NoSuchMethodError'{0x00000000842d9c38}: 'java.lang.Object java.lang.invoke.DirectMethodHandle$Holder.newInvokeSpecial(java.lang.Object, java.lang.Object, java.lang.Object, java.lang.Object, int, java.lang.Object)'> (0x00000000842d9c38) 
thrown [t:\workspace\open\src\hotspot\share\interpreter\linkResolver.cpp, line 790]
Event: 158.167 Thread 0x000001ed748a0f20 Exception <a 'java/lang/NoSuchMethodError'{0x00000000842de090}: 'java.lang.Object java.lang.invoke.Invokers$Holder.linkToTargetMethod(java.lang.Object, java.lang.Object, java.lang.Object, int, java.lang.Object, java.lang.Object)'> (0x00000000842de090) 
thrown [t:\workspace\open\src\hotspot\share\interpreter\linkResolver.cpp, line 790]
Event: 158.201 Thread 0x000001ed748a0f20 Exception <a 'java/lang/NoSuchMethodError'{0x0000000085e48928}: 'void java.lang.invoke.DirectMethodHandle$Holder.invokeInterface(java.lang.Object, java.lang.Object, java.lang.Object, java.lang.Object)'> (0x0000000085e48928) 
thrown [t:\workspace\open\src\hotspot\share\interpreter\linkResolver.cpp, line 790]

Events (20 events):
Event: 152.534 Executing  VM operation: G1Concurrent done
Event: 153.539 Executing  VM operation: Cleanup
Event: 153.539 Executing  VM operation: Cleanup done
Event: 154.544 Executing  VM operation: Cleanup
Event: 154.544 Executing  VM operation: Cleanup done
Event: 155.550 Executing  VM operation: Cleanup
Event: 155.550 Executing  VM operation: Cleanup done
Event: 156.057 Executing  VM operation: ICBufferFull
Event: 156.058 Executing  VM operation: ICBufferFull done
Event: 157.060 Executing  VM operation: Cleanup
Event: 157.062 Executing  VM operation: Cleanup done
Event: 158.060 Thread 0x000001ed748a0f20 Thread added: 0x000001ed748a0f20
Event: 158.066 Executing  VM operation: Cleanup
Event: 158.084 Executing  VM operation: Cleanup done
Event: 158.092 Thread 0x000001ed748a19c0 Thread added: 0x000001ed748a19c0
Event: 158.092 Thread 0x000001ed748a2460 Thread added: 0x000001ed748a2460
Event: 158.093 Thread 0x000001ed748a2f00 Thread added: 0x000001ed748a2f00
Event: 158.176 Executing  VM operation: G1CollectForAllocation
Event: 158.187 Executing  VM operation: G1CollectForAllocation done
Event: 158.205 Thread 0x000001ed748a3ef0 Thread added: 0x000001ed748a3ef0


Dynamic libraries:
0x00007ff723d70000 - 0x00007ff723d7e000 	C:\Program Files\Java\jdk-16\bin\java.exe
0x00007ffa1eab0000 - 0x00007ffa1eca8000 	C:\WINDOWS\SYSTEM32\ntdll.dll
0x00007ffa1e1f0000 - 0x00007ffa1e2ad000 	C:\WINDOWS\System32\KERNEL32.DLL
0x00007ffa1c490000 - 0x00007ffa1c786000 	C:\WINDOWS\System32\KERNELBASE.dll
0x00007ffa1c230000 - 0x00007ffa1c330000 	C:\WINDOWS\System32\ucrtbase.dll
0x00007ffa14660000 - 0x00007ffa14678000 	C:\Program Files\Java\jdk-16\bin\jli.dll
0x00007ffa1ccc0000 - 0x00007ffa1ce5e000 	C:\WINDOWS\System32\USER32.dll
0x00007ffa1c200000 - 0x00007ffa1c222000 	C:\WINDOWS\System32\win32u.dll
0x00007ffa1d2f0000 - 0x00007ffa1d31c000 	C:\WINDOWS\System32\GDI32.dll
0x00007ffa1c9f0000 - 0x00007ffa1cb0a000 	C:\WINDOWS\System32\gdi32full.dll
0x00007ffa1c890000 - 0x00007ffa1c92d000 	C:\WINDOWS\System32\msvcp_win.dll
0x00007ffa13d40000 - 0x00007ffa13d59000 	C:\Program Files\Java\jdk-16\bin\VCRUNTIME140.dll
0x00007ffa0b740000 - 0x00007ffa0b9da000 	C:\WINDOWS\WinSxS\amd64_microsoft.windows.common-controls_6595b64144ccf1df_6.0.19041.3636_none_60b6a03d71f818d5\COMCTL32.dll
0x00007ffa1cf90000 - 0x00007ffa1d02e000 	C:\WINDOWS\System32\msvcrt.dll
0x00007ffa1d1e0000 - 0x00007ffa1d210000 	C:\WINDOWS\System32\IMM32.DLL
0x00007ffa18030000 - 0x00007ffa1803c000 	C:\Program Files\Java\jdk-16\bin\vcruntime140_1.dll
0x00007ffa03ef0000 - 0x00007ffa03f81000 	C:\Program Files\Java\jdk-16\bin\msvcp140.dll
0x00007ff9eb280000 - 0x00007ff9ebe2b000 	C:\Program Files\Java\jdk-16\bin\server\jvm.dll
0x00007ffa1d9a0000 - 0x00007ffa1da4f000 	C:\WINDOWS\System32\ADVAPI32.dll
0x00007ffa1e020000 - 0x00007ffa1e0bc000 	C:\WINDOWS\System32\sechost.dll
0x00007ffa1ce60000 - 0x00007ffa1cf86000 	C:\WINDOWS\System32\RPCRT4.dll
0x00007ffa1d320000 - 0x00007ffa1d328000 	C:\WINDOWS\System32\PSAPI.DLL
0x00007ffa16820000 - 0x00007ffa16829000 	C:\WINDOWS\SYSTEM32\WSOCK32.dll
0x00007ffa1ea00000 - 0x00007ffa1ea6b000 	C:\WINDOWS\System32\WS2_32.dll
0x00007ffa08a00000 - 0x00007ffa08a27000 	C:\WINDOWS\SYSTEM32\WINMM.dll
0x00007ffa15790000 - 0x00007ffa1579a000 	C:\WINDOWS\SYSTEM32\VERSION.dll
0x00007ffa1a050000 - 0x00007ffa1a062000 	C:\WINDOWS\SYSTEM32\kernel.appcore.dll
0x00007ffa16f80000 - 0x00007ffa16f8a000 	C:\Program Files\Java\jdk-16\bin\jimage.dll
0x00007ff9fe0b0000 - 0x00007ff9fe294000 	C:\WINDOWS\SYSTEM32\DBGHELP.DLL
0x00007ff9fe070000 - 0x00007ff9fe0a4000 	C:\WINDOWS\SYSTEM32\dbgcore.DLL
0x00007ffa1c960000 - 0x00007ffa1c9e2000 	C:\WINDOWS\System32\bcryptPrimitives.dll
0x00007ffa13220000 - 0x00007ffa13245000 	C:\Program Files\Java\jdk-16\bin\java.dll
0x00007ffa1e2b0000 - 0x00007ffa1e9f4000 	C:\WINDOWS\System32\SHELL32.dll
0x00007ffa1a250000 - 0x00007ffa1a9eb000 	C:\WINDOWS\SYSTEM32\windows.storage.dll
0x00007ffa1d450000 - 0x00007ffa1d7a4000 	C:\WINDOWS\System32\combase.dll
0x00007ffa1bbd0000 - 0x00007ffa1bbfd000 	C:\WINDOWS\SYSTEM32\Wldp.dll
0x00007ffa1da50000 - 0x00007ffa1dafd000 	C:\WINDOWS\System32\SHCORE.dll
0x00007ffa1cb10000 - 0x00007ffa1cb65000 	C:\WINDOWS\System32\shlwapi.dll
0x00007ffa1c0c0000 - 0x00007ffa1c0e5000 	C:\WINDOWS\SYSTEM32\profapi.dll
0x00007ffa13d20000 - 0x00007ffa13d39000 	C:\Program Files\Java\jdk-16\bin\net.dll
0x00007ffa0ca70000 - 0x00007ffa0cb7a000 	C:\WINDOWS\SYSTEM32\WINHTTP.dll
0x00007ffa1b930000 - 0x00007ffa1b99a000 	C:\WINDOWS\system32\mswsock.dll
0x00007ffa13130000 - 0x00007ffa13143000 	C:\Program Files\Java\jdk-16\bin\nio.dll
0x00007ffa13110000 - 0x00007ffa13128000 	C:\Program Files\Java\jdk-16\bin\zip.dll
0x00007ffa0dca0000 - 0x00007ffa0dcb0000 	C:\Program Files\Java\jdk-16\bin\verify.dll
0x00007ffa0c810000 - 0x00007ffa0c837000 	C:\Users\hermo\.gradle\native\68d5fa5c4cc2d200863cafc0d521ce42e7d3e7ee720ec0a83991735586a16f82\windows-amd64\native-platform.dll
0x00007ff9fd950000 - 0x00007ff9fda94000 	C:\Users\hermo\.gradle\native\e376f236ea51e6404a007f0833ffe2c6e607c4080706a723a18a27aeea778392\windows-amd64\native-platform-file-events.dll
0x00007ffa0dc90000 - 0x00007ffa0dc99000 	C:\Program Files\Java\jdk-16\bin\management.dll
0x00007ffa0dc80000 - 0x00007ffa0dc8b000 	C:\Program Files\Java\jdk-16\bin\management_ext.dll
0x00007ffa1bb20000 - 0x00007ffa1bb38000 	C:\WINDOWS\SYSTEM32\CRYPTSP.dll
0x00007ffa1b1f0000 - 0x00007ffa1b224000 	C:\WINDOWS\system32\rsaenh.dll
0x00007ffa1c930000 - 0x00007ffa1c957000 	C:\WINDOWS\System32\bcrypt.dll
0x00007ffa1c080000 - 0x00007ffa1c0ae000 	C:\WINDOWS\SYSTEM32\USERENV.dll
0x00007ffa1bb40000 - 0x00007ffa1bb4c000 	C:\WINDOWS\SYSTEM32\CRYPTBASE.dll
0x00007ffa1b5d0000 - 0x00007ffa1b60b000 	C:\WINDOWS\SYSTEM32\IPHLPAPI.DLL
0x00007ffa1d7b0000 - 0x00007ffa1d7b8000 	C:\WINDOWS\System32\NSI.dll
0x00007ffa12650000 - 0x00007ffa12667000 	C:\WINDOWS\SYSTEM32\dhcpcsvc6.DLL
0x00007ffa128b0000 - 0x00007ffa128cd000 	C:\WINDOWS\SYSTEM32\dhcpcsvc.DLL
0x00007ffa1b610000 - 0x00007ffa1b6da000 	C:\WINDOWS\SYSTEM32\DNSAPI.dll
0x00007ffa0d300000 - 0x00007ffa0d30e000 	C:\Program Files\Java\jdk-16\bin\sunmscapi.dll
0x00007ffa1c330000 - 0x00007ffa1c48d000 	C:\WINDOWS\System32\CRYPT32.dll
0x00007ffa1bc40000 - 0x00007ffa1bc67000 	C:\WINDOWS\SYSTEM32\ncrypt.dll
0x00007ffa1bc00000 - 0x00007ffa1bc3b000 	C:\WINDOWS\SYSTEM32\NTASN1.dll
0x00007ff9ecd30000 - 0x00007ff9ecd37000 	C:\WINDOWS\system32\wshunix.dll

dbghelp: loaded successfully - version: 4.0.5 - missing functions: none
symbol engine: initialized successfully - sym options: 0x614 - pdb path: .;C:\Program Files\Java\jdk-16\bin;C:\WINDOWS\SYSTEM32;C:\WINDOWS\WinSxS\amd64_microsoft.windows.common-controls_6595b64144ccf1df_6.0.19041.3636_none_60b6a03d71f818d5;C:\Program Files\Java\jdk-16\bin\server;C:\Users\hermo\.gradle\native\68d5fa5c4cc2d200863cafc0d521ce42e7d3e7ee720ec0a83991735586a16f82\windows-amd64;C:\Users\hermo\.gradle\native\e376f236ea51e6404a007f0833ffe2c6e607c4080706a723a18a27aeea778392\windows-amd64

VM Arguments:
jvm_args: -XX:MaxMetaspaceSize=512m --add-opens=java.base/java.util=ALL-UNNAMED --add-opens=java.base/java.lang=ALL-UNNAMED --add-opens=java.base/java.lang.invoke=ALL-UNNAMED --add-opens=java.prefs/java.util.prefs=ALL-UNNAMED --add-opens=java.base/java.nio.charset=ALL-UNNAMED --add-opens=java.base/java.net=ALL-UNNAMED --add-opens=java.base/java.util.concurrent.atomic=ALL-UNNAMED -Xmx2048m -Dfile.encoding=windows-1252 -Duser.country=IN -Duser.language=en -Duser.variant 
java_command: org.gradle.launcher.daemon.bootstrap.GradleDaemon 7.6
java_class_path (initial): C:\Users\hermo\.gradle\wrapper\dists\gradle-7.6-all\9f832ih6bniajn45pbmqhk2cw\gradle-7.6\lib\gradle-launcher-7.6.jar
Launcher Type: SUN_STANDARD

[Global flags]
     intx CICompilerCount                          = 3                                         {product} {ergonomic}
   size_t CompressedClassSpaceSize                 = 432013312                                 {product} {ergonomic}
     uint ConcGCThreads                            = 1                                         {product} {ergonomic}
     uint G1ConcRefinementThreads                  = 4                                         {product} {ergonomic}
   size_t G1HeapRegionSize                         = 1048576                                   {product} {ergonomic}
    uintx GCDrainStackTargetSize                   = 64                                        {product} {ergonomic}
   size_t InitialHeapSize                          = 134217728                                 {product} {ergonomic}
   size_t MarkStackSize                            = 4194304                                   {product} {ergonomic}
   size_t MaxHeapSize                              = 2147483648                                {product} {command line}
   size_t MaxMetaspaceSize                         = 536870912                                 {product} {command line}
   size_t MaxNewSize                               = 1287651328                                {product} {ergonomic}
   size_t MinHeapDeltaBytes                        = 1048576                                   {product} {ergonomic}
   size_t MinHeapSize                              = 8388608                                   {product} {ergonomic}
    uintx NonNMethodCodeHeapSize                   = 5832780                                {pd product} {ergonomic}
    uintx NonProfiledCodeHeapSize                  = 122912730                              {pd product} {ergonomic}
    uintx ProfiledCodeHeapSize                     = 122912730                              {pd product} {ergonomic}
    uintx ReservedCodeCacheSize                    = 251658240                              {pd product} {ergonomic}
     bool SegmentedCodeCache                       = true                                      {product} {ergonomic}
   size_t SoftMaxHeapSize                          = 2147483648                             {manageable} {ergonomic}
     bool UseCompressedClassPointers               = true                           {product lp64_product} {ergonomic}
     bool UseCompressedOops                        = true                           {product lp64_product} {ergonomic}
     bool UseG1GC                                  = true                                      {product} {ergonomic}
     bool UseLargePagesIndividualAllocation        = false                                  {pd product} {ergonomic}

Logging:
Log output configuration:
 #0: stdout all=warning uptime,level,tags
 #1: stderr all=off uptime,level,tags

Environment Variables:
JAVA_HOME=C:\Program Files\Java\jdk-16
CLASSPATH=D:\gsmWeb\gsmapp\android\\gradle\wrapper\gradle-wrapper.jar
PATH=D:\gsmWeb\gsmapp\node_modules\.bin;D:\gsmWeb\gsmapp\node_modules\.bin;D:\gsmWeb\node_modules\.bin;D:\node_modules\.bin;C:\Program Files\nodejs\node_modules\npm\node_modules\@npmcli\run-script\lib\node-gyp-bin;D:\gsmWeb\gsmapp\node_modules\.bin;D:\gsmWeb\node_modules\.bin;D:\node_modules\.bin;C:\Program Files\nodejs\node_modules\npm\node_modules\@npmcli\run-script\lib\node-gyp-bin;C:\WINDOWS\system32;C:\WINDOWS;C:\WINDOWS\System32\Wbem;C:\WINDOWS\System32\WindowsPowerShell\v1.0\;C:\WINDOWS\System32\OpenSSH\;C:\xampp\php;C:\ProgramData\ComposerSetup\bin;C:\Program Files\Microsoft SQL Server\150\Tools\Binn\;C:\Program Files\Microsoft SQL Server\Client SDK\ODBC\170\Tools\Binn\;C:\Program Files\dotnet\;C:\Program Files\Git\cmd;C:\Program Files (x86)\Microsoft SQL Server\160\Tools\Binn\;C:\Program Files\Microsoft SQL Server\160\Tools\Binn\;C:\Program Files\Microsoft SQL Server\160\DTS\Binn\;C:\Program Files\Azure Data Studio\bin;C:\Program Files (x86)\Microsoft SQL Server\160\DTS\Binn\;C:\Program Files\nodejs\;C:\Users\hermo\AppData\Local\Programs\Python\Launcher\;C:\Users\hermo\AppData\Local\Microsoft\WindowsApps;C:\Users\hermo\AppData\Local\Programs\Microsoft VS Code\bin;C:\Program Files\Java\jdk-20\bin;C:\Users\hermo\AppData\Local\Android\Sdk;C:\Users\hermo\AppData\Local\Android\Sdk\emulator;C:\Users\hermo\AppData\Local\Android\Sdk\platform-tools;C:\Users\hermo\AppData\Roaming\Composer\vendor\bin;C:\Users\hermo\.dotnet\tools;C:\Program Files\Azure Data Studio\bin;C:\Users\hermo\AppData\Roaming\npm
USERNAME=hermo
LANG=en_US.UTF-8
OS=Windows_NT
PROCESSOR_IDENTIFIER=Intel64 Family 6 Model 142 Stepping 9, GenuineIntel



---------------  S Y S T E M  ---------------

OS:
 Windows 10 , 64 bit Build 19041 (10.0.19041.3636)
OS uptime: 1 days 4:59 hours

CPU: total 4 (initial active 4) (2 cores per cpu, 2 threads per core) family 6 model 142 stepping 9 microcode 0xb4, cx8, cmov, fxsr, ht, mmx, 3dnowpref, sse, sse2, sse3, ssse3, sse4.1, sse4.2, popcnt, lzcnt, tsc, tscinvbit, avx, avx2, aes, erms, clmul, bmi1, bmi2, adx, fma, vzeroupper, clflush, clflushopt

Memory: 4k page, system-wide physical 8122M (64M free)
TotalPageFile size 19002M (AvailPageFile size 0M)
current process WorkingSet (physical memory assigned to process): 225M, peak: 226M
current process commit charge ("private bytes"): 296M, peak: 298M

vm_info: OpenJDK 64-Bit Server VM (16+36-2231) for windows-amd64 JRE (16+36-2231), built on Feb  8 2021 11:39:36 by "mach5one" with MS VC++ 16.7 (VS2019)

END.
