#
# There is insufficient memory for the Java Runtime Environment to continue.
# Native memory allocation (mmap) failed to map 3145728 bytes for G1 virtual space
# Possible reasons:
#   The system is out of physical RAM or swap space
#   The process is running with CompressedOops enabled, and the Java Heap may be blocking the growth of the native heap
# Possible solutions:
#   Reduce memory load on the system
#   Increase physical memory or swap space
#   Check if swap backing store is full
#   Decrease Java heap size (-Xmx/-Xms)
#   Decrease number of Java threads
#   Decrease Java thread stack sizes (-Xss)
#   Set larger code cache with -XX:ReservedCodeCacheSize=
#   JVM is running with Unscaled Compressed Oops mode in which the Java heap is
#     placed in the first 4GB address space. The Java Heap base address is the
#     maximum limit for the native heap growth. Please use -XX:HeapBaseMinAddress
#     to set the Java Heap base and to place the Java Heap above 4GB virtual address.
# This output file may be truncated or incomplete.
#
#  Out of Memory Error (os_windows.cpp:3466), pid=3112, tid=17240
#
# JRE version: OpenJDK Runtime Environment (16.0+36) (build 16+36-2231)
# Java VM: OpenJDK 64-Bit Server VM (16+36-2231, mixed mode, sharing, tiered, compressed oops, g1 gc, windows-amd64)
# No core dump will be written. Minidumps are not enabled by default on client versions of Windows
#

---------------  S U M M A R Y ------------

Command Line: -XX:MaxMetaspaceSize=512m --add-opens=java.base/java.util=ALL-UNNAMED --add-opens=java.base/java.lang=ALL-UNNAMED --add-opens=java.base/java.lang.invoke=ALL-UNNAMED --add-opens=java.prefs/java.util.prefs=ALL-UNNAMED --add-opens=java.base/java.nio.charset=ALL-UNNAMED --add-opens=java.base/java.net=ALL-UNNAMED --add-opens=java.base/java.util.concurrent.atomic=ALL-UNNAMED -Xmx2048m -Dfile.encoding=windows-1252 -Duser.country=IN -Duser.language=en -Duser.variant org.gradle.launcher.daemon.bootstrap.GradleDaemon 7.6

Host: Intel(R) Core(TM) i5-7200U CPU @ 2.50GHz, 4 cores, 7G,  Windows 10 , 64 bit Build 19041 (10.0.19041.3636)
Time: Mon Nov 27 21:29:00 2023 India Standard Time elapsed time: 167.727881 seconds (0d 0h 2m 47s)

---------------  T H R E A D  ---------------

Current thread (0x000001bdfe634050):  VMThread "VM Thread" [stack: 0x00000006aed00000,0x00000006aee00000] [id=17240]

Stack: [0x00000006aed00000,0x00000006aee00000]
Native frames: (J=compiled Java code, j=interpreted, Vv=VM code, C=native code)
V  [jvm.dll+0x6681da]
V  [jvm.dll+0x7c9d99]
V  [jvm.dll+0x7cb4d3]
V  [jvm.dll+0x7cbb33]
V  [jvm.dll+0x242ee5]
V  [jvm.dll+0x664f99]
V  [jvm.dll+0x659b85]
V  [jvm.dll+0x2fbfcb]
V  [jvm.dll+0x3031c6]
V  [jvm.dll+0x352a0e]
V  [jvm.dll+0x352c3f]
V  [jvm.dll+0x2d3038]
V  [jvm.dll+0x2d65a6]
V  [jvm.dll+0x2e0ab7]
V  [jvm.dll+0x315560]
V  [jvm.dll+0x7cff2b]
V  [jvm.dll+0x7d0c24]
V  [jvm.dll+0x7d1129]
V  [jvm.dll+0x7d13e4]
V  [jvm.dll+0x7d14b0]
V  [jvm.dll+0x77952a]
V  [jvm.dll+0x667076]
C  [ucrtbase.dll+0x21bb2]
C  [KERNEL32.DLL+0x17344]
C  [ntdll.dll+0x526b1]

VM_Operation (0x00000006ae9ff830): G1Concurrent, mode: safepoint, requested by thread 0x000001bde4eb3560


---------------  P R O C E S S  ---------------

Threads class SMR info:
_java_thread_list=0x000001bd878e01c0, length=89, elements={
0x000001bde4e60950, 0x000001bdfe641c90, 0x000001bdfe642a60, 0x000001bdfe652cb0,
0x000001bdfe6565e0, 0x000001bdfe657f00, 0x000001bdfe658810, 0x000001bdfe659500,
0x000001bdfe659f00, 0x000001bdfe6c1b30, 0x000001bdff023530, 0x000001bdff023a50,
0x000001bd84819c50, 0x000001bd842e4200, 0x000001bd84bc5200, 0x000001bd84bd1a70,
0x000001bdff061a90, 0x000001bd8516c760, 0x000001bd848c63e0, 0x000001bd8437bf40,
0x000001bd8437f460, 0x000001bd8437df20, 0x000001bd8437c490, 0x000001bd8437e470,
0x000001bd8437e9c0, 0x000001bd8437c9e0, 0x000001bd8437cf30, 0x000001bd8437d9d0,
0x000001bd8437d480, 0x000001bd8437ef10, 0x000001bd85473030, 0x000001bd85475560,
0x000001bd85475ab0, 0x000001bd85476ff0, 0x000001bd85472ae0, 0x000001bd85471050,
0x000001bd85473580, 0x000001bd854705b0, 0x000001bd85477540, 0x000001bd85473ad0,
0x000001bd85475010, 0x000001bd85474020, 0x000001bd85470b00, 0x000001bd85471af0,
0x000001bd85477a90, 0x000001bd85474ac0, 0x000001bd85476550, 0x000001bd854715a0,
0x000001bd85472040, 0x000001bd85476aa0, 0x000001bd85472590, 0x000001bd85474570,
0x000001bd85a9f6b0, 0x000001bd85a9bc40, 0x000001bd85a9b6f0, 0x000001bd85aa2130,
0x000001bd85aa0bf0, 0x000001bd85a9dc20, 0x000001bd85aa1140, 0x000001bd85a9ec10,
0x000001bd85a9f160, 0x000001bd85aa1690, 0x000001bd85a9e170, 0x000001bd85a9c190,
0x000001bd85aa1be0, 0x000001bd85aa06a0, 0x000001bd85aa0150, 0x000001bd85a9fc00,
0x000001bd85aa2bd0, 0x000001bd85a9c6e0, 0x000001bd85a9cc30, 0x000001bd85a9b1a0,
0x000001bd85a9d180, 0x000001bd85a9d6d0, 0x000001bd85a9e6c0, 0x000001bd85476000,
0x000001bd857bd520, 0x000001bd857b9010, 0x000001bd857bfa50, 0x000001bd857be510,
0x000001bd857baff0, 0x000001bd857bb540, 0x000001bd857ba000, 0x000001bd857bea60,
0x000001bd857bc530, 0x000001bd857b8ac0, 0x000001bd857bbfe0, 0x000001bd857bca80,
0x000001bd857ba550
}

Java Threads: ( => current thread )
  0x000001bde4e60950 JavaThread "main" [_thread_blocked, id=120, stack(0x00000006ae600000,0x00000006ae700000)]
  0x000001bdfe641c90 JavaThread "Reference Handler" daemon [_thread_blocked, id=10120, stack(0x00000006aee00000,0x00000006aef00000)]
  0x000001bdfe642a60 JavaThread "Finalizer" daemon [_thread_blocked, id=16152, stack(0x00000006aef00000,0x00000006af000000)]
  0x000001bdfe652cb0 JavaThread "Signal Dispatcher" daemon [_thread_blocked, id=14852, stack(0x00000006af000000,0x00000006af100000)]
  0x000001bdfe6565e0 JavaThread "Attach Listener" daemon [_thread_blocked, id=10592, stack(0x00000006af100000,0x00000006af200000)]
  0x000001bdfe657f00 JavaThread "Service Thread" daemon [_thread_blocked, id=15564, stack(0x00000006af200000,0x00000006af300000)]
  0x000001bdfe658810 JavaThread "Monitor Deflation Thread" daemon [_thread_blocked, id=6168, stack(0x00000006af300000,0x00000006af400000)]
  0x000001bdfe659500 JavaThread "C2 CompilerThread0" daemon [_thread_blocked, id=11384, stack(0x00000006af400000,0x00000006af500000)]
  0x000001bdfe659f00 JavaThread "C1 CompilerThread0" daemon [_thread_blocked, id=16220, stack(0x00000006af500000,0x00000006af600000)]
  0x000001bdfe6c1b30 JavaThread "Sweeper thread" daemon [_thread_blocked, id=12812, stack(0x00000006af600000,0x00000006af700000)]
  0x000001bdff023530 JavaThread "Common-Cleaner" daemon [_thread_blocked, id=14640, stack(0x00000006af700000,0x00000006af800000)]
  0x000001bdff023a50 JavaThread "Notification Thread" daemon [_thread_blocked, id=13128, stack(0x00000006af800000,0x00000006af900000)]
  0x000001bd84819c50 JavaThread "Daemon health stats" [_thread_blocked, id=15628, stack(0x00000006afd00000,0x00000006afe00000)]
  0x000001bd842e4200 JavaThread "Incoming local TCP Connector on port 52033" [_thread_in_native, id=7988, stack(0x00000006afe00000,0x00000006aff00000)]
  0x000001bd84bc5200 JavaThread "Daemon periodic checks" [_thread_blocked, id=16540, stack(0x00000006aff00000,0x00000006b0000000)]
  0x000001bd84bd1a70 JavaThread "Daemon" [_thread_blocked, id=5352, stack(0x00000006b0000000,0x00000006b0100000)]
  0x000001bdff061a90 JavaThread "Handler for socket connection from /127.0.0.1:52033 to /127.0.0.1:52034" [_thread_in_native, id=708, stack(0x00000006b0100000,0x00000006b0200000)]
  0x000001bd8516c760 JavaThread "Cancel handler" [_thread_blocked, id=10360, stack(0x00000006b0200000,0x00000006b0300000)]
  0x000001bd848c63e0 JavaThread "Daemon worker" [_thread_in_native, id=10772, stack(0x00000006b0300000,0x00000006b0400000)]
  0x000001bd8437bf40 JavaThread "Asynchronous log dispatcher for DefaultDaemonConnection: socket connection from /127.0.0.1:52033 to /127.0.0.1:52034" [_thread_blocked, id=14460, stack(0x00000006b0400000,0x00000006b0500000)]
  0x000001bd8437f460 JavaThread "Stdin handler" [_thread_blocked, id=4276, stack(0x00000006b0500000,0x00000006b0600000)]
  0x000001bd8437df20 JavaThread "Daemon client event forwarder" [_thread_blocked, id=15508, stack(0x00000006b0600000,0x00000006b0700000)]
  0x000001bd8437c490 JavaThread "Cache worker for journal cache (C:\Users\hermo\.gradle\caches\journal-1)" [_thread_blocked, id=15388, stack(0x00000006b0700000,0x00000006b0800000)]
  0x000001bd8437e470 JavaThread "File lock request listener" [_thread_in_native, id=6816, stack(0x00000006b0800000,0x00000006b0900000)]
  0x000001bd8437e9c0 JavaThread "Cache worker for file hash cache (C:\Users\hermo\.gradle\caches\7.6\fileHashes)" [_thread_blocked, id=16276, stack(0x00000006b0900000,0x00000006b0a00000)]
  0x000001bd8437c9e0 JavaThread "File lock release action executor" [_thread_blocked, id=4208, stack(0x00000006b0a00000,0x00000006b0b00000)]
  0x000001bd8437cf30 JavaThread "File watcher server" daemon [_thread_in_native, id=15620, stack(0x00000006b0b00000,0x00000006b0c00000)]
  0x000001bd8437d9d0 JavaThread "File watcher consumer" daemon [_thread_blocked, id=2980, stack(0x00000006b0c00000,0x00000006b0d00000)]
  0x000001bd8437d480 JavaThread "Cache worker for checksums cache (D:\gsmWeb\gsmapp\android\.gradle\7.6\checksums)" [_thread_blocked, id=13844, stack(0x00000006b0d00000,0x00000006b0e00000)]
  0x000001bd8437ef10 JavaThread "Cache worker for cache directory md-rule (C:\Users\hermo\.gradle\caches\7.6\md-rule)" [_thread_blocked, id=12820, stack(0x00000006b0e00000,0x00000006b0f00000)]
  0x000001bd85473030 JavaThread "Cache worker for file content cache (C:\Users\hermo\.gradle\caches\7.6\fileContent)" [_thread_blocked, id=10004, stack(0x00000006b0f00000,0x00000006b1000000)]
  0x000001bd85475560 JavaThread "Cache worker for file hash cache (D:\gsmWeb\gsmapp\android\.gradle\7.6\fileHashes)" [_thread_blocked, id=8012, stack(0x00000006b1100000,0x00000006b1200000)]
  0x000001bd85475ab0 JavaThread "Cache worker for cache directory md-supplier (C:\Users\hermo\.gradle\caches\7.6\md-supplier)" [_thread_blocked, id=12692, stack(0x00000006b1200000,0x00000006b1300000)]
  0x000001bd85476ff0 JavaThread "Cache worker for execution history cache (C:\Users\hermo\.gradle\caches\7.6\executionHistory)" [_thread_blocked, id=14748, stack(0x00000006b1300000,0x00000006b1400000)]
  0x000001bd85472ae0 JavaThread "jar transforms" [_thread_blocked, id=17536, stack(0x00000006b1400000,0x00000006b1500000)]
  0x000001bd85471050 JavaThread "jar transforms Thread 2" [_thread_blocked, id=17564, stack(0x00000006b1500000,0x00000006b1600000)]
  0x000001bd85473580 JavaThread "jar transforms Thread 3" [_thread_blocked, id=17632, stack(0x00000006b1800000,0x00000006b1900000)]
  0x000001bd854705b0 JavaThread "jar transforms Thread 4" [_thread_blocked, id=17636, stack(0x00000006b1900000,0x00000006b1a00000)]
  0x000001bd85477540 JavaThread "Cache worker for kotlin-dsl (C:\Users\hermo\.gradle\caches\7.6\kotlin-dsl)" [_thread_blocked, id=18428, stack(0x00000006ae500000,0x00000006ae600000)]
  0x000001bd85473ad0 JavaThread "Cache worker for dependencies-accessors (D:\gsmWeb\gsmapp\android\.gradle\7.6\dependencies-accessors)" [_thread_blocked, id=11292, stack(0x00000006ae700000,0x00000006ae800000)]
  0x000001bd85475010 JavaThread "Cache worker for Build Output Cleanup Cache (D:\gsmWeb\gsmapp\node_modules\@react-native\gradle-plugin\.gradle\buildOutputCleanup)" [_thread_blocked, id=17780, stack(0x00000006b1a00000,0x00000006b1b00000)]
  0x000001bd85474020 JavaThread "Unconstrained build operations" [_thread_blocked, id=17568, stack(0x00000006b1b00000,0x00000006b1c00000)]
  0x000001bd85470b00 JavaThread "Unconstrained build operations Thread 2" [_thread_blocked, id=17072, stack(0x00000006b1c00000,0x00000006b1d00000)]
  0x000001bd85471af0 JavaThread "Unconstrained build operations Thread 3" [_thread_blocked, id=16792, stack(0x00000006b1d00000,0x00000006b1e00000)]
  0x000001bd85477a90 JavaThread "Unconstrained build operations Thread 4" [_thread_blocked, id=14268, stack(0x00000006b1e00000,0x00000006b1f00000)]
  0x000001bd85474ac0 JavaThread "Unconstrained build operations Thread 5" [_thread_blocked, id=17604, stack(0x00000006b1f00000,0x00000006b2000000)]
  0x000001bd85476550 JavaThread "Unconstrained build operations Thread 6" [_thread_blocked, id=16640, stack(0x00000006b2000000,0x00000006b2100000)]
  0x000001bd854715a0 JavaThread "Unconstrained build operations Thread 7" [_thread_blocked, id=848, stack(0x00000006b2100000,0x00000006b2200000)]
  0x000001bd85472040 JavaThread "Unconstrained build operations Thread 8" [_thread_blocked, id=17516, stack(0x00000006b2200000,0x00000006b2300000)]
  0x000001bd85476aa0 JavaThread "Unconstrained build operations Thread 9" [_thread_blocked, id=16932, stack(0x00000006b2300000,0x00000006b2400000)]
  0x000001bd85472590 JavaThread "Unconstrained build operations Thread 10" [_thread_blocked, id=8800, stack(0x00000006b2400000,0x00000006b2500000)]
  0x000001bd85474570 JavaThread "Unconstrained build operations Thread 11" [_thread_blocked, id=6964, stack(0x00000006b2500000,0x00000006b2600000)]
  0x000001bd85a9f6b0 JavaThread "Unconstrained build operations Thread 12" [_thread_blocked, id=17456, stack(0x00000006b2600000,0x00000006b2700000)]
  0x000001bd85a9bc40 JavaThread "Unconstrained build operations Thread 13" [_thread_blocked, id=15716, stack(0x00000006b2700000,0x00000006b2800000)]
  0x000001bd85a9b6f0 JavaThread "Unconstrained build operations Thread 14" [_thread_blocked, id=2756, stack(0x00000006b2800000,0x00000006b2900000)]
  0x000001bd85aa2130 JavaThread "Unconstrained build operations Thread 15" [_thread_blocked, id=18380, stack(0x00000006b2900000,0x00000006b2a00000)]
  0x000001bd85aa0bf0 JavaThread "Unconstrained build operations Thread 16" [_thread_blocked, id=18388, stack(0x00000006b2a00000,0x00000006b2b00000)]
  0x000001bd85a9dc20 JavaThread "Unconstrained build operations Thread 17" [_thread_blocked, id=15744, stack(0x00000006b2b00000,0x00000006b2c00000)]
  0x000001bd85aa1140 JavaThread "Unconstrained build operations Thread 18" [_thread_blocked, id=1684, stack(0x00000006b2c00000,0x00000006b2d00000)]
  0x000001bd85a9ec10 JavaThread "Unconstrained build operations Thread 19" [_thread_blocked, id=11820, stack(0x00000006b2d00000,0x00000006b2e00000)]
  0x000001bd85a9f160 JavaThread "Unconstrained build operations Thread 20" [_thread_blocked, id=16912, stack(0x00000006b2e00000,0x00000006b2f00000)]
  0x000001bd85aa1690 JavaThread "Unconstrained build operations Thread 21" [_thread_blocked, id=4196, stack(0x00000006b2f00000,0x00000006b3000000)]
  0x000001bd85a9e170 JavaThread "Unconstrained build operations Thread 22" [_thread_blocked, id=17172, stack(0x00000006b3000000,0x00000006b3100000)]
  0x000001bd85a9c190 JavaThread "Unconstrained build operations Thread 23" [_thread_blocked, id=17476, stack(0x00000006b3100000,0x00000006b3200000)]
  0x000001bd85aa1be0 JavaThread "Unconstrained build operations Thread 24" [_thread_blocked, id=1680, stack(0x00000006b3200000,0x00000006b3300000)]
  0x000001bd85aa06a0 JavaThread "Unconstrained build operations Thread 25" [_thread_blocked, id=11840, stack(0x00000006b3300000,0x00000006b3400000)]
  0x000001bd85aa0150 JavaThread "Unconstrained build operations Thread 26" [_thread_blocked, id=8960, stack(0x00000006b3400000,0x00000006b3500000)]
  0x000001bd85a9fc00 JavaThread "Memory manager" [_thread_blocked, id=108, stack(0x00000006b3500000,0x00000006b3600000)]
  0x000001bd85aa2bd0 JavaThread "Cache worker for Build Output Cleanup Cache (D:\gsmWeb\gsmapp\android\.gradle\buildOutputCleanup)" [_thread_blocked, id=19388, stack(0x00000006b1600000,0x00000006b1700000)]
  0x000001bd85a9c6e0 JavaThread "File lock release action executor Thread 2" [_thread_blocked, id=18468, stack(0x00000006b3600000,0x00000006b3700000)]
  0x000001bd85a9cc30 JavaThread "included builds" [_thread_blocked, id=19020, stack(0x00000006b3700000,0x00000006b3800000)]
  0x000001bd85a9b1a0 JavaThread "Execution worker" [_thread_blocked, id=19076, stack(0x00000006b3800000,0x00000006b3900000)]
  0x000001bd85a9d180 JavaThread "Execution worker Thread 2" [_thread_blocked, id=19080, stack(0x00000006b3900000,0x00000006b3a00000)]
  0x000001bd85a9d6d0 JavaThread "Execution worker Thread 3" [_thread_blocked, id=19084, stack(0x00000006b3a00000,0x00000006b3b00000)]
  0x000001bd85a9e6c0 JavaThread "Cache worker for execution history cache (D:\gsmWeb\gsmapp\node_modules\@react-native\gradle-plugin\.gradle\7.6\executionHistory)" [_thread_blocked, id=19268, stack(0x00000006b3b00000,0x00000006b3c00000)]
  0x000001bd85476000 JavaThread "Unconstrained build operations Thread 27" [_thread_blocked, id=14088, stack(0x00000006b3c00000,0x00000006b3d00000)]
  0x000001bd857bd520 JavaThread "Unconstrained build operations Thread 28" [_thread_blocked, id=19228, stack(0x00000006b3d00000,0x00000006b3e00000)]
  0x000001bd857b9010 JavaThread "Unconstrained build operations Thread 29" [_thread_blocked, id=17556, stack(0x00000006b3e00000,0x00000006b3f00000)]
  0x000001bd857bfa50 JavaThread "Unconstrained build operations Thread 30" [_thread_blocked, id=17736, stack(0x00000006b3f00000,0x00000006b4000000)]
  0x000001bd857be510 JavaThread "Unconstrained build operations Thread 31" [_thread_blocked, id=19292, stack(0x00000006b4000000,0x00000006b4100000)]
  0x000001bd857baff0 JavaThread "Unconstrained build operations Thread 32" [_thread_blocked, id=19240, stack(0x00000006b4100000,0x00000006b4200000)]
  0x000001bd857bb540 JavaThread "Unconstrained build operations Thread 33" [_thread_blocked, id=19132, stack(0x00000006b4200000,0x00000006b4300000)]
  0x000001bd857ba000 JavaThread "Unconstrained build operations Thread 34" [_thread_blocked, id=19192, stack(0x00000006b4300000,0x00000006b4400000)]
  0x000001bd857bea60 JavaThread "Unconstrained build operations Thread 35" [_thread_blocked, id=19180, stack(0x00000006b4400000,0x00000006b4500000)]
  0x000001bd857bc530 JavaThread "Unconstrained build operations Thread 36" [_thread_blocked, id=19208, stack(0x00000006b4500000,0x00000006b4600000)]
  0x000001bd857b8ac0 JavaThread "Unconstrained build operations Thread 37" [_thread_blocked, id=19212, stack(0x00000006b4600000,0x00000006b4700000)]
  0x000001bd857bbfe0 JavaThread "Unconstrained build operations Thread 38" [_thread_blocked, id=19216, stack(0x00000006b4700000,0x00000006b4800000)]
  0x000001bd857bca80 JavaThread "Unconstrained build operations Thread 39" [_thread_blocked, id=19220, stack(0x00000006b4800000,0x00000006b4900000)]
  0x000001bd857ba550 JavaThread "Unconstrained build operations Thread 40" [_thread_blocked, id=19224, stack(0x00000006b4900000,0x00000006b4a00000)]

Other Threads:
=>0x000001bdfe634050 VMThread "VM Thread" [stack: 0x00000006aed00000,0x00000006aee00000] [id=17240]
  0x000001bdff025f80 WatcherThread [stack: 0x00000006af900000,0x00000006afa00000] [id=17276]
  0x000001bde4ea1600 GCTaskThread "GC Thread#0" [stack: 0x00000006ae800000,0x00000006ae900000] [id=11516]
  0x000001bdff3b82a0 GCTaskThread "GC Thread#1" [stack: 0x00000006afa00000,0x00000006afb00000] [id=1912]
  0x000001bdff3b85b0 GCTaskThread "GC Thread#2" [stack: 0x00000006afb00000,0x00000006afc00000] [id=5648]
  0x000001bdff14d850 GCTaskThread "GC Thread#3" [stack: 0x00000006afc00000,0x00000006afd00000] [id=15440]
  0x000001bde4eb3560 ConcurrentGCThread "G1 Main Marker" [stack: 0x00000006ae900000,0x00000006aea00000] [id=4232]
  0x000001bde4eb3ee0 ConcurrentGCThread "G1 Conc#0" [stack: 0x00000006aea00000,0x00000006aeb00000] [id=13852]
  0x000001bde4f29860 ConcurrentGCThread "G1 Refine#0" [stack: 0x00000006aeb00000,0x00000006aec00000] [id=7896]
  0x000001bd84e12ce0 ConcurrentGCThread "G1 Refine#1" [stack: 0x00000006b1000000,0x00000006b1100000] [id=13788]
  0x000001bde4f2a1f0 ConcurrentGCThread "G1 Service" [stack: 0x00000006aec00000,0x00000006aed00000] [id=17388]

Threads with active compile tasks:

VM state: at safepoint (normal execution)

VM Mutex/Monitor currently owned by a thread:  ([mutex/lock_event])
[0x000001bde4e5d2f0] Threads_lock - owner thread: 0x000001bdfe634050
[0x000001bde4e5dda0] Heap_lock - owner thread: 0x000001bde4eb3560

Heap address: 0x0000000080000000, size: 2048 MB, Compressed Oops mode: 32-bit
CDS archive(s) mapped at: [0x0000000800000000-0x0000000800bb0000-0x0000000800bb0000), size 12255232, SharedBaseAddress: 0x0000000800000000, ArchiveRelocationMode: 0.
Compressed class space mapped at: 0x0000000800c00000-0x000000081a800000, reserved size: 432013312
Narrow klass base: 0x0000000800000000, Narrow klass shift: 3, Narrow klass range: 0x100000000

GC Precious Log:
 CPUs: 4 total, 4 available
 Memory: 8122M
 Large Page Support: Disabled
 NUMA Support: Disabled
 Compressed Oops: Enabled (32-bit)
 Heap Region Size: 1M
 Heap Min Capacity: 8M
 Heap Initial Capacity: 128M
 Heap Max Capacity: 2G
 Pre-touch: Disabled
 Parallel Workers: 4
 Concurrent Workers: 1
 Concurrent Refinement Workers: 4
 Periodic GC: Disabled

Heap:
 garbage-first heap   total 104448K, used 61878K [0x0000000080000000, 0x0000000100000000)
  region size 1024K, 5 young (5120K), 3 survivors (3072K)
 Metaspace       used 62614K, committed 63296K, reserved 479232K
  class space    used 8560K, committed 8896K, reserved 421888K

Heap Regions: E=young(eden), S=young(survivor), O=old, HS=humongous(starts), HC=humongous(continues), CS=collection set, F=free, OA=open archive, CA=closed archive, TAMS=top-at-mark-start (previous, next)
|   0|0x0000000080000000, 0x0000000080100000, 0x0000000080100000|100%| O|  |TAMS 0x0000000080100000, 0x0000000080000000| Updating 
|   1|0x0000000080100000, 0x0000000080200000, 0x0000000080200000|100%| O|  |TAMS 0x0000000080200000, 0x0000000080100000| Updating 
|   2|0x0000000080200000, 0x0000000080300000, 0x0000000080300000|100%|HS|  |TAMS 0x0000000080300000, 0x0000000080200000| Complete 
|   3|0x0000000080300000, 0x0000000080400000, 0x0000000080400000|100%|HC|  |TAMS 0x0000000080400000, 0x0000000080300000| Complete 
|   4|0x0000000080400000, 0x0000000080500000, 0x0000000080500000|100%|HC|  |TAMS 0x0000000080500000, 0x0000000080400000| Complete 
|   5|0x0000000080500000, 0x0000000080600000, 0x0000000080600000|100%| O|  |TAMS 0x0000000080600000, 0x0000000080500000| Updating 
|   6|0x0000000080600000, 0x0000000080700000, 0x0000000080700000|100%| O|  |TAMS 0x0000000080700000, 0x0000000080600000| Updating 
|   7|0x0000000080700000, 0x0000000080800000, 0x0000000080800000|100%| O|  |TAMS 0x0000000080800000, 0x0000000080700000| Updating 
|   8|0x0000000080800000, 0x0000000080900000, 0x0000000080900000|100%| O|  |TAMS 0x0000000080900000, 0x0000000080800000| Updating 
|   9|0x0000000080900000, 0x0000000080a00000, 0x0000000080a00000|100%| O|  |TAMS 0x0000000080a00000, 0x0000000080900000| Updating 
|  10|0x0000000080a00000, 0x0000000080b00000, 0x0000000080b00000|100%| O|  |TAMS 0x0000000080b00000, 0x0000000080a00000| Updating 
|  11|0x0000000080b00000, 0x0000000080c00000, 0x0000000080c00000|100%| O|  |TAMS 0x0000000080c00000, 0x0000000080b00000| Updating 
|  12|0x0000000080c00000, 0x0000000080d00000, 0x0000000080d00000|100%| O|  |TAMS 0x0000000080d00000, 0x0000000080c00000| Updating 
|  13|0x0000000080d00000, 0x0000000080e00000, 0x0000000080e00000|100%| O|  |TAMS 0x0000000080e00000, 0x0000000080d00000| Updating 
|  14|0x0000000080e00000, 0x0000000080f00000, 0x0000000080f00000|100%| O|  |TAMS 0x0000000080f00000, 0x0000000080e00000| Updating 
|  15|0x0000000080f00000, 0x0000000081000000, 0x0000000081000000|100%| O|  |TAMS 0x0000000081000000, 0x0000000080f00000| Updating 
|  16|0x0000000081000000, 0x0000000081100000, 0x0000000081100000|100%| O|  |TAMS 0x0000000081100000, 0x0000000081000000| Updating 
|  17|0x0000000081100000, 0x0000000081200000, 0x0000000081200000|100%| O|  |TAMS 0x0000000081200000, 0x0000000081100000| Updating 
|  18|0x0000000081200000, 0x0000000081278c00, 0x0000000081300000| 47%| O|  |TAMS 0x0000000081278c00, 0x0000000081200000| Updating 
|  19|0x0000000081300000, 0x0000000081400000, 0x0000000081400000|100%| O|  |TAMS 0x0000000081400000, 0x0000000081300000| Updating 
|  20|0x0000000081400000, 0x0000000081500000, 0x0000000081500000|100%| O|  |TAMS 0x0000000081500000, 0x0000000081400000| Updating 
|  21|0x0000000081500000, 0x0000000081600000, 0x0000000081600000|100%| O|  |TAMS 0x0000000081600000, 0x0000000081500000| Updating 
|  22|0x0000000081600000, 0x0000000081700000, 0x0000000081700000|100%| O|  |TAMS 0x0000000081700000, 0x0000000081600000| Updating 
|  23|0x0000000081700000, 0x0000000081800000, 0x0000000081800000|100%| O|  |TAMS 0x0000000081800000, 0x0000000081700000| Updating 
|  24|0x0000000081800000, 0x0000000081900000, 0x0000000081900000|100%| O|  |TAMS 0x0000000081900000, 0x0000000081800000| Updating 
|  25|0x0000000081900000, 0x0000000081a00000, 0x0000000081a00000|100%| O|  |TAMS 0x0000000081a00000, 0x0000000081900000| Updating 
|  26|0x0000000081a00000, 0x0000000081b00000, 0x0000000081b00000|100%| O|  |TAMS 0x0000000081b00000, 0x0000000081a00000| Updating 
|  27|0x0000000081b00000, 0x0000000081c00000, 0x0000000081c00000|100%| O|  |TAMS 0x0000000081c00000, 0x0000000081b00000| Updating 
|  28|0x0000000081c00000, 0x0000000081d00000, 0x0000000081d00000|100%|HS|  |TAMS 0x0000000081d00000, 0x0000000081c00000| Complete 
|  29|0x0000000081d00000, 0x0000000081e00000, 0x0000000081e00000|100%|HC|  |TAMS 0x0000000081e00000, 0x0000000081d00000| Complete 
|  30|0x0000000081e00000, 0x0000000081f00000, 0x0000000081f00000|100%| O|  |TAMS 0x0000000081f00000, 0x0000000081e00000| Updating 
|  31|0x0000000081f00000, 0x0000000082000000, 0x0000000082000000|100%| O|  |TAMS 0x0000000082000000, 0x0000000081f00000| Updating 
|  32|0x0000000082000000, 0x0000000082100000, 0x0000000082100000|100%| O|  |TAMS 0x0000000082100000, 0x0000000082000000| Updating 
|  33|0x0000000082100000, 0x0000000082200000, 0x0000000082200000|100%| O|  |TAMS 0x0000000082200000, 0x0000000082100000| Updating 
|  34|0x0000000082200000, 0x0000000082300000, 0x0000000082300000|100%| O|  |TAMS 0x0000000082300000, 0x0000000082200000| Updating 
|  35|0x0000000082300000, 0x0000000082400000, 0x0000000082400000|100%|HS|  |TAMS 0x0000000082400000, 0x0000000082300000| Complete 
|  36|0x0000000082400000, 0x0000000082500000, 0x0000000082500000|100%|HC|  |TAMS 0x0000000082500000, 0x0000000082400000| Complete 
|  37|0x0000000082500000, 0x0000000082600000, 0x0000000082600000|100%|HC|  |TAMS 0x0000000082600000, 0x0000000082500000| Complete 
|  38|0x0000000082600000, 0x0000000082700000, 0x0000000082700000|100%|HC|  |TAMS 0x0000000082700000, 0x0000000082600000| Complete 
|  39|0x0000000082700000, 0x0000000082800000, 0x0000000082800000|100%| O|  |TAMS 0x0000000082800000, 0x0000000082700000| Updating 
|  40|0x0000000082800000, 0x0000000082900000, 0x0000000082900000|100%| O|  |TAMS 0x0000000082900000, 0x0000000082800000| Updating 
|  41|0x0000000082900000, 0x0000000082a00000, 0x0000000082a00000|100%| O|  |TAMS 0x0000000082a00000, 0x0000000082900000| Updating 
|  42|0x0000000082a00000, 0x0000000082b00000, 0x0000000082b00000|100%| O|  |TAMS 0x0000000082b00000, 0x0000000082a00000| Updating 
|  43|0x0000000082b00000, 0x0000000082c00000, 0x0000000082c00000|100%| O|  |TAMS 0x0000000082c00000, 0x0000000082b00000| Updating 
|  44|0x0000000082c00000, 0x0000000082d00000, 0x0000000082d00000|100%| O|  |TAMS 0x0000000082d00000, 0x0000000082c00000| Updating 
|  45|0x0000000082d00000, 0x0000000082e00000, 0x0000000082e00000|100%| O|  |TAMS 0x0000000082e00000, 0x0000000082d00000| Updating 
|  46|0x0000000082e00000, 0x0000000082f00000, 0x0000000082f00000|100%| O|  |TAMS 0x0000000082f00000, 0x0000000082e00000| Updating 
|  47|0x0000000082f00000, 0x0000000083000000, 0x0000000083000000|100%| O|  |TAMS 0x0000000083000000, 0x0000000082f00000| Updating 
|  48|0x0000000083000000, 0x0000000083100000, 0x0000000083100000|100%| O|  |TAMS 0x0000000083100000, 0x0000000083000000| Updating 
|  49|0x0000000083100000, 0x0000000083200000, 0x0000000083200000|100%| O|  |TAMS 0x0000000083200000, 0x0000000083100000| Updating 
|  50|0x0000000083200000, 0x0000000083300000, 0x0000000083300000|100%| O|  |TAMS 0x0000000083300000, 0x0000000083200000| Updating 
|  51|0x0000000083300000, 0x0000000083400000, 0x0000000083400000|100%| O|  |TAMS 0x0000000083400000, 0x0000000083300000| Updating 
|  52|0x0000000083400000, 0x0000000083500000, 0x0000000083500000|100%| O|  |TAMS 0x0000000083500000, 0x0000000083400000| Updating 
|  53|0x0000000083500000, 0x0000000083600000, 0x0000000083600000|100%| O|  |TAMS 0x0000000083600000, 0x0000000083500000| Updating 
|  54|0x0000000083600000, 0x0000000083700000, 0x0000000083700000|100%| O|  |TAMS 0x0000000083700000, 0x0000000083600000| Updating 
|  55|0x0000000083700000, 0x00000000837ae600, 0x0000000083800000| 68%| O|  |TAMS 0x00000000837ae600, 0x0000000083700000| Updating 
|  56|0x0000000083800000, 0x0000000083900000, 0x0000000083900000|100%|HS|  |TAMS 0x0000000083900000, 0x0000000083800000| Complete 
|  57|0x0000000083900000, 0x0000000083a00000, 0x0000000083a00000|100%|HS|  |TAMS 0x0000000083900000, 0x0000000083900000| Complete 
|  58|0x0000000083a00000, 0x0000000083a00000, 0x0000000083b00000|  0%| F|  |TAMS 0x0000000083a00000, 0x0000000083a00000| Untracked 
|  59|0x0000000083b00000, 0x0000000083b00000, 0x0000000083c00000|  0%| F|  |TAMS 0x0000000083b00000, 0x0000000083b00000| Untracked 
|  60|0x0000000083c00000, 0x0000000083c00000, 0x0000000083d00000|  0%| F|  |TAMS 0x0000000083c00000, 0x0000000083c00000| Untracked 
|  61|0x0000000083d00000, 0x0000000083d00000, 0x0000000083e00000|  0%| F|  |TAMS 0x0000000083d00000, 0x0000000083d00000| Untracked 
|  62|0x0000000083e00000, 0x0000000083e00000, 0x0000000083f00000|  0%| F|  |TAMS 0x0000000083e00000, 0x0000000083e00000| Untracked 
|  63|0x0000000083f00000, 0x0000000083f00000, 0x0000000084000000|  0%| F|  |TAMS 0x0000000083f00000, 0x0000000083f00000| Untracked 
|  64|0x0000000084000000, 0x0000000084000000, 0x0000000084100000|  0%| F|  |TAMS 0x0000000084000000, 0x0000000084000000| Untracked 
|  65|0x0000000084100000, 0x0000000084100000, 0x0000000084200000|  0%| F|  |TAMS 0x0000000084100000, 0x0000000084100000| Untracked 
|  66|0x0000000084200000, 0x0000000084200000, 0x0000000084300000|  0%| F|  |TAMS 0x0000000084200000, 0x0000000084200000| Untracked 
|  67|0x0000000084300000, 0x0000000084300000, 0x0000000084400000|  0%| F|  |TAMS 0x0000000084300000, 0x0000000084300000| Untracked 
|  68|0x0000000084400000, 0x0000000084400000, 0x0000000084500000|  0%| F|  |TAMS 0x0000000084400000, 0x0000000084400000| Untracked 
|  69|0x0000000084500000, 0x0000000084500000, 0x0000000084600000|  0%| F|  |TAMS 0x0000000084500000, 0x0000000084500000| Untracked 
|  70|0x0000000084600000, 0x0000000084600000, 0x0000000084700000|  0%| F|  |TAMS 0x0000000084600000, 0x0000000084600000| Untracked 
|  71|0x0000000084700000, 0x0000000084700000, 0x0000000084800000|  0%| F|  |TAMS 0x0000000084700000, 0x0000000084700000| Untracked 
|  72|0x0000000084800000, 0x0000000084800000, 0x0000000084900000|  0%| F|  |TAMS 0x0000000084800000, 0x0000000084800000| Untracked 
|  73|0x0000000084900000, 0x0000000084900000, 0x0000000084a00000|  0%| F|  |TAMS 0x0000000084900000, 0x0000000084900000| Untracked 
|  74|0x0000000084a00000, 0x0000000084a00000, 0x0000000084b00000|  0%| F|  |TAMS 0x0000000084a00000, 0x0000000084a00000| Untracked 
|  75|0x0000000084b00000, 0x0000000084b00000, 0x0000000084c00000|  0%| F|  |TAMS 0x0000000084b00000, 0x0000000084b00000| Untracked 
|  76|0x0000000084c00000, 0x0000000084c00000, 0x0000000084d00000|  0%| F|  |TAMS 0x0000000084c00000, 0x0000000084c00000| Untracked 
|  77|0x0000000084d00000, 0x0000000084d00000, 0x0000000084e00000|  0%| F|  |TAMS 0x0000000084d00000, 0x0000000084d00000| Untracked 
|  78|0x0000000084e00000, 0x0000000084e00000, 0x0000000084f00000|  0%| F|  |TAMS 0x0000000084e00000, 0x0000000084e00000| Untracked 
|  79|0x0000000084f00000, 0x0000000084f00000, 0x0000000085000000|  0%| F|  |TAMS 0x0000000084f00000, 0x0000000084f00000| Untracked 
|  80|0x0000000085000000, 0x0000000085000000, 0x0000000085100000|  0%| F|  |TAMS 0x0000000085000000, 0x0000000085000000| Untracked 
|  81|0x0000000085100000, 0x0000000085100000, 0x0000000085200000|  0%| F|  |TAMS 0x0000000085100000, 0x0000000085100000| Untracked 
|  82|0x0000000085200000, 0x0000000085200000, 0x0000000085300000|  0%| F|  |TAMS 0x0000000085200000, 0x0000000085200000| Untracked 
|  83|0x0000000085300000, 0x0000000085300000, 0x0000000085400000|  0%| F|  |TAMS 0x0000000085300000, 0x0000000085300000| Untracked 
|  84|0x0000000085400000, 0x0000000085400000, 0x0000000085500000|  0%| F|  |TAMS 0x0000000085400000, 0x0000000085400000| Untracked 
|  85|0x0000000085500000, 0x0000000085500000, 0x0000000085600000|  0%| F|  |TAMS 0x0000000085500000, 0x0000000085500000| Untracked 
|  86|0x0000000085600000, 0x0000000085600000, 0x0000000085700000|  0%| F|  |TAMS 0x0000000085600000, 0x0000000085600000| Untracked 
|  87|0x0000000085700000, 0x0000000085700000, 0x0000000085800000|  0%| F|  |TAMS 0x0000000085700000, 0x0000000085700000| Untracked 
|  88|0x0000000085800000, 0x0000000085800000, 0x0000000085900000|  0%| F|  |TAMS 0x0000000085800000, 0x0000000085800000| Untracked 
|  89|0x0000000085900000, 0x0000000085900000, 0x0000000085a00000|  0%| F|  |TAMS 0x0000000085900000, 0x0000000085900000| Untracked 
|  90|0x0000000085a00000, 0x0000000085a00000, 0x0000000085b00000|  0%| F|  |TAMS 0x0000000085a00000, 0x0000000085a00000| Untracked 
|  91|0x0000000085b00000, 0x0000000085b00000, 0x0000000085c00000|  0%| F|  |TAMS 0x0000000085b00000, 0x0000000085b00000| Untracked 
|  92|0x0000000085c00000, 0x0000000085c00000, 0x0000000085d00000|  0%| F|  |TAMS 0x0000000085c00000, 0x0000000085c00000| Untracked 
|  93|0x0000000085d00000, 0x0000000085d00000, 0x0000000085e00000|  0%| F|  |TAMS 0x0000000085d00000, 0x0000000085d00000| Untracked 
|  94|0x0000000085e00000, 0x0000000085e00000, 0x0000000085f00000|  0%| F|  |TAMS 0x0000000085e00000, 0x0000000085e00000| Untracked 
|  95|0x0000000085f00000, 0x0000000085f00000, 0x0000000086000000|  0%| F|  |TAMS 0x0000000085f00000, 0x0000000085f00000| Untracked 
|  96|0x0000000086000000, 0x0000000086000000, 0x0000000086100000|  0%| F|  |TAMS 0x0000000086000000, 0x0000000086000000| Untracked 
|  97|0x0000000086100000, 0x0000000086146660, 0x0000000086200000| 27%| S|CS|TAMS 0x0000000086100000, 0x0000000086100000| Complete 
|  98|0x0000000086200000, 0x0000000086300000, 0x0000000086300000|100%| S|CS|TAMS 0x0000000086200000, 0x0000000086200000| Complete 
|  99|0x0000000086300000, 0x0000000086400000, 0x0000000086400000|100%| S|CS|TAMS 0x0000000086300000, 0x0000000086300000| Complete 
| 100|0x0000000086400000, 0x0000000086427380, 0x0000000086500000| 15%| E|  |TAMS 0x0000000086400000, 0x0000000086400000| Complete 
| 127|0x0000000087f00000, 0x0000000088000000, 0x0000000088000000|100%| E|CS|TAMS 0x0000000087f00000, 0x0000000087f00000| Complete 

Card table byte_map: [0x000001bdfb9d0000,0x000001bdfbdd0000] _byte_map_base: 0x000001bdfb5d0000

Marking Bits (Prev, Next): (CMBitMap*) 0x000001bde4ea2b90, (CMBitMap*) 0x000001bde4ea2bd0
 Prev Bits: [0x000001bdfc1d0000, 0x000001bdfe1d0000)
 Next Bits: [0x000001bd80000000, 0x000001bd82000000)

Polling page: 0x000001bde2de0000

Metaspace:

Usage:
  Non-class:     52.79 MB used.
      Class:      8.36 MB used.
       Both:     61.15 MB used.

Virtual space:
  Non-class space:       56.00 MB reserved,      53.12 MB ( 95%) committed,  7 nodes.
      Class space:      412.00 MB reserved,       8.69 MB (  2%) committed,  1 nodes.
              Both:      468.00 MB reserved,      61.81 MB ( 13%) committed. 

Chunk freelists:
   Non-Class:  2.92 MB
       Class:  3.24 MB
        Both:  6.16 MB

MaxMetaspaceSize: 512.00 MB
CompressedClassSpaceSize: 412.00 MB
 - commit_granule_bytes: 65536.
 - commit_granule_words: 8192.
 - virtual_space_node_default_size: 1048576.
 - enlarge_chunks_in_place: 1.
 - new_chunks_are_fully_committed: 0.
 - uncommit_free_chunks: 1.
 - use_allocation_guard: 0.
 - handle_deallocations: 1.


Internal statistics:

num_allocs_failed_limit: 8.
num_arena_births: 740.
num_arena_deaths: 0.
num_vsnodes_births: 8.
num_vsnodes_deaths: 0.
num_space_committed: 989.
num_space_uncommitted: 0.
num_chunks_returned_to_freelist: 8.
num_chunks_taken_from_freelist: 3257.
num_chunk_merges: 8.
num_chunk_splits: 2174.
num_chunks_enlarged: 1467.
num_purges: 0.

CodeHeap 'non-profiled nmethods': size=120000Kb used=4492Kb max_used=4492Kb free=115507Kb
 bounds [0x000001bdf40a0000, 0x000001bdf4510000, 0x000001bdfb5d0000]
CodeHeap 'profiled nmethods': size=120000Kb used=16325Kb max_used=16325Kb free=103675Kb
 bounds [0x000001bdecb70000, 0x000001bdedb70000, 0x000001bdf40a0000]
CodeHeap 'non-nmethods': size=5760Kb used=2383Kb max_used=2444Kb free=3376Kb
 bounds [0x000001bdec5d0000, 0x000001bdec840000, 0x000001bdecb70000]
 total_blobs=8819 nmethods=7911 adapters=820
 compilation: enabled
              stopped_count=0, restarted_count=0
 full_count=0

Compilation events (20 events):
Event: 165.228 Thread 0x000001bdfe659f00 nmethod 8764 0x000001bdedb5c210 code [0x000001bdedb5c460, 0x000001bdedb5ccf8]
Event: 165.233 Thread 0x000001bdfe659500 nmethod 8761 0x000001bdf44f2c10 code [0x000001bdf44f2de0, 0x000001bdf44f3390]
Event: 165.233 Thread 0x000001bdfe659500 8762       4       groovy.lang.MetaClassImpl$1::methodNameAction (169 bytes)
Event: 165.254 Thread 0x000001bdfe659500 nmethod 8762 0x000001bdf44f3790 code [0x000001bdf44f3960, 0x000001bdf44f40d8]
Event: 165.329 Thread 0x000001bdfe659500 8765 %     4       java.util.zip.ZipFile$Source::initCEN @ 238 (805 bytes)
Event: 165.529 Thread 0x000001bdfe659500 nmethod 8765% 0x000001bdf44f4510 code [0x000001bdf44f4800, 0x000001bdf44f7cc0]
Event: 165.530 Thread 0x000001bdfe659500 8766       4       org.gradle.internal.instantiation.generator.AbstractClassGenerator$InjectionAnnotationValidator::validateMethod (502 bytes)
Event: 165.577 Thread 0x000001bdfe659500 nmethod 8766 0x000001bdf44f9890 code [0x000001bdf44f9b00, 0x000001bdf44facb0]
Event: 165.577 Thread 0x000001bdfe659500 8767       4       java.util.regex.Pattern$TreeInfo::reset (21 bytes)
Event: 165.577 Thread 0x000001bdfe659500 nmethod 8767 0x000001bdf44fbb90 code [0x000001bdf44fbd00, 0x000001bdf44fbd98]
Event: 165.586 Thread 0x000001bdfe659500 8768       4       java.util.zip.ZipFile$Source::initCEN (805 bytes)
Event: 165.847 Thread 0x000001bdfe659500 nmethod 8768 0x000001bdf44fbe90 code [0x000001bdf44fc1e0, 0x000001bdf4500670]
Event: 167.582 Thread 0x000001bdfe659f00 8769       3       sun.net.util.IPAddressUtil::checkExternalForm (69 bytes)
Event: 167.584 Thread 0x000001bdfe659f00 nmethod 8769 0x000001bdedb5d010 code [0x000001bdedb5d300, 0x000001bdedb5dfd8]
Event: 167.589 Thread 0x000001bdfe659f00 8770       3       jdk.internal.loader.URLClassPath$3::run (172 bytes)
Event: 167.591 Thread 0x000001bdfe659f00 nmethod 8770 0x000001bdedb5e410 code [0x000001bdedb5e740, 0x000001bdedb5f928]
Event: 167.593 Thread 0x000001bdfe659f00 8771       3       jdk.internal.loader.URLClassPath$JarLoader::getJarFile (102 bytes)
Event: 167.594 Thread 0x000001bdfe659f00 nmethod 8771 0x000001bdedb5ff90 code [0x000001bdedb60260, 0x000001bdedb60fa8]
Event: 167.605 Thread 0x000001bdfe659500 8772       4       java.util.jar.Attributes$Name::hash (148 bytes)
Event: 167.610 Thread 0x000001bdfe659500 nmethod 8772 0x000001bdf4502b90 code [0x000001bdf4502d40, 0x000001bdf4503008]

GC Heap History (20 events):
Event: 126.692 GC heap before
{Heap before GC invocations=18 (full 0):
 garbage-first heap   total 78848K, used 64282K [0x0000000080000000, 0x0000000100000000)
  region size 1024K, 21 young (21504K), 2 survivors (2048K)
 Metaspace       used 50349K, committed 50944K, reserved 471040K
  class space    used 6954K, committed 7232K, reserved 421888K
}
Event: 126.697 GC heap after
{Heap after GC invocations=19 (full 0):
 garbage-first heap   total 78848K, used 45515K [0x0000000080000000, 0x0000000100000000)
  region size 1024K, 3 young (3072K), 3 survivors (3072K)
 Metaspace       used 50349K, committed 50944K, reserved 471040K
  class space    used 6954K, committed 7232K, reserved 421888K
}
Event: 130.891 GC heap before
{Heap before GC invocations=19 (full 0):
 garbage-first heap   total 78848K, used 64971K [0x0000000080000000, 0x0000000100000000)
  region size 1024K, 22 young (22528K), 3 survivors (3072K)
 Metaspace       used 52938K, committed 53568K, reserved 471040K
  class space    used 7280K, committed 7552K, reserved 421888K
}
Event: 130.898 GC heap after
{Heap after GC invocations=20 (full 0):
 garbage-first heap   total 78848K, used 46513K [0x0000000080000000, 0x0000000100000000)
  region size 1024K, 3 young (3072K), 3 survivors (3072K)
 Metaspace       used 52938K, committed 53568K, reserved 471040K
  class space    used 7280K, committed 7552K, reserved 421888K
}
Event: 134.750 GC heap before
{Heap before GC invocations=21 (full 0):
 garbage-first heap   total 81920K, used 64945K [0x0000000080000000, 0x0000000100000000)
  region size 1024K, 21 young (21504K), 3 survivors (3072K)
 Metaspace       used 54260K, committed 54848K, reserved 471040K
  class space    used 7431K, committed 7744K, reserved 421888K
}
Event: 134.755 GC heap after
{Heap after GC invocations=22 (full 0):
 garbage-first heap   total 81920K, used 47447K [0x0000000080000000, 0x0000000100000000)
  region size 1024K, 2 young (2048K), 2 survivors (2048K)
 Metaspace       used 54260K, committed 54848K, reserved 471040K
  class space    used 7431K, committed 7744K, reserved 421888K
}
Event: 137.557 GC heap before
{Heap before GC invocations=22 (full 0):
 garbage-first heap   total 81920K, used 68951K [0x0000000080000000, 0x0000000100000000)
  region size 1024K, 23 young (23552K), 2 survivors (2048K)
 Metaspace       used 56383K, committed 57088K, reserved 471040K
  class space    used 7735K, committed 8064K, reserved 421888K
}
Event: 137.563 GC heap after
{Heap after GC invocations=23 (full 0):
 garbage-first heap   total 81920K, used 48976K [0x0000000080000000, 0x0000000100000000)
  region size 1024K, 3 young (3072K), 3 survivors (3072K)
 Metaspace       used 56383K, committed 57088K, reserved 471040K
  class space    used 7735K, committed 8064K, reserved 421888K
}
Event: 140.544 GC heap before
{Heap before GC invocations=24 (full 0):
 garbage-first heap   total 89088K, used 67408K [0x0000000080000000, 0x0000000100000000)
  region size 1024K, 21 young (21504K), 3 survivors (3072K)
 Metaspace       used 57437K, committed 58048K, reserved 479232K
  class space    used 7913K, committed 8192K, reserved 421888K
}
Event: 140.553 GC heap after
{Heap after GC invocations=25 (full 0):
 garbage-first heap   total 89088K, used 50278K [0x0000000080000000, 0x0000000100000000)
  region size 1024K, 3 young (3072K), 3 survivors (3072K)
 Metaspace       used 57437K, committed 58048K, reserved 479232K
  class space    used 7913K, committed 8192K, reserved 421888K
}
Event: 152.556 GC heap before
{Heap before GC invocations=25 (full 0):
 garbage-first heap   total 89088K, used 73830K [0x0000000080000000, 0x0000000100000000)
  region size 1024K, 26 young (26624K), 3 survivors (3072K)
 Metaspace       used 58772K, committed 59456K, reserved 479232K
  class space    used 8055K, committed 8384K, reserved 421888K
}
Event: 152.567 GC heap after
{Heap after GC invocations=26 (full 0):
 garbage-first heap   total 89088K, used 52285K [0x0000000080000000, 0x0000000100000000)
  region size 1024K, 4 young (4096K), 4 survivors (4096K)
 Metaspace       used 58772K, committed 59456K, reserved 479232K
  class space    used 8055K, committed 8384K, reserved 421888K
}
Event: 157.106 GC heap before
{Heap before GC invocations=27 (full 0):
 garbage-first heap   total 92160K, used 71741K [0x0000000080000000, 0x0000000100000000)
  region size 1024K, 24 young (24576K), 4 survivors (4096K)
 Metaspace       used 60455K, committed 61056K, reserved 479232K
  class space    used 8322K, committed 8640K, reserved 421888K
}
Event: 157.116 GC heap after
{Heap after GC invocations=28 (full 0):
 garbage-first heap   total 92160K, used 54072K [0x0000000080000000, 0x0000000100000000)
  region size 1024K, 2 young (2048K), 2 survivors (2048K)
 Metaspace       used 60455K, committed 61056K, reserved 479232K
  class space    used 8322K, committed 8640K, reserved 421888K
}
Event: 163.382 GC heap before
{Heap before GC invocations=28 (full 0):
 garbage-first heap   total 92160K, used 76599K [0x0000000080000000, 0x0000000100000000)
  region size 1024K, 24 young (24576K), 2 survivors (2048K)
 Metaspace       used 62434K, committed 63040K, reserved 479232K
  class space    used 8550K, committed 8832K, reserved 421888K
}
Event: 163.392 GC heap after
{Heap after GC invocations=29 (full 0):
 garbage-first heap   total 92160K, used 56489K [0x0000000080000000, 0x0000000100000000)
  region size 1024K, 3 young (3072K), 3 survivors (3072K)
 Metaspace       used 62434K, committed 63040K, reserved 479232K
  class space    used 8550K, committed 8832K, reserved 421888K
}
Event: 165.319 GC heap before
{Heap before GC invocations=30 (full 0):
 garbage-first heap   total 104448K, used 66729K [0x0000000080000000, 0x0000000100000000)
  region size 1024K, 15 young (15360K), 3 survivors (3072K)
 Metaspace       used 62530K, committed 63232K, reserved 479232K
  class space    used 8552K, committed 8896K, reserved 421888K
}
Event: 165.326 GC heap after
{Heap after GC invocations=31 (full 0):
 garbage-first heap   total 104448K, used 57947K [0x0000000080000000, 0x0000000100000000)
  region size 1024K, 2 young (2048K), 2 survivors (2048K)
 Metaspace       used 62530K, committed 63232K, reserved 479232K
  class space    used 8552K, committed 8896K, reserved 421888K
}
Event: 167.571 GC heap before
{Heap before GC invocations=32 (full 0):
 garbage-first heap   total 104448K, used 58971K [0x0000000080000000, 0x0000000100000000)
  region size 1024K, 4 young (4096K), 2 survivors (2048K)
 Metaspace       used 62602K, committed 63296K, reserved 479232K
  class space    used 8559K, committed 8896K, reserved 421888K
}
Event: 167.574 GC heap after
{Heap after GC invocations=33 (full 0):
 garbage-first heap   total 104448K, used 59830K [0x0000000080000000, 0x0000000100000000)
  region size 1024K, 3 young (3072K), 3 survivors (3072K)
 Metaspace       used 62602K, committed 63296K, reserved 479232K
  class space    used 8559K, committed 8896K, reserved 421888K
}

Deoptimization events (20 events):
Event: 162.211 Thread 0x000001bd85a9d180 DEOPT PACKING pc=0x000001bdf42119a4 sp=0x00000006b39fe7b0
Event: 162.211 Thread 0x000001bd85a9d180 DEOPT UNPACKING pc=0x000001bdec61d72e sp=0x00000006b39fe748 mode 2
Event: 162.372 Thread 0x000001bd85a9e6c0 Uncommon trap: trap_request=0xffffffc6 fr.pc=0x000001bdf43186c8 relative=0x0000000000000928
Event: 162.372 Thread 0x000001bd85a9e6c0 Uncommon trap: reason=bimorphic_or_optimized_type_check action=maybe_recompile pc=0x000001bdf43186c8 method=java.io.BufferedInputStream.read1([BII)I @ 39 c2
Event: 162.372 Thread 0x000001bd85a9e6c0 DEOPT PACKING pc=0x000001bdf43186c8 sp=0x00000006b3bfdf10
Event: 162.372 Thread 0x000001bd85a9e6c0 DEOPT UNPACKING pc=0x000001bdec61d72e sp=0x00000006b3bfde28 mode 2
Event: 162.397 Thread 0x000001bd85a9e6c0 Uncommon trap: trap_request=0xffffffc6 fr.pc=0x000001bdf43186c8 relative=0x0000000000000928
Event: 162.397 Thread 0x000001bd85a9e6c0 Uncommon trap: reason=bimorphic_or_optimized_type_check action=maybe_recompile pc=0x000001bdf43186c8 method=java.io.BufferedInputStream.read1([BII)I @ 39 c2
Event: 162.397 Thread 0x000001bd85a9e6c0 DEOPT PACKING pc=0x000001bdf43186c8 sp=0x00000006b3bfdf10
Event: 162.397 Thread 0x000001bd85a9e6c0 DEOPT UNPACKING pc=0x000001bdec61d72e sp=0x00000006b3bfde28 mode 2
Event: 164.533 Thread 0x000001bd848c63e0 DEOPT PACKING pc=0x000001bded529361 sp=0x00000006b03f91c0
Event: 164.533 Thread 0x000001bd848c63e0 DEOPT UNPACKING pc=0x000001bdec61dece sp=0x00000006b03f86b8 mode 0
Event: 165.352 Thread 0x000001bd848c63e0 Uncommon trap: trap_request=0xffffff45 fr.pc=0x000001bdf4239bec relative=0x0000000000001aec
Event: 165.352 Thread 0x000001bd848c63e0 Uncommon trap: reason=unstable_if action=reinterpret pc=0x000001bdf4239bec method=java.util.zip.ZipFile.getInputStream(Ljava/util/zip/ZipEntry;)Ljava/io/InputStream; @ 101 c2
Event: 165.352 Thread 0x000001bd848c63e0 DEOPT PACKING pc=0x000001bdf4239bec sp=0x00000006b03f67f0
Event: 165.352 Thread 0x000001bd848c63e0 DEOPT UNPACKING pc=0x000001bdec61d72e sp=0x00000006b03f67b8 mode 2
Event: 165.361 Thread 0x000001bd848c63e0 Uncommon trap: trap_request=0xffffffde fr.pc=0x000001bdf41a8010 relative=0x0000000000006e30
Event: 165.361 Thread 0x000001bd848c63e0 Uncommon trap: reason=class_check action=maybe_recompile pc=0x000001bdf41a8010 method=java.util.jar.JarFile.getManifestFromReference()Ljava/util/jar/Manifest; @ 118 c2
Event: 165.361 Thread 0x000001bd848c63e0 DEOPT PACKING pc=0x000001bdf41a8010 sp=0x00000006b03f6eb0
Event: 165.361 Thread 0x000001bd848c63e0 DEOPT UNPACKING pc=0x000001bdec61d72e sp=0x00000006b03f6b80 mode 2

Classes unloaded (0 events):
No events

Classes redefined (0 events):
No events

Internal exceptions (20 events):
Event: 137.699 Thread 0x000001bd848c63e0 Exception <a 'java/lang/ClassNotFoundException'{0x0000000085d9f4d0}: org/gradle/api/internal/DefaultDomainObjectCollectionBeanInfo> (0x0000000085d9f4d0) 
thrown [t:\workspace\open\src\hotspot\share\classfile\systemDictionary.cpp, line 256]
Event: 137.700 Thread 0x000001bd848c63e0 Exception <a 'java/lang/ClassNotFoundException'{0x0000000085db4648}: org/gradle/api/internal/DefaultDomainObjectCollectionCustomizer> (0x0000000085db4648) 
thrown [t:\workspace\open\src\hotspot\share\classfile\systemDictionary.cpp, line 256]
Event: 137.707 Thread 0x000001bd848c63e0 Exception <a 'java/lang/ClassNotFoundException'{0x0000000085de8ed0}: org/gradle/api/internal/DefaultNamedDomainObjectCollectionCustomizer> (0x0000000085de8ed0) 
thrown [t:\workspace\open\src\hotspot\share\classfile\systemDictionary.cpp, line 256]
Event: 137.715 Thread 0x000001bd848c63e0 Exception <a 'java/lang/ClassNotFoundException'{0x0000000085c25948}: org/gradle/api/internal/DefaultNamedDomainObjectListCustomizer> (0x0000000085c25948) 
thrown [t:\workspace\open\src\hotspot\share\classfile\systemDictionary.cpp, line 256]
Event: 137.718 Thread 0x000001bd848c63e0 Exception <a 'java/lang/ClassNotFoundException'{0x0000000085c578d0}: org/gradle/api/internal/artifacts/DefaultArtifactRepositoryContainerCustomizer> (0x0000000085c578d0) 
thrown [t:\workspace\open\src\hotspot\share\classfile\systemDictionary.cpp, line 256]
Event: 137.720 Thread 0x000001bd848c63e0 Exception <a 'java/lang/ClassNotFoundException'{0x0000000085c817a0}: org/gradle/api/internal/artifacts/dsl/DefaultRepositoryHandlerCustomizer> (0x0000000085c817a0) 
thrown [t:\workspace\open\src\hotspot\share\classfile\systemDictionary.cpp, line 256]
Event: 137.727 Thread 0x000001bd848c63e0 Exception <a 'java/lang/ClassNotFoundException'{0x0000000085cb89e0}: org/gradle/api/internal/artifacts/dsl/DefaultRepositoryHandler_DecoratedCustomizer> (0x0000000085cb89e0) 
thrown [t:\workspace\open\src\hotspot\share\classfile\systemDictionary.cpp, line 256]
Event: 137.831 Thread 0x000001bd848c63e0 Exception <a 'java/lang/ClassNotFoundException'{0x000000008524a3d8}: org/gradle/api/internal/artifacts/dsl/dependencies/DefaultDependencyHandler_DecoratedBeanInfo> (0x000000008524a3d8) 
thrown [t:\workspace\open\src\hotspot\share\classfile\systemDictionary.cpp, line 256]
Event: 137.833 Thread 0x000001bd848c63e0 Exception <a 'java/lang/ClassNotFoundException'{0x00000000852624f0}: org/gradle/api/internal/artifacts/dsl/dependencies/DefaultDependencyHandlerBeanInfo> (0x00000000852624f0) 
thrown [t:\workspace\open\src\hotspot\share\classfile\systemDictionary.cpp, line 256]
Event: 137.835 Thread 0x000001bd848c63e0 Exception <a 'java/lang/ClassNotFoundException'{0x0000000085279848}: org/gradle/api/internal/artifacts/dsl/dependencies/DefaultDependencyHandlerCustomizer> (0x0000000085279848) 
thrown [t:\workspace\open\src\hotspot\share\classfile\systemDictionary.cpp, line 256]
Event: 137.841 Thread 0x000001bd848c63e0 Exception <a 'java/lang/ClassNotFoundException'{0x00000000852b9c28}: org/gradle/api/internal/artifacts/dsl/dependencies/DefaultDependencyHandler_DecoratedCustomizer> (0x00000000852b9c28) 
thrown [t:\workspace\open\src\hotspot\share\classfile\systemDictionary.cpp, line 256]
Event: 148.842 Thread 0x000001bd848c63e0 Exception <a 'java/lang/NoSuchMethodError'{0x00000000848fa7b8}: 'java.lang.Object java.lang.invoke.DirectMethodHandle$Holder.invokeSpecial(java.lang.Object, java.lang.Object, java.lang.Object, java.lang.Object, java.lang.Object, java.lang.Object, java.lang.Object, java.lang.Object, java.lang.Object, java.lang.Object, java.lang.Object)'> (0x00000000848fa7b8) 
thrown [t:\workspace\open\src\hotspot\share\interpreter\linkResolver.cpp, line 790]
Event: 148.844 Thread 0x000001bd848c63e0 Exception <a 'java/lang/NoSuchMethodError'{0x00000000847094c0}: 'java.lang.Object java.lang.invoke.DirectMethodHandle$Holder.newInvokeSpecial(java.lang.Object, java.lang.Object, java.lang.Object, java.lang.Object, java.lang.Object, java.lang.Object, java.lang.Object, java.lang.Object, java.lang.Object, java.lang.Object)'> (0x00000000847094c0) 
thrown [t:\workspace\open\src\hotspot\share\interpreter\linkResolver.cpp, line 790]
Event: 148.845 Thread 0x000001bd848c63e0 Exception <a 'java/lang/NoSuchMethodError'{0x000000008470f810}: 'java.lang.Object java.lang.invoke.Invokers$Holder.linkToTargetMethod(java.lang.Object, java.lang.Object, java.lang.Object, java.lang.Object, java.lang.Object, java.lang.Object, java.lang.Object, java.lang.Object, java.lang.Object, java.lang.Object)'> (0x000000008470f810) 
thrown [t:\workspace\open\src\hotspot\share\interpreter\linkResolver.cpp, line 790]
Event: 154.169 Thread 0x000001bd85a9cc30 Exception <a 'java/lang/NoSuchMethodError'{0x00000000854dc5f8}: 'java.lang.Object java.lang.invoke.DirectMethodHandle$Holder.newInvokeSpecial(java.lang.Object, java.lang.Object, java.lang.Object, java.lang.Object, int, java.lang.Object)'> (0x00000000854dc5f8) 
thrown [t:\workspace\open\src\hotspot\share\interpreter\linkResolver.cpp, line 790]
Event: 154.170 Thread 0x000001bd85a9cc30 Exception <a 'java/lang/NoSuchMethodError'{0x00000000854e0a68}: 'java.lang.Object java.lang.invoke.Invokers$Holder.linkToTargetMethod(java.lang.Object, java.lang.Object, java.lang.Object, int, java.lang.Object, java.lang.Object)'> (0x00000000854e0a68) 
thrown [t:\workspace\open\src\hotspot\share\interpreter\linkResolver.cpp, line 790]
Event: 154.197 Thread 0x000001bd85a9cc30 Exception <a 'java/lang/NoSuchMethodError'{0x0000000085356db8}: 'void java.lang.invoke.DirectMethodHandle$Holder.invokeInterface(java.lang.Object, java.lang.Object, java.lang.Object, java.lang.Object)'> (0x0000000085356db8) 
thrown [t:\workspace\open\src\hotspot\share\interpreter\linkResolver.cpp, line 790]
Event: 155.035 Thread 0x000001bd85a9cc30 Exception <a 'java/lang/NoSuchMethodError'{0x0000000085139cf8}: 'int java.lang.invoke.DirectMethodHandle$Holder.invokeSpecial(java.lang.Object, java.lang.Object, java.lang.Object, java.lang.Object, java.lang.Object)'> (0x0000000085139cf8) 
thrown [t:\workspace\open\src\hotspot\share\interpreter\linkResolver.cpp, line 790]
Event: 165.225 Thread 0x000001bd848c63e0 Exception <a 'java/lang/ClassNotFoundException'{0x0000000085a39840}: build_1stbm341uzgr0x4lhvewfwamrBeanInfo> (0x0000000085a39840) 
thrown [t:\workspace\open\src\hotspot\share\classfile\systemDictionary.cpp, line 256]
Event: 165.225 Thread 0x000001bd848c63e0 Exception <a 'java/lang/ClassNotFoundException'{0x0000000085a40398}: build_1stbm341uzgr0x4lhvewfwamrCustomizer> (0x0000000085a40398) 
thrown [t:\workspace\open\src\hotspot\share\classfile\systemDictionary.cpp, line 256]

Events (20 events):
Event: 162.415 loading class java/util/concurrent/ConcurrentLinkedQueue$Itr done
Event: 162.994 Executing  VM operation: ICBufferFull
Event: 162.994 Executing  VM operation: ICBufferFull done
Event: 163.381 Executing  VM operation: G1CollectForAllocation
Event: 163.393 Executing  VM operation: G1CollectForAllocation done
Event: 163.561 Executing  VM operation: G1Concurrent
Event: 163.569 Executing  VM operation: G1Concurrent done
Event: 163.643 Executing  VM operation: G1Concurrent
Event: 163.643 Executing  VM operation: G1Concurrent done
Event: 164.651 Executing  VM operation: Cleanup
Event: 164.651 Executing  VM operation: Cleanup done
Event: 165.319 Executing  VM operation: G1TryInitiateConcMark
Event: 165.327 Executing  VM operation: G1TryInitiateConcMark done
Event: 165.510 Executing  VM operation: G1Concurrent
Event: 165.518 Executing  VM operation: G1Concurrent done
Event: 165.613 Executing  VM operation: G1Concurrent
Event: 165.613 Executing  VM operation: G1Concurrent done
Event: 167.571 Executing  VM operation: G1TryInitiateConcMark
Event: 167.575 Executing  VM operation: G1TryInitiateConcMark done
Event: 167.720 Executing  VM operation: G1Concurrent


Dynamic libraries:
0x00007ff723d70000 - 0x00007ff723d7e000 	C:\Program Files\Java\jdk-16\bin\java.exe
0x00007ffa1eab0000 - 0x00007ffa1eca8000 	C:\WINDOWS\SYSTEM32\ntdll.dll
0x00007ffa1e1f0000 - 0x00007ffa1e2ad000 	C:\WINDOWS\System32\KERNEL32.DLL
0x00007ffa1c490000 - 0x00007ffa1c786000 	C:\WINDOWS\System32\KERNELBASE.dll
0x00007ffa1c230000 - 0x00007ffa1c330000 	C:\WINDOWS\System32\ucrtbase.dll
0x00007ffa14660000 - 0x00007ffa14678000 	C:\Program Files\Java\jdk-16\bin\jli.dll
0x00007ffa1ccc0000 - 0x00007ffa1ce5e000 	C:\WINDOWS\System32\USER32.dll
0x00007ffa1c200000 - 0x00007ffa1c222000 	C:\WINDOWS\System32\win32u.dll
0x00007ffa1d2f0000 - 0x00007ffa1d31c000 	C:\WINDOWS\System32\GDI32.dll
0x00007ffa1c9f0000 - 0x00007ffa1cb0a000 	C:\WINDOWS\System32\gdi32full.dll
0x00007ffa1c890000 - 0x00007ffa1c92d000 	C:\WINDOWS\System32\msvcp_win.dll
0x00007ffa13d40000 - 0x00007ffa13d59000 	C:\Program Files\Java\jdk-16\bin\VCRUNTIME140.dll
0x00007ffa0b740000 - 0x00007ffa0b9da000 	C:\WINDOWS\WinSxS\amd64_microsoft.windows.common-controls_6595b64144ccf1df_6.0.19041.3636_none_60b6a03d71f818d5\COMCTL32.dll
0x00007ffa1cf90000 - 0x00007ffa1d02e000 	C:\WINDOWS\System32\msvcrt.dll
0x00007ffa1d1e0000 - 0x00007ffa1d210000 	C:\WINDOWS\System32\IMM32.DLL
0x00007ffa18030000 - 0x00007ffa1803c000 	C:\Program Files\Java\jdk-16\bin\vcruntime140_1.dll
0x00007ffa03ef0000 - 0x00007ffa03f81000 	C:\Program Files\Java\jdk-16\bin\msvcp140.dll
0x00007ff9eb280000 - 0x00007ff9ebe2b000 	C:\Program Files\Java\jdk-16\bin\server\jvm.dll
0x00007ffa1d9a0000 - 0x00007ffa1da4f000 	C:\WINDOWS\System32\ADVAPI32.dll
0x00007ffa1e020000 - 0x00007ffa1e0bc000 	C:\WINDOWS\System32\sechost.dll
0x00007ffa1ce60000 - 0x00007ffa1cf86000 	C:\WINDOWS\System32\RPCRT4.dll
0x00007ffa1d320000 - 0x00007ffa1d328000 	C:\WINDOWS\System32\PSAPI.DLL
0x00007ffa16820000 - 0x00007ffa16829000 	C:\WINDOWS\SYSTEM32\WSOCK32.dll
0x00007ffa1ea00000 - 0x00007ffa1ea6b000 	C:\WINDOWS\System32\WS2_32.dll
0x00007ffa08a00000 - 0x00007ffa08a27000 	C:\WINDOWS\SYSTEM32\WINMM.dll
0x00007ffa15790000 - 0x00007ffa1579a000 	C:\WINDOWS\SYSTEM32\VERSION.dll
0x00007ffa1a050000 - 0x00007ffa1a062000 	C:\WINDOWS\SYSTEM32\kernel.appcore.dll
0x00007ffa16f80000 - 0x00007ffa16f8a000 	C:\Program Files\Java\jdk-16\bin\jimage.dll
0x00007ff9fe0b0000 - 0x00007ff9fe294000 	C:\WINDOWS\SYSTEM32\DBGHELP.DLL
0x00007ff9fe070000 - 0x00007ff9fe0a4000 	C:\WINDOWS\SYSTEM32\dbgcore.DLL
0x00007ffa1c960000 - 0x00007ffa1c9e2000 	C:\WINDOWS\System32\bcryptPrimitives.dll
0x00007ffa13220000 - 0x00007ffa13245000 	C:\Program Files\Java\jdk-16\bin\java.dll
0x00007ffa1e2b0000 - 0x00007ffa1e9f4000 	C:\WINDOWS\System32\SHELL32.dll
0x00007ffa1a250000 - 0x00007ffa1a9eb000 	C:\WINDOWS\SYSTEM32\windows.storage.dll
0x00007ffa1d450000 - 0x00007ffa1d7a4000 	C:\WINDOWS\System32\combase.dll
0x00007ffa1bbd0000 - 0x00007ffa1bbfd000 	C:\WINDOWS\SYSTEM32\Wldp.dll
0x00007ffa1da50000 - 0x00007ffa1dafd000 	C:\WINDOWS\System32\SHCORE.dll
0x00007ffa1cb10000 - 0x00007ffa1cb65000 	C:\WINDOWS\System32\shlwapi.dll
0x00007ffa1c0c0000 - 0x00007ffa1c0e5000 	C:\WINDOWS\SYSTEM32\profapi.dll
0x00007ffa13d20000 - 0x00007ffa13d39000 	C:\Program Files\Java\jdk-16\bin\net.dll
0x00007ffa0ca70000 - 0x00007ffa0cb7a000 	C:\WINDOWS\SYSTEM32\WINHTTP.dll
0x00007ffa1b930000 - 0x00007ffa1b99a000 	C:\WINDOWS\system32\mswsock.dll
0x00007ffa13130000 - 0x00007ffa13143000 	C:\Program Files\Java\jdk-16\bin\nio.dll
0x00007ffa13110000 - 0x00007ffa13128000 	C:\Program Files\Java\jdk-16\bin\zip.dll
0x00007ffa0dca0000 - 0x00007ffa0dcb0000 	C:\Program Files\Java\jdk-16\bin\verify.dll
0x00007ffa0c810000 - 0x00007ffa0c837000 	C:\Users\hermo\.gradle\native\68d5fa5c4cc2d200863cafc0d521ce42e7d3e7ee720ec0a83991735586a16f82\windows-amd64\native-platform.dll
0x00007ff9fd950000 - 0x00007ff9fda94000 	C:\Users\hermo\.gradle\native\e376f236ea51e6404a007f0833ffe2c6e607c4080706a723a18a27aeea778392\windows-amd64\native-platform-file-events.dll
0x00007ffa0dc90000 - 0x00007ffa0dc99000 	C:\Program Files\Java\jdk-16\bin\management.dll
0x00007ffa0dc80000 - 0x00007ffa0dc8b000 	C:\Program Files\Java\jdk-16\bin\management_ext.dll
0x00007ffa1bb20000 - 0x00007ffa1bb38000 	C:\WINDOWS\SYSTEM32\CRYPTSP.dll
0x00007ffa1b1f0000 - 0x00007ffa1b224000 	C:\WINDOWS\system32\rsaenh.dll
0x00007ffa1c930000 - 0x00007ffa1c957000 	C:\WINDOWS\System32\bcrypt.dll
0x00007ffa1c080000 - 0x00007ffa1c0ae000 	C:\WINDOWS\SYSTEM32\USERENV.dll
0x00007ffa1bb40000 - 0x00007ffa1bb4c000 	C:\WINDOWS\SYSTEM32\CRYPTBASE.dll
0x00007ffa1b5d0000 - 0x00007ffa1b60b000 	C:\WINDOWS\SYSTEM32\IPHLPAPI.DLL
0x00007ffa1d7b0000 - 0x00007ffa1d7b8000 	C:\WINDOWS\System32\NSI.dll
0x00007ffa12650000 - 0x00007ffa12667000 	C:\WINDOWS\SYSTEM32\dhcpcsvc6.DLL
0x00007ffa128b0000 - 0x00007ffa128cd000 	C:\WINDOWS\SYSTEM32\dhcpcsvc.DLL
0x00007ffa1b610000 - 0x00007ffa1b6da000 	C:\WINDOWS\SYSTEM32\DNSAPI.dll
0x00007ffa0d300000 - 0x00007ffa0d30e000 	C:\Program Files\Java\jdk-16\bin\sunmscapi.dll
0x00007ffa1c330000 - 0x00007ffa1c48d000 	C:\WINDOWS\System32\CRYPT32.dll
0x00007ffa1bc40000 - 0x00007ffa1bc67000 	C:\WINDOWS\SYSTEM32\ncrypt.dll
0x00007ffa1bc00000 - 0x00007ffa1bc3b000 	C:\WINDOWS\SYSTEM32\NTASN1.dll
0x00007ff9ecd30000 - 0x00007ff9ecd37000 	C:\WINDOWS\system32\wshunix.dll

dbghelp: loaded successfully - version: 4.0.5 - missing functions: none
symbol engine: initialized successfully - sym options: 0x614 - pdb path: .;C:\Program Files\Java\jdk-16\bin;C:\WINDOWS\SYSTEM32;C:\WINDOWS\WinSxS\amd64_microsoft.windows.common-controls_6595b64144ccf1df_6.0.19041.3636_none_60b6a03d71f818d5;C:\Program Files\Java\jdk-16\bin\server;C:\Users\hermo\.gradle\native\68d5fa5c4cc2d200863cafc0d521ce42e7d3e7ee720ec0a83991735586a16f82\windows-amd64;C:\Users\hermo\.gradle\native\e376f236ea51e6404a007f0833ffe2c6e607c4080706a723a18a27aeea778392\windows-amd64

VM Arguments:
jvm_args: -XX:MaxMetaspaceSize=512m --add-opens=java.base/java.util=ALL-UNNAMED --add-opens=java.base/java.lang=ALL-UNNAMED --add-opens=java.base/java.lang.invoke=ALL-UNNAMED --add-opens=java.prefs/java.util.prefs=ALL-UNNAMED --add-opens=java.base/java.nio.charset=ALL-UNNAMED --add-opens=java.base/java.net=ALL-UNNAMED --add-opens=java.base/java.util.concurrent.atomic=ALL-UNNAMED -Xmx2048m -Dfile.encoding=windows-1252 -Duser.country=IN -Duser.language=en -Duser.variant 
java_command: org.gradle.launcher.daemon.bootstrap.GradleDaemon 7.6
java_class_path (initial): C:\Users\hermo\.gradle\wrapper\dists\gradle-7.6-all\9f832ih6bniajn45pbmqhk2cw\gradle-7.6\lib\gradle-launcher-7.6.jar
Launcher Type: SUN_STANDARD

[Global flags]
     intx CICompilerCount                          = 3                                         {product} {ergonomic}
   size_t CompressedClassSpaceSize                 = 432013312                                 {product} {ergonomic}
     uint ConcGCThreads                            = 1                                         {product} {ergonomic}
     uint G1ConcRefinementThreads                  = 4                                         {product} {ergonomic}
   size_t G1HeapRegionSize                         = 1048576                                   {product} {ergonomic}
    uintx GCDrainStackTargetSize                   = 64                                        {product} {ergonomic}
   size_t InitialHeapSize                          = 134217728                                 {product} {ergonomic}
   size_t MarkStackSize                            = 4194304                                   {product} {ergonomic}
   size_t MaxHeapSize                              = 2147483648                                {product} {command line}
   size_t MaxMetaspaceSize                         = 536870912                                 {product} {command line}
   size_t MaxNewSize                               = 1287651328                                {product} {ergonomic}
   size_t MinHeapDeltaBytes                        = 1048576                                   {product} {ergonomic}
   size_t MinHeapSize                              = 8388608                                   {product} {ergonomic}
    uintx NonNMethodCodeHeapSize                   = 5832780                                {pd product} {ergonomic}
    uintx NonProfiledCodeHeapSize                  = 122912730                              {pd product} {ergonomic}
    uintx ProfiledCodeHeapSize                     = 122912730                              {pd product} {ergonomic}
    uintx ReservedCodeCacheSize                    = 251658240                              {pd product} {ergonomic}
     bool SegmentedCodeCache                       = true                                      {product} {ergonomic}
   size_t SoftMaxHeapSize                          = 2147483648                             {manageable} {ergonomic}
     bool UseCompressedClassPointers               = true                           {product lp64_product} {ergonomic}
     bool UseCompressedOops                        = true                           {product lp64_product} {ergonomic}
     bool UseG1GC                                  = true                                      {product} {ergonomic}
     bool UseLargePagesIndividualAllocation        = false                                  {pd product} {ergonomic}

Logging:
Log output configuration:
 #0: stdout all=warning uptime,level,tags
 #1: stderr all=off uptime,level,tags

Environment Variables:
JAVA_HOME=C:\Program Files\Java\jdk-16
CLASSPATH=D:\gsmWeb\gsmapp\android\\gradle\wrapper\gradle-wrapper.jar
PATH=D:\gsmWeb\gsmapp\node_modules\.bin;D:\gsmWeb\gsmapp\node_modules\.bin;D:\gsmWeb\node_modules\.bin;D:\node_modules\.bin;C:\Program Files\nodejs\node_modules\npm\node_modules\@npmcli\run-script\lib\node-gyp-bin;D:\gsmWeb\gsmapp\node_modules\.bin;D:\gsmWeb\node_modules\.bin;D:\node_modules\.bin;C:\Program Files\nodejs\node_modules\npm\node_modules\@npmcli\run-script\lib\node-gyp-bin;C:\WINDOWS\system32;C:\WINDOWS;C:\WINDOWS\System32\Wbem;C:\WINDOWS\System32\WindowsPowerShell\v1.0\;C:\WINDOWS\System32\OpenSSH\;C:\xampp\php;C:\ProgramData\ComposerSetup\bin;C:\Program Files\Microsoft SQL Server\150\Tools\Binn\;C:\Program Files\Microsoft SQL Server\Client SDK\ODBC\170\Tools\Binn\;C:\Program Files\dotnet\;C:\Program Files\Git\cmd;C:\Program Files (x86)\Microsoft SQL Server\160\Tools\Binn\;C:\Program Files\Microsoft SQL Server\160\Tools\Binn\;C:\Program Files\Microsoft SQL Server\160\DTS\Binn\;C:\Program Files\Azure Data Studio\bin;C:\Program Files (x86)\Microsoft SQL Server\160\DTS\Binn\;C:\Program Files\nodejs\;C:\Users\hermo\AppData\Local\Programs\Python\Launcher\;C:\Users\hermo\AppData\Local\Microsoft\WindowsApps;C:\Users\hermo\AppData\Local\Programs\Microsoft VS Code\bin;C:\Program Files\Java\jdk-20\bin;C:\Users\hermo\AppData\Local\Android\Sdk;C:\Users\hermo\AppData\Local\Android\Sdk\emulator;C:\Users\hermo\AppData\Local\Android\Sdk\platform-tools;C:\Users\hermo\AppData\Roaming\Composer\vendor\bin;C:\Users\hermo\.dotnet\tools;C:\Program Files\Azure Data Studio\bin;C:\Users\hermo\AppData\Roaming\npm
USERNAME=hermo
LANG=en_US.UTF-8
OS=Windows_NT
PROCESSOR_IDENTIFIER=Intel64 Family 6 Model 142 Stepping 9, GenuineIntel



---------------  S Y S T E M  ---------------

OS:
 Windows 10 , 64 bit Build 19041 (10.0.19041.3636)
OS uptime: 1 days 4:59 hours

CPU: total 4 (initial active 4) (2 cores per cpu, 2 threads per core) family 6 model 142 stepping 9 microcode 0xb4, cx8, cmov, fxsr, ht, mmx, 3dnowpref, sse, sse2, sse3, ssse3, sse4.1, sse4.2, popcnt, lzcnt, tsc, tscinvbit, avx, avx2, aes, erms, clmul, bmi1, bmi2, adx, fma, vzeroupper, clflush, clflushopt

Memory: 4k page, system-wide physical 8122M (111M free)
TotalPageFile size 19002M (AvailPageFile size 7M)
current process WorkingSet (physical memory assigned to process): 236M, peak: 239M
current process commit charge ("private bytes"): 318M, peak: 321M

vm_info: OpenJDK 64-Bit Server VM (16+36-2231) for windows-amd64 JRE (16+36-2231), built on Feb  8 2021 11:39:36 by "mach5one" with MS VC++ 16.7 (VS2019)

END.
