#
# There is insufficient memory for the Java Runtime Environment to continue.
# Native memory allocation (malloc) failed to allocate 1024496 bytes for Chunk::new
# Possible reasons:
#   The system is out of physical RAM or swap space
#   The process is running with CompressedOops enabled, and the Java Heap may be blocking the growth of the native heap
# Possible solutions:
#   Reduce memory load on the system
#   Increase physical memory or swap space
#   Check if swap backing store is full
#   Decrease Java heap size (-Xmx/-Xms)
#   Decrease number of Java threads
#   Decrease Java thread stack sizes (-Xss)
#   Set larger code cache with -XX:ReservedCodeCacheSize=
#   JVM is running with Unscaled Compressed Oops mode in which the Java heap is
#     placed in the first 4GB address space. The Java Heap base address is the
#     maximum limit for the native heap growth. Please use -XX:HeapBaseMinAddress
#     to set the Java Heap base and to place the Java Heap above 4GB virtual address.
# This output file may be truncated or incomplete.
#
#  Out of Memory Error (arena.cpp:195), pid=10884, tid=15672
#
# JRE version: OpenJDK Runtime Environment (16.0+36) (build 16+36-2231)
# Java VM: OpenJDK 64-Bit Server VM (16+36-2231, mixed mode, sharing, tiered, compressed oops, g1 gc, windows-amd64)
# No core dump will be written. Minidumps are not enabled by default on client versions of Windows
#

---------------  S U M M A R Y ------------

Command Line: -XX:MaxMetaspaceSize=512m --add-opens=java.base/java.util=ALL-UNNAMED --add-opens=java.base/java.lang=ALL-UNNAMED --add-opens=java.base/java.lang.invoke=ALL-UNNAMED --add-opens=java.prefs/java.util.prefs=ALL-UNNAMED --add-opens=java.base/java.nio.charset=ALL-UNNAMED --add-opens=java.base/java.net=ALL-UNNAMED --add-opens=java.base/java.util.concurrent.atomic=ALL-UNNAMED -Xmx2048m -Dfile.encoding=windows-1252 -Duser.country=IN -Duser.language=en -Duser.variant org.gradle.launcher.daemon.bootstrap.GradleDaemon 7.6

Host: Intel(R) Core(TM) i5-7200U CPU @ 2.50GHz, 4 cores, 7G,  Windows 10 , 64 bit Build 19041 (10.0.19041.3636)
Time: Mon Nov 27 21:28:59 2023 India Standard Time elapsed time: 159.948031 seconds (0d 0h 2m 39s)

---------------  T H R E A D  ---------------

Current thread (0x000001ce361a9500):  JavaThread "C2 CompilerThread0" daemon [_thread_in_native, id=15672, stack(0x0000004443000000,0x0000004443100000)]


Current CompileTask:
C2: 159948 8540       4       sun.invoke.util.VerifyAccess::isClassAccessible (230 bytes)

Stack: [0x0000004443000000,0x0000004443100000]
Native frames: (J=compiled Java code, j=interpreted, Vv=VM code, C=native code)
V  [jvm.dll+0x6681da]
V  [jvm.dll+0x7c9d99]
V  [jvm.dll+0x7cb4d3]
V  [jvm.dll+0x7cbb33]
V  [jvm.dll+0x242ee5]
V  [jvm.dll+0xadeca]
V  [jvm.dll+0xae5ac]
V  [jvm.dll+0x35a8f2]
V  [jvm.dll+0x324df1]
V  [jvm.dll+0x32429a]
V  [jvm.dll+0x215f2c]
V  [jvm.dll+0x215340]
V  [jvm.dll+0x1a1d8b]
V  [jvm.dll+0x225398]
V  [jvm.dll+0x2233dc]
V  [jvm.dll+0x77f9e2]
V  [jvm.dll+0x77952a]
V  [jvm.dll+0x667076]
C  [ucrtbase.dll+0x21bb2]
C  [KERNEL32.DLL+0x17344]
C  [ntdll.dll+0x526b1]


---------------  P R O C E S S  ---------------

Threads class SMR info:
_java_thread_list=0x000001ce395ba8f0, length=88, elements={
0x000001ce189b0950, 0x000001ce36191c90, 0x000001ce36192a60, 0x000001ce361a2cb0,
0x000001ce361a65e0, 0x000001ce361a7f00, 0x000001ce361a8810, 0x000001ce361a9500,
0x000001ce361a9f00, 0x000001ce36219660, 0x000001ce36c97980, 0x000001ce36c97ea0,
0x000001ce38410350, 0x000001ce379525c0, 0x000001ce37c89810, 0x000001ce380b6df0,
0x000001ce37520030, 0x000001ce380b7de0, 0x000001ce37931da0, 0x000001ce36d3c600,
0x000001ce36d48620, 0x000001ce36d4a0b0, 0x000001ce36d48b70, 0x000001ce36d490c0,
0x000001ce36d47b80, 0x000001ce36d480d0, 0x000001ce36d4ab50, 0x000001ce36d49b60,
0x000001ce36d49610, 0x000001ce36d4a600, 0x000001ce36d47630, 0x000001ce3770e9d0,
0x000001ce37711450, 0x000001ce37710f00, 0x000001ce37715eb0, 0x000001ce37712440,
0x000001ce377119a0, 0x000001ce3770e480, 0x000001ce37714420, 0x000001ce37712990,
0x000001ce3770ef20, 0x000001ce37710460, 0x000001ce3770f470, 0x000001ce37713430,
0x000001ce3770ff10, 0x000001ce37715960, 0x000001ce3770f9c0, 0x000001ce37713ed0,
0x000001ce377109b0, 0x000001ce37715410, 0x000001ce37714970, 0x000001ce37711ef0,
0x000001ce37714ec0, 0x000001ce387995a0, 0x000001ce3879d560, 0x000001ce3879e550,
0x000001ce387985b0, 0x000001ce3879aae0, 0x000001ce3879b030, 0x000001ce38799050,
0x000001ce3879dab0, 0x000001ce3879b580, 0x000001ce3879eff0, 0x000001ce3879a040,
0x000001ce3879c570, 0x000001ce38799af0, 0x000001ce3879a590, 0x000001ce3879bad0,
0x000001ce3879cac0, 0x000001ce3879d010, 0x000001ce3879e000, 0x000001ce3879eaa0,
0x000001ce3879f540, 0x000001ce3879fa90, 0x000001ce38798060, 0x000001ce38798b00,
0x000001ce37712ee0, 0x000001ce379c9060, 0x000001ce379cbae0, 0x000001ce379cc030,
0x000001ce379cc580, 0x000001ce379c95b0, 0x000001ce379c9b00, 0x000001ce379ca050,
0x000001ce379cb040, 0x000001ce379cb590, 0x000001ce379caaf0, 0x000001ce379ca5a0
}

Java Threads: ( => current thread )
  0x000001ce189b0950 JavaThread "main" [_thread_blocked, id=1520, stack(0x0000004442200000,0x0000004442300000)]
  0x000001ce36191c90 JavaThread "Reference Handler" daemon [_thread_blocked, id=11128, stack(0x0000004442a00000,0x0000004442b00000)]
  0x000001ce36192a60 JavaThread "Finalizer" daemon [_thread_blocked, id=16524, stack(0x0000004442b00000,0x0000004442c00000)]
  0x000001ce361a2cb0 JavaThread "Signal Dispatcher" daemon [_thread_blocked, id=13236, stack(0x0000004442c00000,0x0000004442d00000)]
  0x000001ce361a65e0 JavaThread "Attach Listener" daemon [_thread_blocked, id=8808, stack(0x0000004442d00000,0x0000004442e00000)]
  0x000001ce361a7f00 JavaThread "Service Thread" daemon [_thread_blocked, id=11452, stack(0x0000004442e00000,0x0000004442f00000)]
  0x000001ce361a8810 JavaThread "Monitor Deflation Thread" daemon [_thread_blocked, id=7532, stack(0x0000004442f00000,0x0000004443000000)]
=>0x000001ce361a9500 JavaThread "C2 CompilerThread0" daemon [_thread_in_native, id=15672, stack(0x0000004443000000,0x0000004443100000)]
  0x000001ce361a9f00 JavaThread "C1 CompilerThread0" daemon [_thread_blocked, id=17404, stack(0x0000004443100000,0x0000004443200000)]
  0x000001ce36219660 JavaThread "Sweeper thread" daemon [_thread_blocked, id=13492, stack(0x0000004443200000,0x0000004443300000)]
  0x000001ce36c97980 JavaThread "Common-Cleaner" daemon [_thread_blocked, id=6892, stack(0x0000004443300000,0x0000004443400000)]
  0x000001ce36c97ea0 JavaThread "Notification Thread" daemon [_thread_blocked, id=15992, stack(0x0000004443400000,0x0000004443500000)]
  0x000001ce38410350 JavaThread "Daemon health stats" [_thread_blocked, id=15952, stack(0x0000004443900000,0x0000004443a00000)]
  0x000001ce379525c0 JavaThread "Incoming local TCP Connector on port 52036" [_thread_in_native, id=5976, stack(0x0000004443a00000,0x0000004443b00000)]
  0x000001ce37c89810 JavaThread "Daemon periodic checks" [_thread_blocked, id=9108, stack(0x0000004443b00000,0x0000004443c00000)]
  0x000001ce380b6df0 JavaThread "Daemon" [_thread_blocked, id=15908, stack(0x0000004443c00000,0x0000004443d00000)]
  0x000001ce37520030 JavaThread "Handler for socket connection from /127.0.0.1:52036 to /127.0.0.1:52037" [_thread_in_native, id=6136, stack(0x0000004443d00000,0x0000004443e00000)]
  0x000001ce380b7de0 JavaThread "Cancel handler" [_thread_blocked, id=720, stack(0x0000004443e00000,0x0000004443f00000)]
  0x000001ce37931da0 JavaThread "Daemon worker" [_thread_blocked, id=12756, stack(0x0000004443f00000,0x0000004444000000)]
  0x000001ce36d3c600 JavaThread "Asynchronous log dispatcher for DefaultDaemonConnection: socket connection from /127.0.0.1:52036 to /127.0.0.1:52037" [_thread_blocked, id=16404, stack(0x0000004444000000,0x0000004444100000)]
  0x000001ce36d48620 JavaThread "Stdin handler" [_thread_blocked, id=15996, stack(0x0000004444100000,0x0000004444200000)]
  0x000001ce36d4a0b0 JavaThread "Daemon client event forwarder" [_thread_blocked, id=11828, stack(0x0000004444200000,0x0000004444300000)]
  0x000001ce36d48b70 JavaThread "Cache worker for journal cache (C:\Users\hermo\.gradle\caches\journal-1)" [_thread_blocked, id=15596, stack(0x0000004444300000,0x0000004444400000)]
  0x000001ce36d490c0 JavaThread "File lock request listener" [_thread_in_native, id=15984, stack(0x0000004444400000,0x0000004444500000)]
  0x000001ce36d47b80 JavaThread "File lock release action executor" [_thread_blocked, id=5924, stack(0x0000004444500000,0x0000004444600000)]
  0x000001ce36d480d0 JavaThread "Cache worker for file hash cache (C:\Users\hermo\.gradle\caches\7.6\fileHashes)" [_thread_blocked, id=16764, stack(0x0000004444600000,0x0000004444700000)]
  0x000001ce36d4ab50 JavaThread "File watcher server" daemon [_thread_in_native, id=2132, stack(0x0000004444700000,0x0000004444800000)]
  0x000001ce36d49b60 JavaThread "File watcher consumer" daemon [_thread_blocked, id=12428, stack(0x0000004444800000,0x0000004444900000)]
  0x000001ce36d49610 JavaThread "Cache worker for checksums cache (D:\gsmWeb\gsmapp\android\.gradle\7.6\checksums)" [_thread_blocked, id=12212, stack(0x0000004444900000,0x0000004444a00000)]
  0x000001ce36d4a600 JavaThread "Cache worker for cache directory md-rule (C:\Users\hermo\.gradle\caches\7.6\md-rule)" [_thread_blocked, id=10376, stack(0x0000004444a00000,0x0000004444b00000)]
  0x000001ce36d47630 JavaThread "Cache worker for file content cache (C:\Users\hermo\.gradle\caches\7.6\fileContent)" [_thread_blocked, id=9736, stack(0x0000004444b00000,0x0000004444c00000)]
  0x000001ce3770e9d0 JavaThread "Cache worker for file hash cache (D:\gsmWeb\gsmapp\android\.gradle\7.6\fileHashes)" [_thread_blocked, id=5340, stack(0x0000004444d00000,0x0000004444e00000)]
  0x000001ce37711450 JavaThread "Cache worker for cache directory md-supplier (C:\Users\hermo\.gradle\caches\7.6\md-supplier)" [_thread_blocked, id=17424, stack(0x0000004444e00000,0x0000004444f00000)]
  0x000001ce37710f00 JavaThread "Cache worker for execution history cache (C:\Users\hermo\.gradle\caches\7.6\executionHistory)" [_thread_blocked, id=17548, stack(0x0000004444f00000,0x0000004445000000)]
  0x000001ce37715eb0 JavaThread "jar transforms" [_thread_blocked, id=17864, stack(0x0000004445000000,0x0000004445100000)]
  0x000001ce37712440 JavaThread "jar transforms Thread 2" [_thread_blocked, id=17892, stack(0x0000004445100000,0x0000004445200000)]
  0x000001ce377119a0 JavaThread "jar transforms Thread 3" [_thread_blocked, id=18120, stack(0x0000004445200000,0x0000004445300000)]
  0x000001ce3770e480 JavaThread "jar transforms Thread 4" [_thread_blocked, id=18128, stack(0x0000004445300000,0x0000004445400000)]
  0x000001ce37714420 JavaThread "Cache worker for kotlin-dsl (C:\Users\hermo\.gradle\caches\7.6\kotlin-dsl)" [_thread_blocked, id=9580, stack(0x0000004442100000,0x0000004442200000)]
  0x000001ce37712990 JavaThread "Cache worker for dependencies-accessors (D:\gsmWeb\gsmapp\android\.gradle\7.6\dependencies-accessors)" [_thread_blocked, id=812, stack(0x0000004442300000,0x0000004442400000)]
  0x000001ce3770ef20 JavaThread "Cache worker for Build Output Cleanup Cache (D:\gsmWeb\gsmapp\node_modules\@react-native\gradle-plugin\.gradle\buildOutputCleanup)" [_thread_blocked, id=14536, stack(0x0000004445600000,0x0000004445700000)]
  0x000001ce37710460 JavaThread "Unconstrained build operations" [_thread_blocked, id=18244, stack(0x0000004445700000,0x0000004445800000)]
  0x000001ce3770f470 JavaThread "Unconstrained build operations Thread 2" [_thread_blocked, id=15752, stack(0x0000004445800000,0x0000004445900000)]
  0x000001ce37713430 JavaThread "Unconstrained build operations Thread 3" [_thread_blocked, id=16588, stack(0x0000004445900000,0x0000004445a00000)]
  0x000001ce3770ff10 JavaThread "Unconstrained build operations Thread 4" [_thread_blocked, id=14768, stack(0x0000004445a00000,0x0000004445b00000)]
  0x000001ce37715960 JavaThread "Unconstrained build operations Thread 5" [_thread_blocked, id=17540, stack(0x0000004445b00000,0x0000004445c00000)]
  0x000001ce3770f9c0 JavaThread "Unconstrained build operations Thread 6" [_thread_blocked, id=16064, stack(0x0000004445c00000,0x0000004445d00000)]
  0x000001ce37713ed0 JavaThread "Unconstrained build operations Thread 7" [_thread_blocked, id=17804, stack(0x0000004445d00000,0x0000004445e00000)]
  0x000001ce377109b0 JavaThread "Unconstrained build operations Thread 8" [_thread_blocked, id=18132, stack(0x0000004445e00000,0x0000004445f00000)]
  0x000001ce37715410 JavaThread "Unconstrained build operations Thread 9" [_thread_blocked, id=17580, stack(0x0000004445f00000,0x0000004446000000)]
  0x000001ce37714970 JavaThread "Unconstrained build operations Thread 10" [_thread_blocked, id=5580, stack(0x0000004446000000,0x0000004446100000)]
  0x000001ce37711ef0 JavaThread "Unconstrained build operations Thread 11" [_thread_blocked, id=8956, stack(0x0000004446100000,0x0000004446200000)]
  0x000001ce37714ec0 JavaThread "Unconstrained build operations Thread 12" [_thread_blocked, id=18048, stack(0x0000004446200000,0x0000004446300000)]
  0x000001ce387995a0 JavaThread "Unconstrained build operations Thread 13" [_thread_blocked, id=17924, stack(0x0000004446300000,0x0000004446400000)]
  0x000001ce3879d560 JavaThread "Unconstrained build operations Thread 14" [_thread_blocked, id=17692, stack(0x0000004446400000,0x0000004446500000)]
  0x000001ce3879e550 JavaThread "Unconstrained build operations Thread 15" [_thread_blocked, id=17236, stack(0x0000004446500000,0x0000004446600000)]
  0x000001ce387985b0 JavaThread "Unconstrained build operations Thread 16" [_thread_blocked, id=12384, stack(0x0000004446600000,0x0000004446700000)]
  0x000001ce3879aae0 JavaThread "Unconstrained build operations Thread 17" [_thread_blocked, id=18324, stack(0x0000004446700000,0x0000004446800000)]
  0x000001ce3879b030 JavaThread "Unconstrained build operations Thread 18" [_thread_blocked, id=14780, stack(0x0000004446800000,0x0000004446900000)]
  0x000001ce38799050 JavaThread "Unconstrained build operations Thread 19" [_thread_blocked, id=8764, stack(0x0000004446900000,0x0000004446a00000)]
  0x000001ce3879dab0 JavaThread "Unconstrained build operations Thread 20" [_thread_blocked, id=15612, stack(0x0000004446a00000,0x0000004446b00000)]
  0x000001ce3879b580 JavaThread "Unconstrained build operations Thread 21" [_thread_blocked, id=15528, stack(0x0000004446b00000,0x0000004446c00000)]
  0x000001ce3879eff0 JavaThread "Unconstrained build operations Thread 22" [_thread_blocked, id=3432, stack(0x0000004446c00000,0x0000004446d00000)]
  0x000001ce3879a040 JavaThread "Unconstrained build operations Thread 23" [_thread_blocked, id=15800, stack(0x0000004446d00000,0x0000004446e00000)]
  0x000001ce3879c570 JavaThread "Unconstrained build operations Thread 24" [_thread_blocked, id=7516, stack(0x0000004446e00000,0x0000004446f00000)]
  0x000001ce38799af0 JavaThread "Unconstrained build operations Thread 25" [_thread_blocked, id=15872, stack(0x0000004446f00000,0x0000004447000000)]
  0x000001ce3879a590 JavaThread "Unconstrained build operations Thread 26" [_thread_blocked, id=16868, stack(0x0000004447000000,0x0000004447100000)]
  0x000001ce3879bad0 JavaThread "Memory manager" [_thread_blocked, id=18684, stack(0x0000004447100000,0x0000004447200000)]
  0x000001ce3879cac0 JavaThread "Cache worker for Build Output Cleanup Cache (D:\gsmWeb\gsmapp\android\.gradle\buildOutputCleanup)" [_thread_blocked, id=18400, stack(0x0000004445400000,0x0000004445500000)]
  0x000001ce3879d010 JavaThread "included builds" [_thread_blocked, id=18452, stack(0x0000004447200000,0x0000004447300000)]
  0x000001ce3879e000 JavaThread "Execution worker" [_thread_in_native, id=19424, stack(0x0000004447300000,0x0000004447400000)]
  0x000001ce3879eaa0 JavaThread "Execution worker Thread 2" [_thread_blocked, id=18500, stack(0x0000004447400000,0x0000004447500000)]
  0x000001ce3879f540 JavaThread "Execution worker Thread 3" [_thread_blocked, id=17464, stack(0x0000004447500000,0x0000004447600000)]
  0x000001ce3879fa90 JavaThread "Cache worker for execution history cache (D:\gsmWeb\gsmapp\node_modules\@react-native\gradle-plugin\.gradle\7.6\executionHistory)" [_thread_blocked, id=16720, stack(0x0000004447600000,0x0000004447700000)]
  0x000001ce38798060 JavaThread "Unconstrained build operations Thread 27" [_thread_blocked, id=18964, stack(0x0000004447700000,0x0000004447800000)]
  0x000001ce38798b00 JavaThread "Unconstrained build operations Thread 28" [_thread_blocked, id=3396, stack(0x0000004447800000,0x0000004447900000)]
  0x000001ce37712ee0 JavaThread "Unconstrained build operations Thread 29" [_thread_blocked, id=7824, stack(0x0000004447900000,0x0000004447a00000)]
  0x000001ce379c9060 JavaThread "Unconstrained build operations Thread 30" [_thread_blocked, id=12596, stack(0x0000004447a00000,0x0000004447b00000)]
  0x000001ce379cbae0 JavaThread "Unconstrained build operations Thread 31" [_thread_blocked, id=19252, stack(0x0000004447b00000,0x0000004447c00000)]
  0x000001ce379cc030 JavaThread "Unconstrained build operations Thread 32" [_thread_blocked, id=19256, stack(0x0000004447c00000,0x0000004447d00000)]
  0x000001ce379cc580 JavaThread "Unconstrained build operations Thread 33" [_thread_blocked, id=19260, stack(0x0000004447d00000,0x0000004447e00000)]
  0x000001ce379c95b0 JavaThread "Unconstrained build operations Thread 34" [_thread_blocked, id=19280, stack(0x0000004447e00000,0x0000004447f00000)]
  0x000001ce379c9b00 JavaThread "Unconstrained build operations Thread 35" [_thread_blocked, id=17844, stack(0x0000004447f00000,0x0000004448000000)]
  0x000001ce379ca050 JavaThread "Unconstrained build operations Thread 36" [_thread_blocked, id=19320, stack(0x0000004448000000,0x0000004448100000)]
  0x000001ce379cb040 JavaThread "Unconstrained build operations Thread 37" [_thread_blocked, id=19324, stack(0x0000004448100000,0x0000004448200000)]
  0x000001ce379cb590 JavaThread "Unconstrained build operations Thread 38" [_thread_blocked, id=19348, stack(0x0000004448200000,0x0000004448300000)]
  0x000001ce379caaf0 JavaThread "Unconstrained build operations Thread 39" [_thread_blocked, id=7972, stack(0x0000004448300000,0x0000004448400000)]
  0x000001ce379ca5a0 JavaThread "Unconstrained build operations Thread 40" [_thread_blocked, id=18024, stack(0x0000004448400000,0x0000004448500000)]

Other Threads:
  0x000001ce361847f0 VMThread "VM Thread" [stack: 0x0000004442900000,0x0000004442a00000] [id=8896]
  0x000001ce36c9b3e0 WatcherThread [stack: 0x0000004443500000,0x0000004443600000] [id=16000]
  0x000001ce189f1600 GCTaskThread "GC Thread#0" [stack: 0x0000004442400000,0x0000004442500000] [id=10228]
  0x000001ce36f6c7d0 GCTaskThread "GC Thread#1" [stack: 0x0000004443600000,0x0000004443700000] [id=13376]
  0x000001ce36ed16c0 GCTaskThread "GC Thread#2" [stack: 0x0000004443700000,0x0000004443800000] [id=10256]
  0x000001ce378a5a30 GCTaskThread "GC Thread#3" [stack: 0x0000004443800000,0x0000004443900000] [id=11916]
  0x000001ce18a03560 ConcurrentGCThread "G1 Main Marker" [stack: 0x0000004442500000,0x0000004442600000] [id=7860]
  0x000001ce18a03ee0 ConcurrentGCThread "G1 Conc#0" [stack: 0x0000004442600000,0x0000004442700000] [id=12416]
  0x000001ce18a79860 ConcurrentGCThread "G1 Refine#0" [stack: 0x0000004442700000,0x0000004442800000] [id=15372]
  0x000001ce36c1fcd0 ConcurrentGCThread "G1 Refine#1" [stack: 0x0000004444c00000,0x0000004444d00000] [id=9892]
  0x000001ce18a7a1f0 ConcurrentGCThread "G1 Service" [stack: 0x0000004442800000,0x0000004442900000] [id=15176]

Threads with active compile tasks:
C2 CompilerThread0   159991 8540       4       sun.invoke.util.VerifyAccess::isClassAccessible (230 bytes)

VM state: not at safepoint (normal execution)

VM Mutex/Monitor currently owned by a thread: None

Heap address: 0x0000000080000000, size: 2048 MB, Compressed Oops mode: 32-bit
CDS archive(s) mapped at: [0x0000000800000000-0x0000000800bb0000-0x0000000800bb0000), size 12255232, SharedBaseAddress: 0x0000000800000000, ArchiveRelocationMode: 0.
Compressed class space mapped at: 0x0000000800c00000-0x000000081a800000, reserved size: 432013312
Narrow klass base: 0x0000000800000000, Narrow klass shift: 3, Narrow klass range: 0x100000000

GC Precious Log:
 CPUs: 4 total, 4 available
 Memory: 8122M
 Large Page Support: Disabled
 NUMA Support: Disabled
 Compressed Oops: Enabled (32-bit)
 Heap Region Size: 1M
 Heap Min Capacity: 8M
 Heap Initial Capacity: 128M
 Heap Max Capacity: 2G
 Pre-touch: Disabled
 Parallel Workers: 4
 Concurrent Workers: 1
 Concurrent Refinement Workers: 4
 Periodic GC: Disabled

Heap:
 garbage-first heap   total 99328K, used 56862K [0x0000000080000000, 0x0000000100000000)
  region size 1024K, 6 young (6144K), 4 survivors (4096K)
 Metaspace       used 62265K, committed 62912K, reserved 479232K
  class space    used 8521K, committed 8832K, reserved 421888K

Heap Regions: E=young(eden), S=young(survivor), O=old, HS=humongous(starts), HC=humongous(continues), CS=collection set, F=free, OA=open archive, CA=closed archive, TAMS=top-at-mark-start (previous, next)
|   0|0x0000000080000000, 0x0000000080100000, 0x0000000080100000|100%| O|  |TAMS 0x0000000080100000, 0x0000000080000000| Untracked 
|   1|0x0000000080100000, 0x0000000080200000, 0x0000000080200000|100%| O|  |TAMS 0x0000000080200000, 0x0000000080100000| Untracked 
|   2|0x0000000080200000, 0x0000000080300000, 0x0000000080300000|100%|HS|  |TAMS 0x0000000080300000, 0x0000000080200000| Complete 
|   3|0x0000000080300000, 0x0000000080400000, 0x0000000080400000|100%|HC|  |TAMS 0x0000000080400000, 0x0000000080300000| Complete 
|   4|0x0000000080400000, 0x0000000080500000, 0x0000000080500000|100%|HC|  |TAMS 0x0000000080500000, 0x0000000080400000| Complete 
|   5|0x0000000080500000, 0x0000000080600000, 0x0000000080600000|100%| O|  |TAMS 0x0000000080600000, 0x0000000080500000| Untracked 
|   6|0x0000000080600000, 0x0000000080700000, 0x0000000080700000|100%| O|  |TAMS 0x0000000080700000, 0x0000000080600000| Untracked 
|   7|0x0000000080700000, 0x0000000080800000, 0x0000000080800000|100%| O|  |TAMS 0x0000000080800000, 0x0000000080700000| Untracked 
|   8|0x0000000080800000, 0x0000000080900000, 0x0000000080900000|100%| O|  |TAMS 0x0000000080900000, 0x0000000080800000| Untracked 
|   9|0x0000000080900000, 0x0000000080a00000, 0x0000000080a00000|100%| O|  |TAMS 0x0000000080a00000, 0x0000000080900000| Untracked 
|  10|0x0000000080a00000, 0x0000000080b00000, 0x0000000080b00000|100%| O|  |TAMS 0x0000000080b00000, 0x0000000080a00000| Untracked 
|  11|0x0000000080b00000, 0x0000000080c00000, 0x0000000080c00000|100%| O|  |TAMS 0x0000000080c00000, 0x0000000080b00000| Untracked 
|  12|0x0000000080c00000, 0x0000000080d00000, 0x0000000080d00000|100%| O|  |TAMS 0x0000000080d00000, 0x0000000080c00000| Untracked 
|  13|0x0000000080d00000, 0x0000000080e00000, 0x0000000080e00000|100%| O|  |TAMS 0x0000000080e00000, 0x0000000080d00000| Untracked 
|  14|0x0000000080e00000, 0x0000000080f00000, 0x0000000080f00000|100%| O|  |TAMS 0x0000000080f00000, 0x0000000080e00000| Untracked 
|  15|0x0000000080f00000, 0x0000000081000000, 0x0000000081000000|100%| O|  |TAMS 0x0000000081000000, 0x0000000080f00000| Untracked 
|  16|0x0000000081000000, 0x0000000081100000, 0x0000000081100000|100%| O|  |TAMS 0x0000000081100000, 0x0000000081000000| Untracked 
|  17|0x0000000081100000, 0x0000000081200000, 0x0000000081200000|100%| O|  |TAMS 0x0000000081200000, 0x0000000081100000| Untracked 
|  18|0x0000000081200000, 0x0000000081233400, 0x0000000081300000| 20%| O|  |TAMS 0x0000000081233400, 0x0000000081200000| Untracked 
|  19|0x0000000081300000, 0x0000000081400000, 0x0000000081400000|100%| O|  |TAMS 0x0000000081400000, 0x0000000081300000| Untracked 
|  20|0x0000000081400000, 0x0000000081500000, 0x0000000081500000|100%| O|  |TAMS 0x0000000081500000, 0x0000000081400000| Untracked 
|  21|0x0000000081500000, 0x0000000081600000, 0x0000000081600000|100%| O|  |TAMS 0x0000000081600000, 0x0000000081500000| Untracked 
|  22|0x0000000081600000, 0x0000000081700000, 0x0000000081700000|100%| O|  |TAMS 0x0000000081700000, 0x0000000081600000| Untracked 
|  23|0x0000000081700000, 0x0000000081800000, 0x0000000081800000|100%| O|  |TAMS 0x0000000081800000, 0x0000000081700000| Untracked 
|  24|0x0000000081800000, 0x0000000081900000, 0x0000000081900000|100%| O|  |TAMS 0x0000000081900000, 0x0000000081800000| Untracked 
|  25|0x0000000081900000, 0x0000000081a00000, 0x0000000081a00000|100%| O|  |TAMS 0x0000000081a00000, 0x0000000081900000| Untracked 
|  26|0x0000000081a00000, 0x0000000081b00000, 0x0000000081b00000|100%| O|  |TAMS 0x0000000081b00000, 0x0000000081a00000| Untracked 
|  27|0x0000000081b00000, 0x0000000081c00000, 0x0000000081c00000|100%| O|  |TAMS 0x0000000081c00000, 0x0000000081b00000| Untracked 
|  28|0x0000000081c00000, 0x0000000081d00000, 0x0000000081d00000|100%|HS|  |TAMS 0x0000000081d00000, 0x0000000081c00000| Complete 
|  29|0x0000000081d00000, 0x0000000081e00000, 0x0000000081e00000|100%|HC|  |TAMS 0x0000000081e00000, 0x0000000081d00000| Complete 
|  30|0x0000000081e00000, 0x0000000081f00000, 0x0000000081f00000|100%| O|  |TAMS 0x0000000081f00000, 0x0000000081e00000| Untracked 
|  31|0x0000000081f00000, 0x0000000082000000, 0x0000000082000000|100%| O|  |TAMS 0x0000000082000000, 0x0000000081f00000| Untracked 
|  32|0x0000000082000000, 0x0000000082100000, 0x0000000082100000|100%| O|  |TAMS 0x0000000082100000, 0x0000000082000000| Untracked 
|  33|0x0000000082100000, 0x0000000082200000, 0x0000000082200000|100%| O|  |TAMS 0x0000000082200000, 0x0000000082100000| Untracked 
|  34|0x0000000082200000, 0x0000000082300000, 0x0000000082300000|100%| O|  |TAMS 0x0000000082300000, 0x0000000082200000| Untracked 
|  35|0x0000000082300000, 0x0000000082400000, 0x0000000082400000|100%|HS|  |TAMS 0x0000000082400000, 0x0000000082300000| Complete 
|  36|0x0000000082400000, 0x0000000082500000, 0x0000000082500000|100%|HC|  |TAMS 0x0000000082500000, 0x0000000082400000| Complete 
|  37|0x0000000082500000, 0x0000000082600000, 0x0000000082600000|100%|HC|  |TAMS 0x0000000082600000, 0x0000000082500000| Complete 
|  38|0x0000000082600000, 0x0000000082700000, 0x0000000082700000|100%|HC|  |TAMS 0x0000000082700000, 0x0000000082600000| Complete 
|  39|0x0000000082700000, 0x0000000082800000, 0x0000000082800000|100%| O|  |TAMS 0x0000000082800000, 0x0000000082700000| Untracked 
|  40|0x0000000082800000, 0x0000000082900000, 0x0000000082900000|100%| O|  |TAMS 0x0000000082900000, 0x0000000082800000| Untracked 
|  41|0x0000000082900000, 0x0000000082a00000, 0x0000000082a00000|100%| O|  |TAMS 0x0000000082a00000, 0x0000000082900000| Untracked 
|  42|0x0000000082a00000, 0x0000000082b00000, 0x0000000082b00000|100%| O|  |TAMS 0x0000000082b00000, 0x0000000082a00000| Untracked 
|  43|0x0000000082b00000, 0x0000000082c00000, 0x0000000082c00000|100%| O|  |TAMS 0x0000000082c00000, 0x0000000082b00000| Untracked 
|  44|0x0000000082c00000, 0x0000000082d00000, 0x0000000082d00000|100%| O|  |TAMS 0x0000000082d00000, 0x0000000082c00000| Untracked 
|  45|0x0000000082d00000, 0x0000000082e00000, 0x0000000082e00000|100%| O|  |TAMS 0x0000000082e00000, 0x0000000082d00000| Untracked 
|  46|0x0000000082e00000, 0x0000000082f00000, 0x0000000082f00000|100%| O|  |TAMS 0x0000000082f00000, 0x0000000082e00000| Untracked 
|  47|0x0000000082f00000, 0x0000000083000000, 0x0000000083000000|100%| O|  |TAMS 0x0000000083000000, 0x0000000082f00000| Untracked 
|  48|0x0000000083000000, 0x0000000083100000, 0x0000000083100000|100%| O|  |TAMS 0x0000000083100000, 0x0000000083000000| Untracked 
|  49|0x0000000083100000, 0x0000000083200000, 0x0000000083200000|100%| O|  |TAMS 0x0000000083200000, 0x0000000083100000| Untracked 
|  50|0x0000000083200000, 0x0000000083300000, 0x0000000083300000|100%| O|  |TAMS 0x0000000083262400, 0x0000000083200000| Untracked 
|  51|0x0000000083300000, 0x0000000083400000, 0x0000000083400000|100%| O|  |TAMS 0x0000000083300000, 0x0000000083300000| Untracked 
|  52|0x0000000083400000, 0x0000000083454408, 0x0000000083500000| 32%| O|  |TAMS 0x0000000083400000, 0x0000000083400000| Untracked 
|  53|0x0000000083500000, 0x0000000083500000, 0x0000000083600000|  0%| F|  |TAMS 0x0000000083500000, 0x0000000083500000| Untracked 
|  54|0x0000000083600000, 0x0000000083600000, 0x0000000083700000|  0%| F|  |TAMS 0x0000000083600000, 0x0000000083600000| Untracked 
|  55|0x0000000083700000, 0x0000000083700000, 0x0000000083800000|  0%| F|  |TAMS 0x0000000083700000, 0x0000000083700000| Untracked 
|  56|0x0000000083800000, 0x0000000083800000, 0x0000000083900000|  0%| F|  |TAMS 0x0000000083800000, 0x0000000083800000| Untracked 
|  57|0x0000000083900000, 0x0000000083900000, 0x0000000083a00000|  0%| F|  |TAMS 0x0000000083900000, 0x0000000083900000| Untracked 
|  58|0x0000000083a00000, 0x0000000083a00000, 0x0000000083b00000|  0%| F|  |TAMS 0x0000000083a00000, 0x0000000083a00000| Untracked 
|  59|0x0000000083b00000, 0x0000000083b00000, 0x0000000083c00000|  0%| F|  |TAMS 0x0000000083b00000, 0x0000000083b00000| Untracked 
|  60|0x0000000083c00000, 0x0000000083c00000, 0x0000000083d00000|  0%| F|  |TAMS 0x0000000083c00000, 0x0000000083c00000| Untracked 
|  61|0x0000000083d00000, 0x0000000083e00000, 0x0000000083e00000|100%| S|CS|TAMS 0x0000000083d00000, 0x0000000083d00000| Complete 
|  62|0x0000000083e00000, 0x0000000083f00000, 0x0000000083f00000|100%| S|CS|TAMS 0x0000000083e00000, 0x0000000083e00000| Complete 
|  63|0x0000000083f00000, 0x0000000084000000, 0x0000000084000000|100%| S|CS|TAMS 0x0000000083f00000, 0x0000000083f00000| Complete 
|  64|0x0000000084000000, 0x0000000084100000, 0x0000000084100000|100%| S|CS|TAMS 0x0000000084000000, 0x0000000084000000| Complete 
|  65|0x0000000084100000, 0x0000000084100000, 0x0000000084200000|  0%| F|  |TAMS 0x0000000084100000, 0x0000000084100000| Untracked 
|  66|0x0000000084200000, 0x0000000084200000, 0x0000000084300000|  0%| F|  |TAMS 0x0000000084200000, 0x0000000084200000| Untracked 
|  67|0x0000000084300000, 0x0000000084300000, 0x0000000084400000|  0%| F|  |TAMS 0x0000000084300000, 0x0000000084300000| Untracked 
|  68|0x0000000084400000, 0x0000000084400000, 0x0000000084500000|  0%| F|  |TAMS 0x0000000084400000, 0x0000000084400000| Untracked 
|  69|0x0000000084500000, 0x0000000084500000, 0x0000000084600000|  0%| F|  |TAMS 0x0000000084500000, 0x0000000084500000| Untracked 
|  70|0x0000000084600000, 0x0000000084600000, 0x0000000084700000|  0%| F|  |TAMS 0x0000000084600000, 0x0000000084600000| Untracked 
|  71|0x0000000084700000, 0x0000000084700000, 0x0000000084800000|  0%| F|  |TAMS 0x0000000084700000, 0x0000000084700000| Untracked 
|  72|0x0000000084800000, 0x0000000084800000, 0x0000000084900000|  0%| F|  |TAMS 0x0000000084800000, 0x0000000084800000| Untracked 
|  73|0x0000000084900000, 0x0000000084900000, 0x0000000084a00000|  0%| F|  |TAMS 0x0000000084900000, 0x0000000084900000| Untracked 
|  74|0x0000000084a00000, 0x0000000084a00000, 0x0000000084b00000|  0%| F|  |TAMS 0x0000000084a00000, 0x0000000084a00000| Untracked 
|  75|0x0000000084b00000, 0x0000000084b00000, 0x0000000084c00000|  0%| F|  |TAMS 0x0000000084b00000, 0x0000000084b00000| Untracked 
|  76|0x0000000084c00000, 0x0000000084c00000, 0x0000000084d00000|  0%| F|  |TAMS 0x0000000084c00000, 0x0000000084c00000| Untracked 
|  77|0x0000000084d00000, 0x0000000084d00000, 0x0000000084e00000|  0%| F|  |TAMS 0x0000000084d00000, 0x0000000084d00000| Untracked 
|  78|0x0000000084e00000, 0x0000000084e00000, 0x0000000084f00000|  0%| F|  |TAMS 0x0000000084e00000, 0x0000000084e00000| Untracked 
|  79|0x0000000084f00000, 0x0000000084f00000, 0x0000000085000000|  0%| F|  |TAMS 0x0000000084f00000, 0x0000000084f00000| Untracked 
|  80|0x0000000085000000, 0x0000000085000000, 0x0000000085100000|  0%| F|  |TAMS 0x0000000085000000, 0x0000000085000000| Untracked 
|  81|0x0000000085100000, 0x0000000085100000, 0x0000000085200000|  0%| F|  |TAMS 0x0000000085100000, 0x0000000085100000| Untracked 
|  82|0x0000000085200000, 0x0000000085200000, 0x0000000085300000|  0%| F|  |TAMS 0x0000000085200000, 0x0000000085200000| Untracked 
|  83|0x0000000085300000, 0x0000000085300000, 0x0000000085400000|  0%| F|  |TAMS 0x0000000085300000, 0x0000000085300000| Untracked 
|  84|0x0000000085400000, 0x0000000085400000, 0x0000000085500000|  0%| F|  |TAMS 0x0000000085400000, 0x0000000085400000| Untracked 
|  85|0x0000000085500000, 0x0000000085500000, 0x0000000085600000|  0%| F|  |TAMS 0x0000000085500000, 0x0000000085500000| Untracked 
|  86|0x0000000085600000, 0x0000000085600000, 0x0000000085700000|  0%| F|  |TAMS 0x0000000085600000, 0x0000000085600000| Untracked 
|  87|0x0000000085700000, 0x0000000085700000, 0x0000000085800000|  0%| F|  |TAMS 0x0000000085700000, 0x0000000085700000| Untracked 
|  88|0x0000000085800000, 0x0000000085800000, 0x0000000085900000|  0%| F|  |TAMS 0x0000000085800000, 0x0000000085800000| Untracked 
|  89|0x0000000085900000, 0x0000000085900000, 0x0000000085a00000|  0%| F|  |TAMS 0x0000000085900000, 0x0000000085900000| Untracked 
|  90|0x0000000085a00000, 0x0000000085a00000, 0x0000000085b00000|  0%| F|  |TAMS 0x0000000085a00000, 0x0000000085a00000| Untracked 
|  91|0x0000000085b00000, 0x0000000085b00000, 0x0000000085c00000|  0%| F|  |TAMS 0x0000000085b00000, 0x0000000085b00000| Untracked 
|  92|0x0000000085c00000, 0x0000000085c00000, 0x0000000085d00000|  0%| F|  |TAMS 0x0000000085c00000, 0x0000000085c00000| Untracked 
|  93|0x0000000085d00000, 0x0000000085d00000, 0x0000000085e00000|  0%| F|  |TAMS 0x0000000085d00000, 0x0000000085d00000| Untracked 
|  94|0x0000000085e00000, 0x0000000085e00000, 0x0000000085f00000|  0%| F|  |TAMS 0x0000000085e00000, 0x0000000085e00000| Untracked 
|  95|0x0000000085f00000, 0x0000000085f5f9d8, 0x0000000086000000| 37%| E|  |TAMS 0x0000000085f00000, 0x0000000085f00000| Complete 
| 127|0x0000000087f00000, 0x0000000088000000, 0x0000000088000000|100%| E|  |TAMS 0x0000000087f00000, 0x0000000087f00000| Complete 

Card table byte_map: [0x000001ce2f520000,0x000001ce2f920000] _byte_map_base: 0x000001ce2f120000

Marking Bits (Prev, Next): (CMBitMap*) 0x000001ce189f2b90, (CMBitMap*) 0x000001ce189f2bd0
 Prev Bits: [0x000001ce2fd20000, 0x000001ce31d20000)
 Next Bits: [0x000001ce31d20000, 0x000001ce33d20000)

Polling page: 0x000001ce18190000

Metaspace:

Usage:
  Non-class:     52.48 MB used.
      Class:      8.32 MB used.
       Both:     60.81 MB used.

Virtual space:
  Non-class space:       56.00 MB reserved,      52.81 MB ( 94%) committed,  7 nodes.
      Class space:      412.00 MB reserved,       8.62 MB (  2%) committed,  1 nodes.
              Both:      468.00 MB reserved,      61.44 MB ( 13%) committed. 

Chunk freelists:
   Non-Class:  2.39 MB
       Class:  3.28 MB
        Both:  5.67 MB

MaxMetaspaceSize: 512.00 MB
CompressedClassSpaceSize: 412.00 MB
 - commit_granule_bytes: 65536.
 - commit_granule_words: 8192.
 - virtual_space_node_default_size: 1048576.
 - enlarge_chunks_in_place: 1.
 - new_chunks_are_fully_committed: 0.
 - uncommit_free_chunks: 1.
 - use_allocation_guard: 0.
 - handle_deallocations: 1.


Internal statistics:

num_allocs_failed_limit: 6.
num_arena_births: 718.
num_arena_deaths: 0.
num_vsnodes_births: 8.
num_vsnodes_deaths: 0.
num_space_committed: 983.
num_space_uncommitted: 0.
num_chunks_returned_to_freelist: 6.
num_chunks_taken_from_freelist: 3210.
num_chunk_merges: 6.
num_chunk_splits: 2146.
num_chunks_enlarged: 1452.
num_purges: 0.

CodeHeap 'non-profiled nmethods': size=120000Kb used=4429Kb max_used=4429Kb free=115570Kb
 bounds [0x000001ce27bf0000, 0x000001ce28050000, 0x000001ce2f120000]
CodeHeap 'profiled nmethods': size=120000Kb used=15698Kb max_used=15698Kb free=104301Kb
 bounds [0x000001ce206c0000, 0x000001ce21620000, 0x000001ce27bf0000]
CodeHeap 'non-nmethods': size=5760Kb used=2383Kb max_used=2440Kb free=3376Kb
 bounds [0x000001ce20120000, 0x000001ce20390000, 0x000001ce206c0000]
 total_blobs=8580 nmethods=7671 adapters=819
 compilation: enabled
              stopped_count=0, restarted_count=0
 full_count=0

Compilation events (20 events):
Event: 158.916 Thread 0x000001ce361a9f00 nmethod 8533 0x000001ce2160df10 code [0x000001ce2160e1a0, 0x000001ce2160edd8]
Event: 159.711 Thread 0x000001ce361a9f00 8534       3       java.io.File::getParentFile (24 bytes)
Event: 159.712 Thread 0x000001ce361a9f00 nmethod 8534 0x000001ce2160f210 code [0x000001ce2160f3e0, 0x000001ce2160f728]
Event: 159.749 Thread 0x000001ce361a9f00 8535       3       java.net.Inet6Address::initif (33 bytes)
Event: 159.750 Thread 0x000001ce361a9f00 nmethod 8535 0x000001ce2160f890 code [0x000001ce2160fa60, 0x000001ce2160fda8]
Event: 159.750 Thread 0x000001ce361a9f00 8536       3       java.net.Inet6Address$Inet6AddressHolder::init (37 bytes)
Event: 159.750 Thread 0x000001ce361a9f00 nmethod 8536 0x000001ce2160ff10 code [0x000001ce216100c0, 0x000001ce216102f8]
Event: 159.750 Thread 0x000001ce361a9f00 8537       3       java.net.Inet6Address$Inet6AddressHolder::setAddr (20 bytes)
Event: 159.750 Thread 0x000001ce361a9f00 nmethod 8537 0x000001ce21610410 code [0x000001ce216105c0, 0x000001ce216107c8]
Event: 159.766 Thread 0x000001ce361a9f00 8538       3       org.gradle.cache.internal.filelock.LockFileAccess::readLockInfo (12 bytes)
Event: 159.766 Thread 0x000001ce361a9f00 nmethod 8538 0x000001ce21610890 code [0x000001ce21610a40, 0x000001ce21610ba8]
Event: 159.766 Thread 0x000001ce361a9f00 8539       3       org.gradle.cache.internal.filelock.LockInfoAccess::readLockInfo (113 bytes)
Event: 159.768 Thread 0x000001ce361a9f00 nmethod 8539 0x000001ce21610c90 code [0x000001ce21611080, 0x000001ce21612eb8]
Event: 159.793 Thread 0x000001ce361a9500 8540       4       sun.invoke.util.VerifyAccess::isClassAccessible (230 bytes)
Event: 159.796 Thread 0x000001ce361a9f00 8541       3       org.gradle.internal.resources.DefaultResourceLockCoordinationService::startOperation (49 bytes)
Event: 159.797 Thread 0x000001ce361a9f00 nmethod 8541 0x000001ce21613890 code [0x000001ce21613a60, 0x000001ce21613dc8]
Event: 159.797 Thread 0x000001ce361a9f00 8542       3       org.gradle.internal.resources.DefaultResourceLockCoordinationService::finishOperation (38 bytes)
Event: 159.798 Thread 0x000001ce361a9f00 nmethod 8542 0x000001ce21613f10 code [0x000001ce216140c0, 0x000001ce216143c8]
Event: 159.798 Thread 0x000001ce361a9f00 8543       3       org.gradle.internal.snapshot.EmptyChildMap::withNode (7 bytes)
Event: 159.798 Thread 0x000001ce361a9f00 nmethod 8543 0x000001ce21614510 code [0x000001ce216146c0, 0x000001ce216148a8]

GC Heap History (20 events):
Event: 119.060 GC heap before
{Heap before GC invocations=15 (full 0):
 garbage-first heap   total 78848K, used 65541K [0x0000000080000000, 0x0000000100000000)
  region size 1024K, 28 young (28672K), 3 survivors (3072K)
 Metaspace       used 45925K, committed 46464K, reserved 471040K
  class space    used 6294K, committed 6528K, reserved 421888K
}
Event: 119.069 GC heap after
{Heap after GC invocations=16 (full 0):
 garbage-first heap   total 78848K, used 43157K [0x0000000080000000, 0x0000000100000000)
  region size 1024K, 4 young (4096K), 4 survivors (4096K)
 Metaspace       used 45925K, committed 46464K, reserved 471040K
  class space    used 6294K, committed 6528K, reserved 421888K
}
Event: 123.357 GC heap before
{Heap before GC invocations=16 (full 0):
 garbage-first heap   total 78848K, used 63637K [0x0000000080000000, 0x0000000100000000)
  region size 1024K, 24 young (24576K), 4 survivors (4096K)
 Metaspace       used 48011K, committed 48576K, reserved 471040K
  class space    used 6608K, committed 6912K, reserved 421888K
}
Event: 123.365 GC heap after
{Heap after GC invocations=17 (full 0):
 garbage-first heap   total 78848K, used 44394K [0x0000000080000000, 0x0000000100000000)
  region size 1024K, 2 young (2048K), 2 survivors (2048K)
 Metaspace       used 48011K, committed 48576K, reserved 471040K
  class space    used 6608K, committed 6912K, reserved 421888K
}
Event: 126.659 GC heap before
{Heap before GC invocations=18 (full 0):
 garbage-first heap   total 78848K, used 63850K [0x0000000080000000, 0x0000000100000000)
  region size 1024K, 21 young (21504K), 2 survivors (2048K)
 Metaspace       used 50313K, committed 50944K, reserved 471040K
  class space    used 6935K, committed 7232K, reserved 421888K
}
Event: 126.667 GC heap after
{Heap after GC invocations=19 (full 0):
 garbage-first heap   total 78848K, used 45039K [0x0000000080000000, 0x0000000100000000)
  region size 1024K, 2 young (2048K), 2 survivors (2048K)
 Metaspace       used 50313K, committed 50944K, reserved 471040K
  class space    used 6935K, committed 7232K, reserved 421888K
}
Event: 129.752 GC heap before
{Heap before GC invocations=19 (full 0):
 garbage-first heap   total 78848K, used 65519K [0x0000000080000000, 0x0000000100000000)
  region size 1024K, 22 young (22528K), 2 survivors (2048K)
 Metaspace       used 53016K, committed 53632K, reserved 471040K
  class space    used 7283K, committed 7552K, reserved 421888K
}
Event: 129.760 GC heap after
{Heap after GC invocations=20 (full 0):
 garbage-first heap   total 78848K, used 46228K [0x0000000080000000, 0x0000000100000000)
  region size 1024K, 3 young (3072K), 3 survivors (3072K)
 Metaspace       used 53016K, committed 53632K, reserved 471040K
  class space    used 7283K, committed 7552K, reserved 421888K
}
Event: 132.623 GC heap before
{Heap before GC invocations=21 (full 0):
 garbage-first heap   total 81920K, used 64660K [0x0000000080000000, 0x0000000100000000)
  region size 1024K, 21 young (21504K), 3 survivors (3072K)
 Metaspace       used 54320K, committed 54976K, reserved 471040K
  class space    used 7436K, committed 7744K, reserved 421888K
}
Event: 132.632 GC heap after
{Heap after GC invocations=22 (full 0):
 garbage-first heap   total 81920K, used 47821K [0x0000000080000000, 0x0000000100000000)
  region size 1024K, 3 young (3072K), 3 survivors (3072K)
 Metaspace       used 54320K, committed 54976K, reserved 471040K
  class space    used 7436K, committed 7744K, reserved 421888K
}
Event: 135.657 GC heap before
{Heap before GC invocations=22 (full 0):
 garbage-first heap   total 81920K, used 66253K [0x0000000080000000, 0x0000000100000000)
  region size 1024K, 22 young (22528K), 3 survivors (3072K)
 Metaspace       used 56337K, committed 57024K, reserved 479232K
  class space    used 7725K, committed 8064K, reserved 421888K
}
Event: 135.668 GC heap after
{Heap after GC invocations=23 (full 0):
 garbage-first heap   total 81920K, used 49156K [0x0000000080000000, 0x0000000100000000)
  region size 1024K, 3 young (3072K), 3 survivors (3072K)
 Metaspace       used 56337K, committed 57024K, reserved 479232K
  class space    used 7725K, committed 8064K, reserved 421888K
}
Event: 137.873 GC heap before
{Heap before GC invocations=24 (full 0):
 garbage-first heap   total 86016K, used 67588K [0x0000000080000000, 0x0000000100000000)
  region size 1024K, 21 young (21504K), 3 survivors (3072K)
 Metaspace       used 57345K, committed 57984K, reserved 479232K
  class space    used 7896K, committed 8192K, reserved 421888K
}
Event: 137.882 GC heap after
{Heap after GC invocations=25 (full 0):
 garbage-first heap   total 86016K, used 50829K [0x0000000080000000, 0x0000000100000000)
  region size 1024K, 3 young (3072K), 3 survivors (3072K)
 Metaspace       used 57345K, committed 57984K, reserved 479232K
  class space    used 7896K, committed 8192K, reserved 421888K
}
Event: 147.968 GC heap before
{Heap before GC invocations=25 (full 0):
 garbage-first heap   total 86016K, used 70285K [0x0000000080000000, 0x0000000100000000)
  region size 1024K, 22 young (22528K), 3 survivors (3072K)
 Metaspace       used 58609K, committed 59200K, reserved 479232K
  class space    used 8034K, committed 8320K, reserved 421888K
}
Event: 147.978 GC heap after
{Heap after GC invocations=26 (full 0):
 garbage-first heap   total 86016K, used 52241K [0x0000000080000000, 0x0000000100000000)
  region size 1024K, 3 young (3072K), 3 survivors (3072K)
 Metaspace       used 58609K, committed 59200K, reserved 479232K
  class space    used 8034K, committed 8320K, reserved 421888K
}
Event: 154.561 GC heap before
{Heap before GC invocations=27 (full 0):
 garbage-first heap   total 92160K, used 70673K [0x0000000080000000, 0x0000000100000000)
  region size 1024K, 21 young (21504K), 3 survivors (3072K)
 Metaspace       used 60010K, committed 60672K, reserved 479232K
  class space    used 8267K, committed 8576K, reserved 421888K
}
Event: 154.573 GC heap after
{Heap after GC invocations=28 (full 0):
 garbage-first heap   total 92160K, used 53846K [0x0000000080000000, 0x0000000100000000)
  region size 1024K, 3 young (3072K), 3 survivors (3072K)
 Metaspace       used 60010K, committed 60672K, reserved 479232K
  class space    used 8267K, committed 8576K, reserved 421888K
}
Event: 158.682 GC heap before
{Heap before GC invocations=28 (full 0):
 garbage-first heap   total 92160K, used 75350K [0x0000000080000000, 0x0000000100000000)
  region size 1024K, 25 young (25600K), 3 survivors (3072K)
 Metaspace       used 62075K, committed 62720K, reserved 479232K
  class space    used 8485K, committed 8768K, reserved 421888K
}
Event: 158.693 GC heap after
{Heap after GC invocations=29 (full 0):
 garbage-first heap   total 92160K, used 56862K [0x0000000080000000, 0x0000000100000000)
  region size 1024K, 4 young (4096K), 4 survivors (4096K)
 Metaspace       used 62075K, committed 62720K, reserved 479232K
  class space    used 8485K, committed 8768K, reserved 421888K
}

Deoptimization events (20 events):
Event: 158.895 Thread 0x000001ce3879d010 Uncommon trap: trap_request=0xffffffc6 fr.pc=0x000001ce27fb6928 relative=0x0000000000000188
Event: 158.895 Thread 0x000001ce3879d010 Uncommon trap: reason=bimorphic_or_optimized_type_check action=maybe_recompile pc=0x000001ce27fb6928 method=com.google.common.collect.RegularImmutableMap.get(Ljava/lang/Object;[Lcom/google/common/collect/ImmutableMapEntry;I)Ljava/lang/Object; @ 54 c2
Event: 158.895 Thread 0x000001ce3879d010 DEOPT PACKING pc=0x000001ce27fb6928 sp=0x00000044472fb600
Event: 158.895 Thread 0x000001ce3879d010 DEOPT UNPACKING pc=0x000001ce2016d72e sp=0x00000044472fb598 mode 2
Event: 158.896 Thread 0x000001ce3879d010 Uncommon trap: trap_request=0xffffffc6 fr.pc=0x000001ce27fb6928 relative=0x0000000000000188
Event: 158.896 Thread 0x000001ce3879d010 Uncommon trap: reason=bimorphic_or_optimized_type_check action=maybe_recompile pc=0x000001ce27fb6928 method=com.google.common.collect.RegularImmutableMap.get(Ljava/lang/Object;[Lcom/google/common/collect/ImmutableMapEntry;I)Ljava/lang/Object; @ 54 c2
Event: 158.896 Thread 0x000001ce3879d010 DEOPT PACKING pc=0x000001ce27fb6928 sp=0x00000044472fb600
Event: 158.896 Thread 0x000001ce3879d010 DEOPT UNPACKING pc=0x000001ce2016d72e sp=0x00000044472fb598 mode 2
Event: 158.910 Thread 0x000001ce3879d010 Uncommon trap: trap_request=0xffffffde fr.pc=0x000001ce27d653a4 relative=0x0000000000000084
Event: 158.910 Thread 0x000001ce3879d010 Uncommon trap: reason=class_check action=maybe_recompile pc=0x000001ce27d653a4 method=java.util.Collections$SetFromMap.remove(Ljava/lang/Object;)Z @ 5 c2
Event: 158.910 Thread 0x000001ce3879d010 DEOPT PACKING pc=0x000001ce27d653a4 sp=0x00000044472fd950
Event: 158.910 Thread 0x000001ce3879d010 DEOPT UNPACKING pc=0x000001ce2016d72e sp=0x00000044472fd8e8 mode 2
Event: 158.913 Thread 0x000001ce3879e000 Uncommon trap: trap_request=0xffffffde fr.pc=0x000001ce27d653a4 relative=0x0000000000000084
Event: 158.913 Thread 0x000001ce3879e000 Uncommon trap: reason=class_check action=maybe_recompile pc=0x000001ce27d653a4 method=java.util.Collections$SetFromMap.remove(Ljava/lang/Object;)Z @ 5 c2
Event: 158.913 Thread 0x000001ce3879e000 DEOPT PACKING pc=0x000001ce27d653a4 sp=0x00000044473fe7c0
Event: 158.913 Thread 0x000001ce3879e000 DEOPT UNPACKING pc=0x000001ce2016d72e sp=0x00000044473fe758 mode 2
Event: 159.794 Thread 0x000001ce3879e000 Uncommon trap: trap_request=0xffffffde fr.pc=0x000001ce27d653a4 relative=0x0000000000000084
Event: 159.794 Thread 0x000001ce3879e000 Uncommon trap: reason=class_check action=maybe_recompile pc=0x000001ce27d653a4 method=java.util.Collections$SetFromMap.remove(Ljava/lang/Object;)Z @ 5 c2
Event: 159.794 Thread 0x000001ce3879e000 DEOPT PACKING pc=0x000001ce27d653a4 sp=0x00000044473fe7c0
Event: 159.794 Thread 0x000001ce3879e000 DEOPT UNPACKING pc=0x000001ce2016d72e sp=0x00000044473fe758 mode 2

Classes unloaded (0 events):
No events

Classes redefined (0 events):
No events

Internal exceptions (20 events):
Event: 135.843 Thread 0x000001ce37931da0 Exception <a 'java/lang/ClassNotFoundException'{0x0000000085ce1198}: org/gradle/api/internal/DefaultNamedDomainObjectListBeanInfo> (0x0000000085ce1198) 
thrown [t:\workspace\open\src\hotspot\share\classfile\systemDictionary.cpp, line 256]
Event: 135.846 Thread 0x000001ce37931da0 Exception <a 'java/lang/ClassNotFoundException'{0x0000000085cf6140}: org/gradle/api/internal/DefaultNamedDomainObjectCollectionBeanInfo> (0x0000000085cf6140) 
thrown [t:\workspace\open\src\hotspot\share\classfile\systemDictionary.cpp, line 256]
Event: 135.847 Thread 0x000001ce37931da0 Exception <a 'java/lang/ClassNotFoundException'{0x0000000085b0b790}: org/gradle/api/internal/DefaultDomainObjectCollectionBeanInfo> (0x0000000085b0b790) 
thrown [t:\workspace\open\src\hotspot\share\classfile\systemDictionary.cpp, line 256]
Event: 135.848 Thread 0x000001ce37931da0 Exception <a 'java/lang/ClassNotFoundException'{0x0000000085b206b0}: org/gradle/api/internal/DefaultDomainObjectCollectionCustomizer> (0x0000000085b206b0) 
thrown [t:\workspace\open\src\hotspot\share\classfile\systemDictionary.cpp, line 256]
Event: 135.864 Thread 0x000001ce37931da0 Exception <a 'java/lang/ClassNotFoundException'{0x0000000085b55c10}: org/gradle/api/internal/DefaultNamedDomainObjectCollectionCustomizer> (0x0000000085b55c10) 
thrown [t:\workspace\open\src\hotspot\share\classfile\systemDictionary.cpp, line 256]
Event: 135.869 Thread 0x000001ce37931da0 Exception <a 'java/lang/ClassNotFoundException'{0x0000000085b91be8}: org/gradle/api/internal/DefaultNamedDomainObjectListCustomizer> (0x0000000085b91be8) 
thrown [t:\workspace\open\src\hotspot\share\classfile\systemDictionary.cpp, line 256]
Event: 135.872 Thread 0x000001ce37931da0 Exception <a 'java/lang/ClassNotFoundException'{0x0000000085bc3b98}: org/gradle/api/internal/artifacts/DefaultArtifactRepositoryContainerCustomizer> (0x0000000085bc3b98) 
thrown [t:\workspace\open\src\hotspot\share\classfile\systemDictionary.cpp, line 256]
Event: 135.875 Thread 0x000001ce37931da0 Exception <a 'java/lang/ClassNotFoundException'{0x0000000085beda68}: org/gradle/api/internal/artifacts/dsl/DefaultRepositoryHandlerCustomizer> (0x0000000085beda68) 
thrown [t:\workspace\open\src\hotspot\share\classfile\systemDictionary.cpp, line 256]
Event: 135.880 Thread 0x000001ce37931da0 Exception <a 'java/lang/ClassNotFoundException'{0x0000000084f25108}: org/gradle/api/internal/artifacts/dsl/DefaultRepositoryHandler_DecoratedCustomizer> (0x0000000084f25108) 
thrown [t:\workspace\open\src\hotspot\share\classfile\systemDictionary.cpp, line 256]
Event: 135.981 Thread 0x000001ce37931da0 Exception <a 'java/lang/ClassNotFoundException'{0x0000000084fb9ba8}: org/gradle/api/internal/artifacts/dsl/dependencies/DefaultDependencyHandler_DecoratedBeanInfo> (0x0000000084fb9ba8) 
thrown [t:\workspace\open\src\hotspot\share\classfile\systemDictionary.cpp, line 256]
Event: 135.984 Thread 0x000001ce37931da0 Exception <a 'java/lang/ClassNotFoundException'{0x0000000084fd19e0}: org/gradle/api/internal/artifacts/dsl/dependencies/DefaultDependencyHandlerBeanInfo> (0x0000000084fd19e0) 
thrown [t:\workspace\open\src\hotspot\share\classfile\systemDictionary.cpp, line 256]
Event: 135.986 Thread 0x000001ce37931da0 Exception <a 'java/lang/ClassNotFoundException'{0x0000000084fe8d38}: org/gradle/api/internal/artifacts/dsl/dependencies/DefaultDependencyHandlerCustomizer> (0x0000000084fe8d38) 
thrown [t:\workspace\open\src\hotspot\share\classfile\systemDictionary.cpp, line 256]
Event: 135.996 Thread 0x000001ce37931da0 Exception <a 'java/lang/ClassNotFoundException'{0x0000000084e29538}: org/gradle/api/internal/artifacts/dsl/dependencies/DefaultDependencyHandler_DecoratedCustomizer> (0x0000000084e29538) 
thrown [t:\workspace\open\src\hotspot\share\classfile\systemDictionary.cpp, line 256]
Event: 147.031 Thread 0x000001ce37931da0 Exception <a 'java/lang/NoSuchMethodError'{0x00000000845eb1c8}: 'java.lang.Object java.lang.invoke.DirectMethodHandle$Holder.invokeSpecial(java.lang.Object, java.lang.Object, java.lang.Object, java.lang.Object, java.lang.Object, java.lang.Object, java.lang.Object, java.lang.Object, java.lang.Object, java.lang.Object, java.lang.Object)'> (0x00000000845eb1c8) 
thrown [t:\workspace\open\src\hotspot\share\interpreter\linkResolver.cpp, line 790]
Event: 147.033 Thread 0x000001ce37931da0 Exception <a 'java/lang/NoSuchMethodError'{0x00000000845f9c70}: 'java.lang.Object java.lang.invoke.DirectMethodHandle$Holder.newInvokeSpecial(java.lang.Object, java.lang.Object, java.lang.Object, java.lang.Object, java.lang.Object, java.lang.Object, java.lang.Object, java.lang.Object, java.lang.Object, java.lang.Object)'> (0x00000000845f9c70) 
thrown [t:\workspace\open\src\hotspot\share\interpreter\linkResolver.cpp, line 790]
Event: 147.034 Thread 0x000001ce37931da0 Exception <a 'java/lang/NoSuchMethodError'{0x00000000844036c8}: 'java.lang.Object java.lang.invoke.Invokers$Holder.linkToTargetMethod(java.lang.Object, java.lang.Object, java.lang.Object, java.lang.Object, java.lang.Object, java.lang.Object, java.lang.Object, java.lang.Object, java.lang.Object, java.lang.Object)'> (0x00000000844036c8) 
thrown [t:\workspace\open\src\hotspot\share\interpreter\linkResolver.cpp, line 790]
Event: 151.556 Thread 0x000001ce3879d010 Exception <a 'java/lang/NoSuchMethodError'{0x00000000850c49d0}: 'java.lang.Object java.lang.invoke.DirectMethodHandle$Holder.newInvokeSpecial(java.lang.Object, java.lang.Object, java.lang.Object, java.lang.Object, int, java.lang.Object)'> (0x00000000850c49d0) 
thrown [t:\workspace\open\src\hotspot\share\interpreter\linkResolver.cpp, line 790]
Event: 151.557 Thread 0x000001ce3879d010 Exception <a 'java/lang/NoSuchMethodError'{0x00000000850c8e40}: 'java.lang.Object java.lang.invoke.Invokers$Holder.linkToTargetMethod(java.lang.Object, java.lang.Object, java.lang.Object, int, java.lang.Object, java.lang.Object)'> (0x00000000850c8e40) 
thrown [t:\workspace\open\src\hotspot\share\interpreter\linkResolver.cpp, line 790]
Event: 151.584 Thread 0x000001ce3879d010 Exception <a 'java/lang/NoSuchMethodError'{0x0000000084f3f0a0}: 'void java.lang.invoke.DirectMethodHandle$Holder.invokeInterface(java.lang.Object, java.lang.Object, java.lang.Object, java.lang.Object)'> (0x0000000084f3f0a0) 
thrown [t:\workspace\open\src\hotspot\share\interpreter\linkResolver.cpp, line 790]
Event: 153.141 Thread 0x000001ce3879d010 Exception <a 'java/lang/NoSuchMethodError'{0x0000000084d29ea8}: 'int java.lang.invoke.DirectMethodHandle$Holder.invokeSpecial(java.lang.Object, java.lang.Object, java.lang.Object, java.lang.Object, java.lang.Object)'> (0x0000000084d29ea8) 
thrown [t:\workspace\open\src\hotspot\share\interpreter\linkResolver.cpp, line 790]

Events (20 events):
Event: 154.694 Thread 0x000001ce379cb040 Thread added: 0x000001ce379cb040
Event: 154.694 Thread 0x000001ce379cb590 Thread added: 0x000001ce379cb590
Event: 154.694 Thread 0x000001ce379caaf0 Thread added: 0x000001ce379caaf0
Event: 154.694 Thread 0x000001ce379ca5a0 Thread added: 0x000001ce379ca5a0
Event: 155.582 Executing  VM operation: Cleanup
Event: 155.629 Executing  VM operation: Cleanup done
Event: 155.805 loading class java/io/NotSerializableException
Event: 155.805 loading class java/io/NotSerializableException done
Event: 156.631 Executing  VM operation: Cleanup
Event: 156.677 Executing  VM operation: Cleanup done
Event: 157.523 Executing  VM operation: HandshakeAllThreads
Event: 157.523 Executing  VM operation: HandshakeAllThreads done
Event: 158.531 Executing  VM operation: Cleanup
Event: 158.531 Executing  VM operation: Cleanup done
Event: 158.682 Executing  VM operation: G1CollectForAllocation
Event: 158.693 Executing  VM operation: G1CollectForAllocation done
Event: 158.868 Executing  VM operation: G1Concurrent
Event: 158.890 Executing  VM operation: G1Concurrent done
Event: 158.989 Executing  VM operation: G1Concurrent
Event: 158.989 Executing  VM operation: G1Concurrent done


Dynamic libraries:
0x00007ff723d70000 - 0x00007ff723d7e000 	C:\Program Files\Java\jdk-16\bin\java.exe
0x00007ffa1eab0000 - 0x00007ffa1eca8000 	C:\WINDOWS\SYSTEM32\ntdll.dll
0x00007ffa1e1f0000 - 0x00007ffa1e2ad000 	C:\WINDOWS\System32\KERNEL32.DLL
0x00007ffa1c490000 - 0x00007ffa1c786000 	C:\WINDOWS\System32\KERNELBASE.dll
0x00007ffa1c230000 - 0x00007ffa1c330000 	C:\WINDOWS\System32\ucrtbase.dll
0x00007ffa14660000 - 0x00007ffa14678000 	C:\Program Files\Java\jdk-16\bin\jli.dll
0x00007ffa1ccc0000 - 0x00007ffa1ce5e000 	C:\WINDOWS\System32\USER32.dll
0x00007ffa1c200000 - 0x00007ffa1c222000 	C:\WINDOWS\System32\win32u.dll
0x00007ffa1d2f0000 - 0x00007ffa1d31c000 	C:\WINDOWS\System32\GDI32.dll
0x00007ffa1c9f0000 - 0x00007ffa1cb0a000 	C:\WINDOWS\System32\gdi32full.dll
0x00007ffa1c890000 - 0x00007ffa1c92d000 	C:\WINDOWS\System32\msvcp_win.dll
0x00007ffa13d40000 - 0x00007ffa13d59000 	C:\Program Files\Java\jdk-16\bin\VCRUNTIME140.dll
0x00007ffa0b740000 - 0x00007ffa0b9da000 	C:\WINDOWS\WinSxS\amd64_microsoft.windows.common-controls_6595b64144ccf1df_6.0.19041.3636_none_60b6a03d71f818d5\COMCTL32.dll
0x00007ffa1cf90000 - 0x00007ffa1d02e000 	C:\WINDOWS\System32\msvcrt.dll
0x00007ffa1d1e0000 - 0x00007ffa1d210000 	C:\WINDOWS\System32\IMM32.DLL
0x00007ffa18030000 - 0x00007ffa1803c000 	C:\Program Files\Java\jdk-16\bin\vcruntime140_1.dll
0x00007ffa03ef0000 - 0x00007ffa03f81000 	C:\Program Files\Java\jdk-16\bin\msvcp140.dll
0x00007ff9eb280000 - 0x00007ff9ebe2b000 	C:\Program Files\Java\jdk-16\bin\server\jvm.dll
0x00007ffa1d9a0000 - 0x00007ffa1da4f000 	C:\WINDOWS\System32\ADVAPI32.dll
0x00007ffa1e020000 - 0x00007ffa1e0bc000 	C:\WINDOWS\System32\sechost.dll
0x00007ffa1ce60000 - 0x00007ffa1cf86000 	C:\WINDOWS\System32\RPCRT4.dll
0x00007ffa1d320000 - 0x00007ffa1d328000 	C:\WINDOWS\System32\PSAPI.DLL
0x00007ffa16820000 - 0x00007ffa16829000 	C:\WINDOWS\SYSTEM32\WSOCK32.dll
0x00007ffa1ea00000 - 0x00007ffa1ea6b000 	C:\WINDOWS\System32\WS2_32.dll
0x00007ffa08a00000 - 0x00007ffa08a27000 	C:\WINDOWS\SYSTEM32\WINMM.dll
0x00007ffa15790000 - 0x00007ffa1579a000 	C:\WINDOWS\SYSTEM32\VERSION.dll
0x00007ffa1a050000 - 0x00007ffa1a062000 	C:\WINDOWS\SYSTEM32\kernel.appcore.dll
0x00007ffa16f80000 - 0x00007ffa16f8a000 	C:\Program Files\Java\jdk-16\bin\jimage.dll
0x00007ff9fe0b0000 - 0x00007ff9fe294000 	C:\WINDOWS\SYSTEM32\DBGHELP.DLL
0x00007ff9fe070000 - 0x00007ff9fe0a4000 	C:\WINDOWS\SYSTEM32\dbgcore.DLL
0x00007ffa1c960000 - 0x00007ffa1c9e2000 	C:\WINDOWS\System32\bcryptPrimitives.dll
0x00007ffa13220000 - 0x00007ffa13245000 	C:\Program Files\Java\jdk-16\bin\java.dll
0x00007ffa1e2b0000 - 0x00007ffa1e9f4000 	C:\WINDOWS\System32\SHELL32.dll
0x00007ffa1a250000 - 0x00007ffa1a9eb000 	C:\WINDOWS\SYSTEM32\windows.storage.dll
0x00007ffa1d450000 - 0x00007ffa1d7a4000 	C:\WINDOWS\System32\combase.dll
0x00007ffa1bbd0000 - 0x00007ffa1bbfd000 	C:\WINDOWS\SYSTEM32\Wldp.dll
0x00007ffa1da50000 - 0x00007ffa1dafd000 	C:\WINDOWS\System32\SHCORE.dll
0x00007ffa1cb10000 - 0x00007ffa1cb65000 	C:\WINDOWS\System32\shlwapi.dll
0x00007ffa1c0c0000 - 0x00007ffa1c0e5000 	C:\WINDOWS\SYSTEM32\profapi.dll
0x00007ffa13d20000 - 0x00007ffa13d39000 	C:\Program Files\Java\jdk-16\bin\net.dll
0x00007ffa0ca70000 - 0x00007ffa0cb7a000 	C:\WINDOWS\SYSTEM32\WINHTTP.dll
0x00007ffa1b930000 - 0x00007ffa1b99a000 	C:\WINDOWS\system32\mswsock.dll
0x00007ffa13130000 - 0x00007ffa13143000 	C:\Program Files\Java\jdk-16\bin\nio.dll
0x00007ffa13110000 - 0x00007ffa13128000 	C:\Program Files\Java\jdk-16\bin\zip.dll
0x00007ffa0dca0000 - 0x00007ffa0dcb0000 	C:\Program Files\Java\jdk-16\bin\verify.dll
0x00007ffa0c810000 - 0x00007ffa0c837000 	C:\Users\hermo\.gradle\native\68d5fa5c4cc2d200863cafc0d521ce42e7d3e7ee720ec0a83991735586a16f82\windows-amd64\native-platform.dll
0x00007ff9fd950000 - 0x00007ff9fda94000 	C:\Users\hermo\.gradle\native\e376f236ea51e6404a007f0833ffe2c6e607c4080706a723a18a27aeea778392\windows-amd64\native-platform-file-events.dll
0x00007ffa0dc90000 - 0x00007ffa0dc99000 	C:\Program Files\Java\jdk-16\bin\management.dll
0x00007ffa0dc80000 - 0x00007ffa0dc8b000 	C:\Program Files\Java\jdk-16\bin\management_ext.dll
0x00007ffa1bb20000 - 0x00007ffa1bb38000 	C:\WINDOWS\SYSTEM32\CRYPTSP.dll
0x00007ffa1b1f0000 - 0x00007ffa1b224000 	C:\WINDOWS\system32\rsaenh.dll
0x00007ffa1c930000 - 0x00007ffa1c957000 	C:\WINDOWS\System32\bcrypt.dll
0x00007ffa1c080000 - 0x00007ffa1c0ae000 	C:\WINDOWS\SYSTEM32\USERENV.dll
0x00007ffa1bb40000 - 0x00007ffa1bb4c000 	C:\WINDOWS\SYSTEM32\CRYPTBASE.dll
0x00007ffa1b5d0000 - 0x00007ffa1b60b000 	C:\WINDOWS\SYSTEM32\IPHLPAPI.DLL
0x00007ffa1d7b0000 - 0x00007ffa1d7b8000 	C:\WINDOWS\System32\NSI.dll
0x00007ffa12650000 - 0x00007ffa12667000 	C:\WINDOWS\SYSTEM32\dhcpcsvc6.DLL
0x00007ffa128b0000 - 0x00007ffa128cd000 	C:\WINDOWS\SYSTEM32\dhcpcsvc.DLL
0x00007ffa1b610000 - 0x00007ffa1b6da000 	C:\WINDOWS\SYSTEM32\DNSAPI.dll
0x00007ffa0d300000 - 0x00007ffa0d30e000 	C:\Program Files\Java\jdk-16\bin\sunmscapi.dll
0x00007ffa1c330000 - 0x00007ffa1c48d000 	C:\WINDOWS\System32\CRYPT32.dll
0x00007ffa1bc40000 - 0x00007ffa1bc67000 	C:\WINDOWS\SYSTEM32\ncrypt.dll
0x00007ffa1bc00000 - 0x00007ffa1bc3b000 	C:\WINDOWS\SYSTEM32\NTASN1.dll
0x00007ff9ecd30000 - 0x00007ff9ecd37000 	C:\WINDOWS\system32\wshunix.dll

dbghelp: loaded successfully - version: 4.0.5 - missing functions: none
symbol engine: initialized successfully - sym options: 0x614 - pdb path: .;C:\Program Files\Java\jdk-16\bin;C:\WINDOWS\SYSTEM32;C:\WINDOWS\WinSxS\amd64_microsoft.windows.common-controls_6595b64144ccf1df_6.0.19041.3636_none_60b6a03d71f818d5;C:\Program Files\Java\jdk-16\bin\server;C:\Users\hermo\.gradle\native\68d5fa5c4cc2d200863cafc0d521ce42e7d3e7ee720ec0a83991735586a16f82\windows-amd64;C:\Users\hermo\.gradle\native\e376f236ea51e6404a007f0833ffe2c6e607c4080706a723a18a27aeea778392\windows-amd64

VM Arguments:
jvm_args: -XX:MaxMetaspaceSize=512m --add-opens=java.base/java.util=ALL-UNNAMED --add-opens=java.base/java.lang=ALL-UNNAMED --add-opens=java.base/java.lang.invoke=ALL-UNNAMED --add-opens=java.prefs/java.util.prefs=ALL-UNNAMED --add-opens=java.base/java.nio.charset=ALL-UNNAMED --add-opens=java.base/java.net=ALL-UNNAMED --add-opens=java.base/java.util.concurrent.atomic=ALL-UNNAMED -Xmx2048m -Dfile.encoding=windows-1252 -Duser.country=IN -Duser.language=en -Duser.variant 
java_command: org.gradle.launcher.daemon.bootstrap.GradleDaemon 7.6
java_class_path (initial): C:\Users\hermo\.gradle\wrapper\dists\gradle-7.6-all\9f832ih6bniajn45pbmqhk2cw\gradle-7.6\lib\gradle-launcher-7.6.jar
Launcher Type: SUN_STANDARD

[Global flags]
     intx CICompilerCount                          = 3                                         {product} {ergonomic}
   size_t CompressedClassSpaceSize                 = 432013312                                 {product} {ergonomic}
     uint ConcGCThreads                            = 1                                         {product} {ergonomic}
     uint G1ConcRefinementThreads                  = 4                                         {product} {ergonomic}
   size_t G1HeapRegionSize                         = 1048576                                   {product} {ergonomic}
    uintx GCDrainStackTargetSize                   = 64                                        {product} {ergonomic}
   size_t InitialHeapSize                          = 134217728                                 {product} {ergonomic}
   size_t MarkStackSize                            = 4194304                                   {product} {ergonomic}
   size_t MaxHeapSize                              = 2147483648                                {product} {command line}
   size_t MaxMetaspaceSize                         = 536870912                                 {product} {command line}
   size_t MaxNewSize                               = 1287651328                                {product} {ergonomic}
   size_t MinHeapDeltaBytes                        = 1048576                                   {product} {ergonomic}
   size_t MinHeapSize                              = 8388608                                   {product} {ergonomic}
    uintx NonNMethodCodeHeapSize                   = 5832780                                {pd product} {ergonomic}
    uintx NonProfiledCodeHeapSize                  = 122912730                              {pd product} {ergonomic}
    uintx ProfiledCodeHeapSize                     = 122912730                              {pd product} {ergonomic}
    uintx ReservedCodeCacheSize                    = 251658240                              {pd product} {ergonomic}
     bool SegmentedCodeCache                       = true                                      {product} {ergonomic}
   size_t SoftMaxHeapSize                          = 2147483648                             {manageable} {ergonomic}
     bool UseCompressedClassPointers               = true                           {product lp64_product} {ergonomic}
     bool UseCompressedOops                        = true                           {product lp64_product} {ergonomic}
     bool UseG1GC                                  = true                                      {product} {ergonomic}
     bool UseLargePagesIndividualAllocation        = false                                  {pd product} {ergonomic}

Logging:
Log output configuration:
 #0: stdout all=warning uptime,level,tags
 #1: stderr all=off uptime,level,tags

Environment Variables:
JAVA_HOME=C:\Program Files\Java\jdk-16
CLASSPATH=D:\gsmWeb\gsmapp\android\\gradle\wrapper\gradle-wrapper.jar
PATH=D:\gsmWeb\gsmapp\node_modules\.bin;D:\gsmWeb\gsmapp\node_modules\.bin;D:\gsmWeb\node_modules\.bin;D:\node_modules\.bin;C:\Program Files\nodejs\node_modules\npm\node_modules\@npmcli\run-script\lib\node-gyp-bin;D:\gsmWeb\gsmapp\node_modules\.bin;D:\gsmWeb\node_modules\.bin;D:\node_modules\.bin;C:\Program Files\nodejs\node_modules\npm\node_modules\@npmcli\run-script\lib\node-gyp-bin;C:\WINDOWS\system32;C:\WINDOWS;C:\WINDOWS\System32\Wbem;C:\WINDOWS\System32\WindowsPowerShell\v1.0\;C:\WINDOWS\System32\OpenSSH\;C:\xampp\php;C:\ProgramData\ComposerSetup\bin;C:\Program Files\Microsoft SQL Server\150\Tools\Binn\;C:\Program Files\Microsoft SQL Server\Client SDK\ODBC\170\Tools\Binn\;C:\Program Files\dotnet\;C:\Program Files\Git\cmd;C:\Program Files (x86)\Microsoft SQL Server\160\Tools\Binn\;C:\Program Files\Microsoft SQL Server\160\Tools\Binn\;C:\Program Files\Microsoft SQL Server\160\DTS\Binn\;C:\Program Files\Azure Data Studio\bin;C:\Program Files (x86)\Microsoft SQL Server\160\DTS\Binn\;C:\Program Files\nodejs\;C:\Users\hermo\AppData\Local\Programs\Python\Launcher\;C:\Users\hermo\AppData\Local\Microsoft\WindowsApps;C:\Users\hermo\AppData\Local\Programs\Microsoft VS Code\bin;C:\Program Files\Java\jdk-20\bin;C:\Users\hermo\AppData\Local\Android\Sdk;C:\Users\hermo\AppData\Local\Android\Sdk\emulator;C:\Users\hermo\AppData\Local\Android\Sdk\platform-tools;C:\Users\hermo\AppData\Roaming\Composer\vendor\bin;C:\Users\hermo\.dotnet\tools;C:\Program Files\Azure Data Studio\bin;C:\Users\hermo\AppData\Roaming\npm
USERNAME=hermo
LANG=en_US.UTF-8
OS=Windows_NT
PROCESSOR_IDENTIFIER=Intel64 Family 6 Model 142 Stepping 9, GenuineIntel



---------------  S Y S T E M  ---------------

OS:
 Windows 10 , 64 bit Build 19041 (10.0.19041.3636)
OS uptime: 1 days 4:59 hours

CPU: total 4 (initial active 4) (2 cores per cpu, 2 threads per core) family 6 model 142 stepping 9 microcode 0xb4, cx8, cmov, fxsr, ht, mmx, 3dnowpref, sse, sse2, sse3, ssse3, sse4.1, sse4.2, popcnt, lzcnt, tsc, tscinvbit, avx, avx2, aes, erms, clmul, bmi1, bmi2, adx, fma, vzeroupper, clflush, clflushopt

Memory: 4k page, system-wide physical 8122M (63M free)
TotalPageFile size 19002M (AvailPageFile size 0M)
current process WorkingSet (physical memory assigned to process): 229M, peak: 232M
current process commit charge ("private bytes"): 313M, peak: 314M

vm_info: OpenJDK 64-Bit Server VM (16+36-2231) for windows-amd64 JRE (16+36-2231), built on Feb  8 2021 11:39:36 by "mach5one" with MS VC++ 16.7 (VS2019)

END.
