#
# There is insufficient memory for the Java Runtime Environment to continue.
# Native memory allocation (mmap) failed to map 65536 bytes for Failed to commit metaspace.
# Possible reasons:
#   The system is out of physical RAM or swap space
#   The process is running with CompressedOops enabled, and the Java Heap may be blocking the growth of the native heap
# Possible solutions:
#   Reduce memory load on the system
#   Increase physical memory or swap space
#   Check if swap backing store is full
#   Decrease Java heap size (-Xmx/-Xms)
#   Decrease number of Java threads
#   Decrease Java thread stack sizes (-Xss)
#   Set larger code cache with -XX:ReservedCodeCacheSize=
#   JVM is running with Unscaled Compressed Oops mode in which the Java heap is
#     placed in the first 4GB address space. The Java Heap base address is the
#     maximum limit for the native heap growth. Please use -XX:HeapBaseMinAddress
#     to set the Java Heap base and to place the Java Heap above 4GB virtual address.
# This output file may be truncated or incomplete.
#
#  Out of Memory Error (virtualSpaceNode.cpp:108), pid=15340, tid=4584
#
# JRE version: OpenJDK Runtime Environment (16.0+36) (build 16+36-2231)
# Java VM: OpenJDK 64-Bit Server VM (16+36-2231, mixed mode, sharing, tiered, compressed oops, g1 gc, windows-amd64)
# No core dump will be written. Minidumps are not enabled by default on client versions of Windows
#

---------------  S U M M A R Y ------------

Command Line: -XX:MaxMetaspaceSize=512m --add-opens=java.base/java.util=ALL-UNNAMED --add-opens=java.base/java.lang=ALL-UNNAMED --add-opens=java.base/java.lang.invoke=ALL-UNNAMED --add-opens=java.prefs/java.util.prefs=ALL-UNNAMED --add-opens=java.base/java.nio.charset=ALL-UNNAMED --add-opens=java.base/java.net=ALL-UNNAMED --add-opens=java.base/java.util.concurrent.atomic=ALL-UNNAMED -Xmx2048m -Dfile.encoding=windows-1252 -Duser.country=IN -Duser.language=en -Duser.variant org.gradle.launcher.daemon.bootstrap.GradleDaemon 7.6

Host: Intel(R) Core(TM) i5-7200U CPU @ 2.50GHz, 4 cores, 7G,  Windows 10 , 64 bit Build 19041 (10.0.19041.3636)
Time: Mon Nov 27 21:28:59 2023 India Standard Time elapsed time: 173.939686 seconds (0d 0h 2m 53s)

---------------  T H R E A D  ---------------

Current thread (0x000002496257ba00):  JavaThread "C1 CompilerThread0" daemon [_thread_in_vm, id=4584, stack(0x000000b234f00000,0x000000b235000000)]


Current CompileTask:
C1: 173939 8719       3       org.gradle.internal.vfs.impl.AbstractVirtualFileSystem$$Lambda$412/0x000000080102d2e0::apply (20 bytes)

Stack: [0x000000b234f00000,0x000000b235000000]
Native frames: (J=compiled Java code, j=interpreted, Vv=VM code, C=native code)
V  [jvm.dll+0x6681da]
V  [jvm.dll+0x7c9d99]
V  [jvm.dll+0x7cb4d3]
V  [jvm.dll+0x7cbb33]
V  [jvm.dll+0x242ee5]
V  [jvm.dll+0x7c642b]
V  [jvm.dll+0x60de46]
V  [jvm.dll+0x1be92e]
V  [jvm.dll+0x6105a1]
V  [jvm.dll+0x60e741]
V  [jvm.dll+0x6200fa]
V  [jvm.dll+0x618fda]
V  [jvm.dll+0x1caffc]
V  [jvm.dll+0x1cb1e9]
V  [jvm.dll+0x145257]
V  [jvm.dll+0x1450c8]
V  [jvm.dll+0x13caa6]
V  [jvm.dll+0x13efd5]
V  [jvm.dll+0x13d2b4]
V  [jvm.dll+0x13718f]
V  [jvm.dll+0x146c76]
V  [jvm.dll+0x132800]
V  [jvm.dll+0x132b80]
V  [jvm.dll+0x132e49]
V  [jvm.dll+0x1322af]
V  [jvm.dll+0x134071]
V  [jvm.dll+0x225398]
V  [jvm.dll+0x2233dc]
V  [jvm.dll+0x77f9e2]
V  [jvm.dll+0x77952a]
V  [jvm.dll+0x667076]
C  [ucrtbase.dll+0x21bb2]
C  [KERNEL32.DLL+0x17344]
C  [ntdll.dll+0x526b1]


---------------  P R O C E S S  ---------------

Threads class SMR info:
_java_thread_list=0x0000024969fc8c10, length=88, elements={
0x0000024942dc0950, 0x0000024962501c90, 0x0000024962502a60, 0x0000024962512ca0,
0x00000249625165d0, 0x0000024962517ef0, 0x0000024962518800, 0x00000249625194f0,
0x000002496257ba00, 0x0000024962585f60, 0x00000249630990a0, 0x00000249630995c0,
0x00000249644b3ec0, 0x0000024963f365f0, 0x0000024964667050, 0x0000024963ee2670,
0x0000024963b9e930, 0x0000024964925c60, 0x00000249649251c0, 0x0000024964926700,
0x0000024964926c50, 0x00000249649261b0, 0x0000024964925710, 0x00000249649271a0,
0x00000249649276f0, 0x00000249649241d0, 0x0000024964924720, 0x0000024964924c70,
0x0000024963bdbdc0, 0x0000024963bde840, 0x0000024963bdf830, 0x0000024963be0d70,
0x0000024963bdfd80, 0x0000024963bda880, 0x0000024963bdcdb0, 0x0000024963bded90,
0x0000024963be1810, 0x0000024963bdf2e0, 0x0000024963bd9de0, 0x0000024963bdadd0,
0x0000024963bdb870, 0x0000024963bdc310, 0x0000024963be12c0, 0x0000024963be0820,
0x0000024963bda330, 0x0000024963bdd850, 0x0000024963bdb320, 0x0000024963bddda0,
0x0000024963bde2f0, 0x0000024964889560, 0x0000024964889ab0, 0x0000024964886590,
0x0000024964886040, 0x000002496488aaa0, 0x0000024964886ae0, 0x0000024964887030,
0x00000249648855a0, 0x000002496488aff0, 0x000002496488ba90, 0x000002496488b540,
0x0000024964888020, 0x0000024964887580, 0x000002496488a000, 0x0000024964887ad0,
0x000002496488c530, 0x0000024964888ac0, 0x0000024964885af0, 0x000002496488a550,
0x000002496488ca80, 0x0000024964885050, 0x0000024964888570, 0x0000024964889010,
0x0000024969b431c0, 0x0000024969b3fca0, 0x0000024969b3ecb0, 0x0000024969b42720,
0x0000024969b421d0, 0x0000024969b43710, 0x0000024969b3f200, 0x0000024969b42c70,
0x0000024969b411e0, 0x0000024969b44700, 0x0000024969b43c60, 0x0000024969b41730,
0x0000024969b3f750, 0x0000024969b3ccd0, 0x0000024969b3e210, 0x0000024969b3dcc0
}

Java Threads: ( => current thread )
  0x0000024942dc0950 JavaThread "main" [_thread_blocked, id=16584, stack(0x000000b234000000,0x000000b234100000)]
  0x0000024962501c90 JavaThread "Reference Handler" daemon [_thread_blocked, id=14260, stack(0x000000b234800000,0x000000b234900000)]
  0x0000024962502a60 JavaThread "Finalizer" daemon [_thread_blocked, id=6368, stack(0x000000b234900000,0x000000b234a00000)]
  0x0000024962512ca0 JavaThread "Signal Dispatcher" daemon [_thread_blocked, id=7092, stack(0x000000b234a00000,0x000000b234b00000)]
  0x00000249625165d0 JavaThread "Attach Listener" daemon [_thread_blocked, id=9112, stack(0x000000b234b00000,0x000000b234c00000)]
  0x0000024962517ef0 JavaThread "Service Thread" daemon [_thread_blocked, id=5192, stack(0x000000b234c00000,0x000000b234d00000)]
  0x0000024962518800 JavaThread "Monitor Deflation Thread" daemon [_thread_blocked, id=9768, stack(0x000000b234d00000,0x000000b234e00000)]
  0x00000249625194f0 JavaThread "C2 CompilerThread0" daemon [_thread_blocked, id=13964, stack(0x000000b234e00000,0x000000b234f00000)]
=>0x000002496257ba00 JavaThread "C1 CompilerThread0" daemon [_thread_in_vm, id=4584, stack(0x000000b234f00000,0x000000b235000000)]
  0x0000024962585f60 JavaThread "Sweeper thread" daemon [_thread_blocked, id=9640, stack(0x000000b235000000,0x000000b235100000)]
  0x00000249630990a0 JavaThread "Common-Cleaner" daemon [_thread_blocked, id=11792, stack(0x000000b235100000,0x000000b235200000)]
  0x00000249630995c0 JavaThread "Notification Thread" daemon [_thread_blocked, id=11948, stack(0x000000b235200000,0x000000b235300000)]
  0x00000249644b3ec0 JavaThread "Daemon health stats" [_thread_blocked, id=5064, stack(0x000000b235700000,0x000000b235800000)]
  0x0000024963f365f0 JavaThread "Incoming local TCP Connector on port 52028" [_thread_in_native, id=12192, stack(0x000000b235800000,0x000000b235900000)]
  0x0000024964667050 JavaThread "Daemon periodic checks" [_thread_blocked, id=11676, stack(0x000000b235900000,0x000000b235a00000)]
  0x0000024963ee2670 JavaThread "Daemon" [_thread_blocked, id=5704, stack(0x000000b235a00000,0x000000b235b00000)]
  0x0000024963b9e930 JavaThread "Handler for socket connection from /127.0.0.1:52028 to /127.0.0.1:52029" [_thread_in_native, id=10416, stack(0x000000b235b00000,0x000000b235c00000)]
  0x0000024964925c60 JavaThread "Cancel handler" [_thread_blocked, id=1756, stack(0x000000b235c00000,0x000000b235d00000)]
  0x00000249649251c0 JavaThread "Daemon worker" [_thread_in_Java, id=10792, stack(0x000000b235d00000,0x000000b235e00000)]
  0x0000024964926700 JavaThread "Asynchronous log dispatcher for DefaultDaemonConnection: socket connection from /127.0.0.1:52028 to /127.0.0.1:52029" [_thread_blocked, id=8760, stack(0x000000b235e00000,0x000000b235f00000)]
  0x0000024964926c50 JavaThread "Stdin handler" [_thread_blocked, id=7640, stack(0x000000b235f00000,0x000000b236000000)]
  0x00000249649261b0 JavaThread "Daemon client event forwarder" [_thread_blocked, id=15840, stack(0x000000b236000000,0x000000b236100000)]
  0x0000024964925710 JavaThread "Cache worker for journal cache (C:\Users\hermo\.gradle\caches\journal-1)" [_thread_blocked, id=10140, stack(0x000000b236100000,0x000000b236200000)]
  0x00000249649271a0 JavaThread "File lock request listener" [_thread_in_native, id=4664, stack(0x000000b236200000,0x000000b236300000)]
  0x00000249649276f0 JavaThread "File lock release action executor" [_thread_blocked, id=15732, stack(0x000000b236300000,0x000000b236400000)]
  0x00000249649241d0 JavaThread "Cache worker for file hash cache (C:\Users\hermo\.gradle\caches\7.6\fileHashes)" [_thread_blocked, id=15004, stack(0x000000b236400000,0x000000b236500000)]
  0x0000024964924720 JavaThread "File watcher server" daemon [_thread_in_native, id=10292, stack(0x000000b236500000,0x000000b236600000)]
  0x0000024964924c70 JavaThread "File watcher consumer" daemon [_thread_blocked, id=16636, stack(0x000000b236600000,0x000000b236700000)]
  0x0000024963bdbdc0 JavaThread "Cache worker for checksums cache (D:\gsmWeb\gsmapp\android\.gradle\7.6\checksums)" [_thread_blocked, id=8964, stack(0x000000b236700000,0x000000b236800000)]
  0x0000024963bde840 JavaThread "Cache worker for cache directory md-rule (C:\Users\hermo\.gradle\caches\7.6\md-rule)" [_thread_blocked, id=2124, stack(0x000000b236800000,0x000000b236900000)]
  0x0000024963bdf830 JavaThread "Cache worker for file content cache (C:\Users\hermo\.gradle\caches\7.6\fileContent)" [_thread_blocked, id=8992, stack(0x000000b236900000,0x000000b236a00000)]
  0x0000024963be0d70 JavaThread "Cache worker for file hash cache (D:\gsmWeb\gsmapp\android\.gradle\7.6\fileHashes)" [_thread_blocked, id=4700, stack(0x000000b236b00000,0x000000b236c00000)]
  0x0000024963bdfd80 JavaThread "Cache worker for cache directory md-supplier (C:\Users\hermo\.gradle\caches\7.6\md-supplier)" [_thread_blocked, id=4396, stack(0x000000b236c00000,0x000000b236d00000)]
  0x0000024963bda880 JavaThread "Cache worker for execution history cache (C:\Users\hermo\.gradle\caches\7.6\executionHistory)" [_thread_blocked, id=13040, stack(0x000000b236d00000,0x000000b236e00000)]
  0x0000024963bdcdb0 JavaThread "jar transforms" [_thread_blocked, id=4480, stack(0x000000b236e00000,0x000000b236f00000)]
  0x0000024963bded90 JavaThread "jar transforms Thread 2" [_thread_blocked, id=7260, stack(0x000000b236f00000,0x000000b237000000)]
  0x0000024963be1810 JavaThread "jar transforms Thread 3" [_thread_blocked, id=9180, stack(0x000000b237200000,0x000000b237300000)]
  0x0000024963bdf2e0 JavaThread "jar transforms Thread 4" [_thread_blocked, id=15584, stack(0x000000b237300000,0x000000b237400000)]
  0x0000024963bd9de0 JavaThread "Cache worker for kotlin-dsl (C:\Users\hermo\.gradle\caches\7.6\kotlin-dsl)" [_thread_blocked, id=17624, stack(0x000000b233f00000,0x000000b234000000)]
  0x0000024963bdadd0 JavaThread "Cache worker for dependencies-accessors (D:\gsmWeb\gsmapp\android\.gradle\7.6\dependencies-accessors)" [_thread_blocked, id=17952, stack(0x000000b234100000,0x000000b234200000)]
  0x0000024963bdb870 JavaThread "Cache worker for Build Output Cleanup Cache (D:\gsmWeb\gsmapp\node_modules\@react-native\gradle-plugin\.gradle\buildOutputCleanup)" [_thread_blocked, id=17668, stack(0x000000b237400000,0x000000b237500000)]
  0x0000024963bdc310 JavaThread "Unconstrained build operations" [_thread_blocked, id=684, stack(0x000000b237500000,0x000000b237600000)]
  0x0000024963be12c0 JavaThread "Unconstrained build operations Thread 2" [_thread_blocked, id=17552, stack(0x000000b237600000,0x000000b237700000)]
  0x0000024963be0820 JavaThread "Unconstrained build operations Thread 3" [_thread_blocked, id=16828, stack(0x000000b237700000,0x000000b237800000)]
  0x0000024963bda330 JavaThread "Unconstrained build operations Thread 4" [_thread_blocked, id=5764, stack(0x000000b237800000,0x000000b237900000)]
  0x0000024963bdd850 JavaThread "Unconstrained build operations Thread 5" [_thread_blocked, id=15928, stack(0x000000b237900000,0x000000b237a00000)]
  0x0000024963bdb320 JavaThread "Unconstrained build operations Thread 6" [_thread_blocked, id=17092, stack(0x000000b237a00000,0x000000b237b00000)]
  0x0000024963bddda0 JavaThread "Unconstrained build operations Thread 7" [_thread_blocked, id=18196, stack(0x000000b237b00000,0x000000b237c00000)]
  0x0000024963bde2f0 JavaThread "Unconstrained build operations Thread 8" [_thread_blocked, id=18184, stack(0x000000b237c00000,0x000000b237d00000)]
  0x0000024964889560 JavaThread "Unconstrained build operations Thread 9" [_thread_blocked, id=13160, stack(0x000000b237d00000,0x000000b237e00000)]
  0x0000024964889ab0 JavaThread "Unconstrained build operations Thread 10" [_thread_blocked, id=11776, stack(0x000000b237e00000,0x000000b237f00000)]
  0x0000024964886590 JavaThread "Unconstrained build operations Thread 11" [_thread_blocked, id=2304, stack(0x000000b237f00000,0x000000b238000000)]
  0x0000024964886040 JavaThread "Unconstrained build operations Thread 12" [_thread_blocked, id=6192, stack(0x000000b238000000,0x000000b238100000)]
  0x000002496488aaa0 JavaThread "Unconstrained build operations Thread 13" [_thread_blocked, id=6824, stack(0x000000b238100000,0x000000b238200000)]
  0x0000024964886ae0 JavaThread "Unconstrained build operations Thread 14" [_thread_blocked, id=5068, stack(0x000000b238200000,0x000000b238300000)]
  0x0000024964887030 JavaThread "Unconstrained build operations Thread 15" [_thread_blocked, id=15016, stack(0x000000b238300000,0x000000b238400000)]
  0x00000249648855a0 JavaThread "Unconstrained build operations Thread 16" [_thread_blocked, id=15600, stack(0x000000b238400000,0x000000b238500000)]
  0x000002496488aff0 JavaThread "Unconstrained build operations Thread 17" [_thread_blocked, id=14296, stack(0x000000b238500000,0x000000b238600000)]
  0x000002496488ba90 JavaThread "Unconstrained build operations Thread 18" [_thread_blocked, id=4176, stack(0x000000b238600000,0x000000b238700000)]
  0x000002496488b540 JavaThread "Unconstrained build operations Thread 19" [_thread_blocked, id=12968, stack(0x000000b238700000,0x000000b238800000)]
  0x0000024964888020 JavaThread "Unconstrained build operations Thread 20" [_thread_blocked, id=17984, stack(0x000000b238800000,0x000000b238900000)]
  0x0000024964887580 JavaThread "Unconstrained build operations Thread 21" [_thread_blocked, id=15436, stack(0x000000b238900000,0x000000b238a00000)]
  0x000002496488a000 JavaThread "Unconstrained build operations Thread 22" [_thread_blocked, id=17664, stack(0x000000b238a00000,0x000000b238b00000)]
  0x0000024964887ad0 JavaThread "Unconstrained build operations Thread 23" [_thread_blocked, id=2528, stack(0x000000b238b00000,0x000000b238c00000)]
  0x000002496488c530 JavaThread "Unconstrained build operations Thread 24" [_thread_blocked, id=11196, stack(0x000000b238c00000,0x000000b238d00000)]
  0x0000024964888ac0 JavaThread "Unconstrained build operations Thread 25" [_thread_blocked, id=2884, stack(0x000000b238d00000,0x000000b238e00000)]
  0x0000024964885af0 JavaThread "Unconstrained build operations Thread 26" [_thread_blocked, id=13240, stack(0x000000b238e00000,0x000000b238f00000)]
  0x000002496488a550 JavaThread "Memory manager" [_thread_blocked, id=18336, stack(0x000000b238f00000,0x000000b239000000)]
  0x000002496488ca80 JavaThread "Cache worker for Build Output Cleanup Cache (D:\gsmWeb\gsmapp\android\.gradle\buildOutputCleanup)" [_thread_blocked, id=18800, stack(0x000000b237000000,0x000000b237100000)]
  0x0000024964885050 JavaThread "included builds" [_thread_blocked, id=17932, stack(0x000000b239000000,0x000000b239100000)]
  0x0000024964888570 JavaThread "Execution worker" [_thread_blocked, id=17176, stack(0x000000b239100000,0x000000b239200000)]
  0x0000024964889010 JavaThread "Execution worker Thread 2" [_thread_blocked, id=18788, stack(0x000000b239200000,0x000000b239300000)]
  0x0000024969b431c0 JavaThread "Execution worker Thread 3" [_thread_blocked, id=18528, stack(0x000000b239300000,0x000000b239400000)]
  0x0000024969b3fca0 JavaThread "Cache worker for execution history cache (D:\gsmWeb\gsmapp\node_modules\@react-native\gradle-plugin\.gradle\7.6\executionHistory)" [_thread_blocked, id=18848, stack(0x000000b239400000,0x000000b239500000)]
  0x0000024969b3ecb0 JavaThread "Unconstrained build operations Thread 27" [_thread_blocked, id=17500, stack(0x000000b239500000,0x000000b239600000)]
  0x0000024969b42720 JavaThread "Unconstrained build operations Thread 28" [_thread_blocked, id=19176, stack(0x000000b239600000,0x000000b239700000)]
  0x0000024969b421d0 JavaThread "Unconstrained build operations Thread 29" [_thread_blocked, id=14548, stack(0x000000b239700000,0x000000b239800000)]
  0x0000024969b43710 JavaThread "Unconstrained build operations Thread 30" [_thread_blocked, id=19204, stack(0x000000b239800000,0x000000b239900000)]
  0x0000024969b3f200 JavaThread "Unconstrained build operations Thread 31" [_thread_blocked, id=19248, stack(0x000000b239900000,0x000000b239a00000)]
  0x0000024969b42c70 JavaThread "Unconstrained build operations Thread 32" [_thread_blocked, id=18548, stack(0x000000b239a00000,0x000000b239b00000)]
  0x0000024969b411e0 JavaThread "Unconstrained build operations Thread 33" [_thread_blocked, id=19096, stack(0x000000b239b00000,0x000000b239c00000)]
  0x0000024969b44700 JavaThread "Unconstrained build operations Thread 34" [_thread_blocked, id=19172, stack(0x000000b239c00000,0x000000b239d00000)]
  0x0000024969b43c60 JavaThread "Unconstrained build operations Thread 35" [_thread_blocked, id=18824, stack(0x000000b239d00000,0x000000b239e00000)]
  0x0000024969b41730 JavaThread "Unconstrained build operations Thread 36" [_thread_blocked, id=10844, stack(0x000000b239e00000,0x000000b239f00000)]
  0x0000024969b3f750 JavaThread "Unconstrained build operations Thread 37" [_thread_blocked, id=18836, stack(0x000000b239f00000,0x000000b23a000000)]
  0x0000024969b3ccd0 JavaThread "Unconstrained build operations Thread 38" [_thread_blocked, id=18580, stack(0x000000b23a000000,0x000000b23a100000)]
  0x0000024969b3e210 JavaThread "Unconstrained build operations Thread 39" [_thread_blocked, id=18544, stack(0x000000b23a100000,0x000000b23a200000)]
  0x0000024969b3dcc0 JavaThread "Unconstrained build operations Thread 40" [_thread_blocked, id=18832, stack(0x000000b23a200000,0x000000b23a300000)]

Other Threads:
  0x00000249624f4050 VMThread "VM Thread" [stack: 0x000000b234700000,0x000000b234800000] [id=3708]
  0x000002496309baf0 WatcherThread [stack: 0x000000b235300000,0x000000b235400000] [id=14916]
  0x0000024942e01600 GCTaskThread "GC Thread#0" [stack: 0x000000b234200000,0x000000b234300000] [id=7348]
  0x00000249633fecc0 GCTaskThread "GC Thread#1" [stack: 0x000000b235400000,0x000000b235500000] [id=14496]
  0x000002496321cac0 GCTaskThread "GC Thread#2" [stack: 0x000000b235500000,0x000000b235600000] [id=15152]
  0x0000024963467c60 GCTaskThread "GC Thread#3" [stack: 0x000000b235600000,0x000000b235700000] [id=11696]
  0x0000024942e13560 ConcurrentGCThread "G1 Main Marker" [stack: 0x000000b234300000,0x000000b234400000] [id=12740]
  0x0000024942e13ee0 ConcurrentGCThread "G1 Conc#0" [stack: 0x000000b234400000,0x000000b234500000] [id=12376]
  0x0000024942e89860 ConcurrentGCThread "G1 Refine#0" [stack: 0x000000b234500000,0x000000b234600000] [id=16724]
  0x0000024964b21040 ConcurrentGCThread "G1 Refine#1" [stack: 0x000000b236a00000,0x000000b236b00000] [id=3528]
  0x0000024942e8a1f0 ConcurrentGCThread "G1 Service" [stack: 0x000000b234600000,0x000000b234700000] [id=9348]

Threads with active compile tasks:
C1 CompilerThread0   174000 8719       3       org.gradle.internal.vfs.impl.AbstractVirtualFileSystem$$Lambda$412/0x000000080102d2e0::apply (20 bytes)

VM state: not at safepoint (normal execution)

VM Mutex/Monitor currently owned by a thread:  ([mutex/lock_event])
[0x0000024942dbbf80] MetaspaceExpand_lock - owner thread: 0x000002496257ba00
[0x0000024942dbe3d0] MethodData_lock - owner thread: 0x000002496257ba00

Heap address: 0x0000000080000000, size: 2048 MB, Compressed Oops mode: 32-bit
CDS archive(s) mapped at: [0x0000000800000000-0x0000000800bb0000-0x0000000800bb0000), size 12255232, SharedBaseAddress: 0x0000000800000000, ArchiveRelocationMode: 0.
Compressed class space mapped at: 0x0000000800c00000-0x000000081a800000, reserved size: 432013312
Narrow klass base: 0x0000000800000000, Narrow klass shift: 3, Narrow klass range: 0x100000000

GC Precious Log:
 CPUs: 4 total, 4 available
 Memory: 8122M
 Large Page Support: Disabled
 NUMA Support: Disabled
 Compressed Oops: Enabled (32-bit)
 Heap Region Size: 1M
 Heap Min Capacity: 8M
 Heap Initial Capacity: 128M
 Heap Max Capacity: 2G
 Pre-touch: Disabled
 Parallel Workers: 4
 Concurrent Workers: 1
 Concurrent Refinement Workers: 4
 Periodic GC: Disabled

Heap:
 garbage-first heap   total 99328K, used 60440K [0x0000000080000000, 0x0000000100000000)
  region size 1024K, 8 young (8192K), 3 survivors (3072K)
 Metaspace       used 62490K, committed 63104K, reserved 479232K
  class space    used 8540K, committed 8832K, reserved 421888K

Heap Regions: E=young(eden), S=young(survivor), O=old, HS=humongous(starts), HC=humongous(continues), CS=collection set, F=free, OA=open archive, CA=closed archive, TAMS=top-at-mark-start (previous, next)
|   0|0x0000000080000000, 0x0000000080100000, 0x0000000080100000|100%| O|  |TAMS 0x0000000080100000, 0x0000000080000000| Untracked 
|   1|0x0000000080100000, 0x0000000080200000, 0x0000000080200000|100%| O|  |TAMS 0x0000000080200000, 0x0000000080100000| Untracked 
|   2|0x0000000080200000, 0x0000000080300000, 0x0000000080300000|100%|HS|  |TAMS 0x0000000080300000, 0x0000000080200000| Complete 
|   3|0x0000000080300000, 0x0000000080400000, 0x0000000080400000|100%|HC|  |TAMS 0x0000000080400000, 0x0000000080300000| Complete 
|   4|0x0000000080400000, 0x0000000080500000, 0x0000000080500000|100%|HC|  |TAMS 0x0000000080500000, 0x0000000080400000| Complete 
|   5|0x0000000080500000, 0x0000000080600000, 0x0000000080600000|100%| O|  |TAMS 0x0000000080600000, 0x0000000080500000| Untracked 
|   6|0x0000000080600000, 0x0000000080700000, 0x0000000080700000|100%| O|  |TAMS 0x0000000080700000, 0x0000000080600000| Untracked 
|   7|0x0000000080700000, 0x0000000080800000, 0x0000000080800000|100%| O|  |TAMS 0x0000000080800000, 0x0000000080700000| Untracked 
|   8|0x0000000080800000, 0x0000000080900000, 0x0000000080900000|100%| O|  |TAMS 0x0000000080900000, 0x0000000080800000| Untracked 
|   9|0x0000000080900000, 0x0000000080a00000, 0x0000000080a00000|100%| O|  |TAMS 0x0000000080a00000, 0x0000000080900000| Untracked 
|  10|0x0000000080a00000, 0x0000000080b00000, 0x0000000080b00000|100%| O|  |TAMS 0x0000000080b00000, 0x0000000080a00000| Untracked 
|  11|0x0000000080b00000, 0x0000000080c00000, 0x0000000080c00000|100%| O|  |TAMS 0x0000000080c00000, 0x0000000080b00000| Untracked 
|  12|0x0000000080c00000, 0x0000000080d00000, 0x0000000080d00000|100%| O|  |TAMS 0x0000000080d00000, 0x0000000080c00000| Untracked 
|  13|0x0000000080d00000, 0x0000000080e00000, 0x0000000080e00000|100%| O|  |TAMS 0x0000000080e00000, 0x0000000080d00000| Untracked 
|  14|0x0000000080e00000, 0x0000000080f00000, 0x0000000080f00000|100%| O|  |TAMS 0x0000000080f00000, 0x0000000080e00000| Untracked 
|  15|0x0000000080f00000, 0x0000000081000000, 0x0000000081000000|100%| O|  |TAMS 0x0000000081000000, 0x0000000080f00000| Untracked 
|  16|0x0000000081000000, 0x0000000081100000, 0x0000000081100000|100%| O|  |TAMS 0x0000000081100000, 0x0000000081000000| Untracked 
|  17|0x0000000081100000, 0x0000000081200000, 0x0000000081200000|100%| O|  |TAMS 0x0000000081200000, 0x0000000081100000| Untracked 
|  18|0x0000000081200000, 0x000000008127a200, 0x0000000081300000| 47%| O|  |TAMS 0x000000008127a200, 0x0000000081200000| Untracked 
|  19|0x0000000081300000, 0x0000000081400000, 0x0000000081400000|100%| O|  |TAMS 0x0000000081400000, 0x0000000081300000| Untracked 
|  20|0x0000000081400000, 0x0000000081500000, 0x0000000081500000|100%| O|  |TAMS 0x0000000081500000, 0x0000000081400000| Untracked 
|  21|0x0000000081500000, 0x0000000081600000, 0x0000000081600000|100%| O|  |TAMS 0x0000000081600000, 0x0000000081500000| Untracked 
|  22|0x0000000081600000, 0x0000000081700000, 0x0000000081700000|100%| O|  |TAMS 0x0000000081700000, 0x0000000081600000| Untracked 
|  23|0x0000000081700000, 0x0000000081800000, 0x0000000081800000|100%| O|  |TAMS 0x0000000081800000, 0x0000000081700000| Untracked 
|  24|0x0000000081800000, 0x0000000081900000, 0x0000000081900000|100%| O|  |TAMS 0x0000000081900000, 0x0000000081800000| Untracked 
|  25|0x0000000081900000, 0x0000000081a00000, 0x0000000081a00000|100%| O|  |TAMS 0x0000000081a00000, 0x0000000081900000| Untracked 
|  26|0x0000000081a00000, 0x0000000081b00000, 0x0000000081b00000|100%| O|  |TAMS 0x0000000081b00000, 0x0000000081a00000| Untracked 
|  27|0x0000000081b00000, 0x0000000081c00000, 0x0000000081c00000|100%| O|  |TAMS 0x0000000081c00000, 0x0000000081b00000| Untracked 
|  28|0x0000000081c00000, 0x0000000081d00000, 0x0000000081d00000|100%|HS|  |TAMS 0x0000000081d00000, 0x0000000081c00000| Complete 
|  29|0x0000000081d00000, 0x0000000081e00000, 0x0000000081e00000|100%|HC|  |TAMS 0x0000000081e00000, 0x0000000081d00000| Complete 
|  30|0x0000000081e00000, 0x0000000081f00000, 0x0000000081f00000|100%| O|  |TAMS 0x0000000081f00000, 0x0000000081e00000| Untracked 
|  31|0x0000000081f00000, 0x0000000082000000, 0x0000000082000000|100%| O|  |TAMS 0x0000000082000000, 0x0000000081f00000| Untracked 
|  32|0x0000000082000000, 0x0000000082100000, 0x0000000082100000|100%| O|  |TAMS 0x0000000082100000, 0x0000000082000000| Untracked 
|  33|0x0000000082100000, 0x0000000082200000, 0x0000000082200000|100%| O|  |TAMS 0x0000000082200000, 0x0000000082100000| Untracked 
|  34|0x0000000082200000, 0x0000000082300000, 0x0000000082300000|100%| O|  |TAMS 0x0000000082300000, 0x0000000082200000| Untracked 
|  35|0x0000000082300000, 0x0000000082400000, 0x0000000082400000|100%|HS|  |TAMS 0x0000000082400000, 0x0000000082300000| Complete 
|  36|0x0000000082400000, 0x0000000082500000, 0x0000000082500000|100%|HC|  |TAMS 0x0000000082500000, 0x0000000082400000| Complete 
|  37|0x0000000082500000, 0x0000000082600000, 0x0000000082600000|100%|HC|  |TAMS 0x0000000082600000, 0x0000000082500000| Complete 
|  38|0x0000000082600000, 0x0000000082700000, 0x0000000082700000|100%|HC|  |TAMS 0x0000000082700000, 0x0000000082600000| Complete 
|  39|0x0000000082700000, 0x0000000082800000, 0x0000000082800000|100%| O|  |TAMS 0x0000000082800000, 0x0000000082700000| Untracked 
|  40|0x0000000082800000, 0x0000000082900000, 0x0000000082900000|100%| O|  |TAMS 0x0000000082900000, 0x0000000082800000| Untracked 
|  41|0x0000000082900000, 0x0000000082a00000, 0x0000000082a00000|100%| O|  |TAMS 0x0000000082a00000, 0x0000000082900000| Untracked 
|  42|0x0000000082a00000, 0x0000000082b00000, 0x0000000082b00000|100%| O|  |TAMS 0x0000000082b00000, 0x0000000082a00000| Untracked 
|  43|0x0000000082b00000, 0x0000000082c00000, 0x0000000082c00000|100%| O|  |TAMS 0x0000000082c00000, 0x0000000082b00000| Untracked 
|  44|0x0000000082c00000, 0x0000000082d00000, 0x0000000082d00000|100%| O|  |TAMS 0x0000000082d00000, 0x0000000082c00000| Untracked 
|  45|0x0000000082d00000, 0x0000000082e00000, 0x0000000082e00000|100%| O|  |TAMS 0x0000000082e00000, 0x0000000082d00000| Untracked 
|  46|0x0000000082e00000, 0x0000000082f00000, 0x0000000082f00000|100%| O|  |TAMS 0x0000000082f00000, 0x0000000082e00000| Untracked 
|  47|0x0000000082f00000, 0x0000000083000000, 0x0000000083000000|100%| O|  |TAMS 0x0000000083000000, 0x0000000082f00000| Untracked 
|  48|0x0000000083000000, 0x0000000083100000, 0x0000000083100000|100%| O|  |TAMS 0x0000000083100000, 0x0000000083000000| Untracked 
|  49|0x0000000083100000, 0x0000000083200000, 0x0000000083200000|100%| O|  |TAMS 0x0000000083200000, 0x0000000083100000| Untracked 
|  50|0x0000000083200000, 0x0000000083300000, 0x0000000083300000|100%| O|  |TAMS 0x0000000083300000, 0x0000000083200000| Untracked 
|  51|0x0000000083300000, 0x0000000083400000, 0x0000000083400000|100%| O|  |TAMS 0x000000008337bc00, 0x0000000083300000| Untracked 
|  52|0x0000000083400000, 0x0000000083500000, 0x0000000083500000|100%| O|  |TAMS 0x0000000083400000, 0x0000000083400000| Untracked 
|  53|0x0000000083500000, 0x00000000835d2a00, 0x0000000083600000| 82%| O|  |TAMS 0x0000000083500000, 0x0000000083500000| Untracked 
|  54|0x0000000083600000, 0x0000000083600000, 0x0000000083700000|  0%| F|  |TAMS 0x0000000083600000, 0x0000000083600000| Untracked 
|  55|0x0000000083700000, 0x0000000083700000, 0x0000000083800000|  0%| F|  |TAMS 0x0000000083700000, 0x0000000083700000| Untracked 
|  56|0x0000000083800000, 0x0000000083800000, 0x0000000083900000|  0%| F|  |TAMS 0x0000000083800000, 0x0000000083800000| Untracked 
|  57|0x0000000083900000, 0x0000000083900000, 0x0000000083a00000|  0%| F|  |TAMS 0x0000000083900000, 0x0000000083900000| Untracked 
|  58|0x0000000083a00000, 0x0000000083a00000, 0x0000000083b00000|  0%| F|  |TAMS 0x0000000083a00000, 0x0000000083a00000| Untracked 
|  59|0x0000000083b00000, 0x0000000083b00000, 0x0000000083c00000|  0%| F|  |TAMS 0x0000000083b00000, 0x0000000083b00000| Untracked 
|  60|0x0000000083c00000, 0x0000000083c00000, 0x0000000083d00000|  0%| F|  |TAMS 0x0000000083c00000, 0x0000000083c00000| Untracked 
|  61|0x0000000083d00000, 0x0000000083d00000, 0x0000000083e00000|  0%| F|  |TAMS 0x0000000083d00000, 0x0000000083d00000| Untracked 
|  62|0x0000000083e00000, 0x0000000083e00000, 0x0000000083f00000|  0%| F|  |TAMS 0x0000000083e00000, 0x0000000083e00000| Untracked 
|  63|0x0000000083f00000, 0x0000000083f00000, 0x0000000084000000|  0%| F|  |TAMS 0x0000000083f00000, 0x0000000083f00000| Untracked 
|  64|0x0000000084000000, 0x0000000084000000, 0x0000000084100000|  0%| F|  |TAMS 0x0000000084000000, 0x0000000084000000| Untracked 
|  65|0x0000000084100000, 0x0000000084100000, 0x0000000084200000|  0%| F|  |TAMS 0x0000000084100000, 0x0000000084100000| Untracked 
|  66|0x0000000084200000, 0x0000000084200000, 0x0000000084300000|  0%| F|  |TAMS 0x0000000084200000, 0x0000000084200000| Untracked 
|  67|0x0000000084300000, 0x0000000084300000, 0x0000000084400000|  0%| F|  |TAMS 0x0000000084300000, 0x0000000084300000| Untracked 
|  68|0x0000000084400000, 0x00000000844b97c0, 0x0000000084500000| 72%| S|CS|TAMS 0x0000000084400000, 0x0000000084400000| Complete 
|  69|0x0000000084500000, 0x0000000084600000, 0x0000000084600000|100%| S|CS|TAMS 0x0000000084500000, 0x0000000084500000| Complete 
|  70|0x0000000084600000, 0x0000000084700000, 0x0000000084700000|100%| S|CS|TAMS 0x0000000084600000, 0x0000000084600000| Complete 
|  71|0x0000000084700000, 0x0000000084700000, 0x0000000084800000|  0%| F|  |TAMS 0x0000000084700000, 0x0000000084700000| Untracked 
|  72|0x0000000084800000, 0x0000000084800000, 0x0000000084900000|  0%| F|  |TAMS 0x0000000084800000, 0x0000000084800000| Untracked 
|  73|0x0000000084900000, 0x0000000084900000, 0x0000000084a00000|  0%| F|  |TAMS 0x0000000084900000, 0x0000000084900000| Untracked 
|  74|0x0000000084a00000, 0x0000000084a00000, 0x0000000084b00000|  0%| F|  |TAMS 0x0000000084a00000, 0x0000000084a00000| Untracked 
|  75|0x0000000084b00000, 0x0000000084b00000, 0x0000000084c00000|  0%| F|  |TAMS 0x0000000084b00000, 0x0000000084b00000| Untracked 
|  76|0x0000000084c00000, 0x0000000084c00000, 0x0000000084d00000|  0%| F|  |TAMS 0x0000000084c00000, 0x0000000084c00000| Untracked 
|  77|0x0000000084d00000, 0x0000000084d00000, 0x0000000084e00000|  0%| F|  |TAMS 0x0000000084d00000, 0x0000000084d00000| Untracked 
|  78|0x0000000084e00000, 0x0000000084e00000, 0x0000000084f00000|  0%| F|  |TAMS 0x0000000084e00000, 0x0000000084e00000| Untracked 
|  79|0x0000000084f00000, 0x0000000084f00000, 0x0000000085000000|  0%| F|  |TAMS 0x0000000084f00000, 0x0000000084f00000| Untracked 
|  80|0x0000000085000000, 0x0000000085000000, 0x0000000085100000|  0%| F|  |TAMS 0x0000000085000000, 0x0000000085000000| Untracked 
|  81|0x0000000085100000, 0x0000000085100000, 0x0000000085200000|  0%| F|  |TAMS 0x0000000085100000, 0x0000000085100000| Untracked 
|  82|0x0000000085200000, 0x0000000085200000, 0x0000000085300000|  0%| F|  |TAMS 0x0000000085200000, 0x0000000085200000| Untracked 
|  83|0x0000000085300000, 0x0000000085300000, 0x0000000085400000|  0%| F|  |TAMS 0x0000000085300000, 0x0000000085300000| Untracked 
|  84|0x0000000085400000, 0x0000000085400000, 0x0000000085500000|  0%| F|  |TAMS 0x0000000085400000, 0x0000000085400000| Untracked 
|  85|0x0000000085500000, 0x0000000085500000, 0x0000000085600000|  0%| F|  |TAMS 0x0000000085500000, 0x0000000085500000| Untracked 
|  86|0x0000000085600000, 0x0000000085600000, 0x0000000085700000|  0%| F|  |TAMS 0x0000000085600000, 0x0000000085600000| Untracked 
|  87|0x0000000085700000, 0x0000000085700000, 0x0000000085800000|  0%| F|  |TAMS 0x0000000085700000, 0x0000000085700000| Untracked 
|  88|0x0000000085800000, 0x0000000085800000, 0x0000000085900000|  0%| F|  |TAMS 0x0000000085800000, 0x0000000085800000| Untracked 
|  89|0x0000000085900000, 0x0000000085900000, 0x0000000085a00000|  0%| F|  |TAMS 0x0000000085900000, 0x0000000085900000| Untracked 
|  90|0x0000000085a00000, 0x0000000085a00000, 0x0000000085b00000|  0%| F|  |TAMS 0x0000000085a00000, 0x0000000085a00000| Untracked 
|  91|0x0000000085b00000, 0x0000000085b00000, 0x0000000085c00000|  0%| F|  |TAMS 0x0000000085b00000, 0x0000000085b00000| Untracked 
|  92|0x0000000085c00000, 0x0000000085c71408, 0x0000000085d00000| 44%| E|  |TAMS 0x0000000085c00000, 0x0000000085c00000| Complete 
|  93|0x0000000085d00000, 0x0000000085e00000, 0x0000000085e00000|100%| E|  |TAMS 0x0000000085d00000, 0x0000000085d00000| Complete 
|  94|0x0000000085e00000, 0x0000000085f00000, 0x0000000085f00000|100%| E|CS|TAMS 0x0000000085e00000, 0x0000000085e00000| Complete 
|  95|0x0000000085f00000, 0x0000000086000000, 0x0000000086000000|100%| E|CS|TAMS 0x0000000085f00000, 0x0000000085f00000| Complete 
| 127|0x0000000087f00000, 0x0000000088000000, 0x0000000088000000|100%| E|CS|TAMS 0x0000000087f00000, 0x0000000087f00000| Complete 

Card table byte_map: [0x000002495b730000,0x000002495bb30000] _byte_map_base: 0x000002495b330000

Marking Bits (Prev, Next): (CMBitMap*) 0x0000024942e02b90, (CMBitMap*) 0x0000024942e02bd0
 Prev Bits: [0x000002495bf30000, 0x000002495df30000)
 Next Bits: [0x000002495df30000, 0x000002495ff30000)

Polling page: 0x000002494bce0000

Metaspace:

Usage:
  Non-class:     52.69 MB used.
      Class:      8.34 MB used.
       Both:     61.03 MB used.

Virtual space:
  Non-class space:       56.00 MB reserved,      53.00 MB ( 95%) committed,  7 nodes.
      Class space:      412.00 MB reserved,       8.62 MB (  2%) committed,  1 nodes.
              Both:      468.00 MB reserved,      61.62 MB ( 13%) committed. 

Chunk freelists:
   Non-Class:  2.67 MB
       Class:  3.27 MB
        Both:  5.94 MB

MaxMetaspaceSize: 512.00 MB
CompressedClassSpaceSize: 412.00 MB
 - commit_granule_bytes: 65536.
 - commit_granule_words: 8192.
 - virtual_space_node_default_size: 1048576.
 - enlarge_chunks_in_place: 1.
 - new_chunks_are_fully_committed: 0.
 - uncommit_free_chunks: 1.
 - use_allocation_guard: 0.
 - handle_deallocations: 1.


Internal statistics:

num_allocs_failed_limit: 6.
num_arena_births: 728.
num_arena_deaths: 0.
num_vsnodes_births: 8.
num_vsnodes_deaths: 0.
num_space_committed: 986.
num_space_uncommitted: 0.
num_chunks_returned_to_freelist: 6.
num_chunks_taken_from_freelist: 3231.
num_chunk_merges: 6.
num_chunk_splits: 2154.
num_chunks_enlarged: 1470.
num_purges: 0.

CodeHeap 'non-profiled nmethods': size=120000Kb used=4555Kb max_used=4555Kb free=115444Kb
 bounds [0x00000249537d0000, 0x0000024953c50000, 0x000002495ad00000]
CodeHeap 'profiled nmethods': size=120000Kb used=16003Kb max_used=16003Kb free=103996Kb
 bounds [0x000002494c2a0000, 0x000002494d250000, 0x00000249537d0000]
CodeHeap 'non-nmethods': size=5760Kb used=2381Kb max_used=2446Kb free=3378Kb
 bounds [0x000002494bd00000, 0x000002494bf70000, 0x000002494c2a0000]
 total_blobs=8728 nmethods=7820 adapters=819
 compilation: enabled
              stopped_count=0, restarted_count=0
 full_count=0

Compilation events (20 events):
Event: 173.912 Thread 0x000002496257ba00 nmethod 8710 0x000002494d231490 code [0x000002494d231660, 0x000002494d2318d8]
Event: 173.913 Thread 0x000002496257ba00 8711       3       com.google.common.collect.ImmutableSet$RegularSetBuilderImpl::rebuildHashTable (80 bytes)
Event: 173.914 Thread 0x000002496257ba00 nmethod 8711 0x000002494d231a10 code [0x000002494d231c20, 0x000002494d2323a8]
Event: 173.917 Thread 0x000002496257ba00 8712       3       java.util.concurrent.SynchronousQueue$TransferStack::transfer (380 bytes)
Event: 173.928 Thread 0x00000249625194f0 8714       4       org.gradle.internal.snapshot.AbstractListChildMap$$Lambda$457/0x000000080105d520::compareTo (16 bytes)
Event: 173.930 Thread 0x00000249625194f0 nmethod 8714 0x0000024953c40690 code [0x0000024953c40820, 0x0000024953c40928]
Event: 173.930 Thread 0x000002496257ba00 nmethod 8712 0x000002494d232710 code [0x000002494d233300, 0x000002494d23b438]
Event: 173.930 Thread 0x000002496257ba00 8713       3       org.gradle.internal.watch.registry.impl.WatchableHierarchies::stream (10 bytes)
Event: 173.931 Thread 0x000002496257ba00 nmethod 8713 0x000002494d23d610 code [0x000002494d23d7c0, 0x000002494d23d9a8]
Event: 173.931 Thread 0x000002496257ba00 8715       3       org.gradle.internal.snapshot.AbstractFileSystemLocationSnapshot::rootSnapshots (5 bytes)
Event: 173.931 Thread 0x000002496257ba00 nmethod 8715 0x000002494d23da90 code [0x000002494d23dc60, 0x000002494d23dfe8]
Event: 173.931 Thread 0x000002496257ba00 8716       3       org.gradle.internal.vfs.impl.AbstractVirtualFileSystem$$Lambda$405/0x00000008010246f0::store (13 bytes)
Event: 173.932 Thread 0x000002496257ba00 nmethod 8716 0x000002494d23e190 code [0x000002494d23e340, 0x000002494d23e488]
Event: 173.932 Thread 0x000002496257ba00 8717       3       org.gradle.internal.vfs.impl.AbstractVirtualFileSystem::storeIfUnchanged (45 bytes)
Event: 173.935 Thread 0x000002496257ba00 nmethod 8717 0x000002494d23e590 code [0x000002494d23e8c0, 0x000002494d23fd48]
Event: 173.935 Thread 0x000002496257ba00 8720       3       org.gradle.internal.fingerprint.impl.DefaultFileCollectionSnapshotter$SnapshottingVisitor$$Lambda$487/0x00000008010b5bf8::<init> (10 bytes)
Event: 173.936 Thread 0x000002496257ba00 nmethod 8720 0x000002494d240490 code [0x000002494d240640, 0x000002494d2407f8]
Event: 173.936 Thread 0x000002496257ba00 8718       3       org.gradle.internal.vfs.impl.AbstractVirtualFileSystem$$Lambda$412/0x000000080102d2e0::<init> (20 bytes)
Event: 173.936 Thread 0x000002496257ba00 nmethod 8718 0x000002494d240890 code [0x000002494d240a40, 0x000002494d240cb8]
Event: 173.936 Thread 0x000002496257ba00 8719       3       org.gradle.internal.vfs.impl.AbstractVirtualFileSystem$$Lambda$412/0x000000080102d2e0::apply (20 bytes)

GC Heap History (20 events):
Event: 113.128 GC heap before
{Heap before GC invocations=15 (full 0):
 garbage-first heap   total 78848K, used 66626K [0x0000000080000000, 0x0000000100000000)
  region size 1024K, 28 young (28672K), 3 survivors (3072K)
 Metaspace       used 45964K, committed 46592K, reserved 462848K
  class space    used 6296K, committed 6592K, reserved 421888K
}
Event: 113.141 GC heap after
{Heap after GC invocations=16 (full 0):
 garbage-first heap   total 78848K, used 43455K [0x0000000080000000, 0x0000000100000000)
  region size 1024K, 4 young (4096K), 4 survivors (4096K)
 Metaspace       used 45964K, committed 46592K, reserved 462848K
  class space    used 6296K, committed 6592K, reserved 421888K
}
Event: 118.468 GC heap before
{Heap before GC invocations=16 (full 0):
 garbage-first heap   total 78848K, used 64959K [0x0000000080000000, 0x0000000100000000)
  region size 1024K, 25 young (25600K), 4 survivors (4096K)
 Metaspace       used 48153K, committed 48768K, reserved 471040K
  class space    used 6627K, committed 6912K, reserved 421888K
}
Event: 118.477 GC heap after
{Heap after GC invocations=17 (full 0):
 garbage-first heap   total 78848K, used 44944K [0x0000000080000000, 0x0000000100000000)
  region size 1024K, 2 young (2048K), 2 survivors (2048K)
 Metaspace       used 48153K, committed 48768K, reserved 471040K
  class space    used 6627K, committed 6912K, reserved 421888K
}
Event: 122.529 GC heap before
{Heap before GC invocations=18 (full 0):
 garbage-first heap   total 78848K, used 64400K [0x0000000080000000, 0x0000000100000000)
  region size 1024K, 21 young (21504K), 2 survivors (2048K)
 Metaspace       used 50504K, committed 51072K, reserved 471040K
  class space    used 6968K, committed 7232K, reserved 421888K
}
Event: 122.535 GC heap after
{Heap after GC invocations=19 (full 0):
 garbage-first heap   total 78848K, used 45697K [0x0000000080000000, 0x0000000100000000)
  region size 1024K, 3 young (3072K), 3 survivors (3072K)
 Metaspace       used 50504K, committed 51072K, reserved 471040K
  class space    used 6968K, committed 7232K, reserved 421888K
}
Event: 126.426 GC heap before
{Heap before GC invocations=19 (full 0):
 garbage-first heap   total 78848K, used 65153K [0x0000000080000000, 0x0000000100000000)
  region size 1024K, 22 young (22528K), 3 survivors (3072K)
 Metaspace       used 53071K, committed 53632K, reserved 471040K
  class space    used 7291K, committed 7552K, reserved 421888K
}
Event: 126.431 GC heap after
{Heap after GC invocations=20 (full 0):
 garbage-first heap   total 78848K, used 46851K [0x0000000080000000, 0x0000000100000000)
  region size 1024K, 3 young (3072K), 3 survivors (3072K)
 Metaspace       used 53071K, committed 53632K, reserved 471040K
  class space    used 7291K, committed 7552K, reserved 421888K
}
Event: 129.601 GC heap before
{Heap before GC invocations=21 (full 0):
 garbage-first heap   total 83968K, used 62211K [0x0000000080000000, 0x0000000100000000)
  region size 1024K, 19 young (19456K), 3 survivors (3072K)
 Metaspace       used 54271K, committed 54848K, reserved 471040K
  class space    used 7422K, committed 7680K, reserved 421888K
}
Event: 129.606 GC heap after
{Heap after GC invocations=22 (full 0):
 garbage-first heap   total 83968K, used 48224K [0x0000000080000000, 0x0000000100000000)
  region size 1024K, 3 young (3072K), 3 survivors (3072K)
 Metaspace       used 54271K, committed 54848K, reserved 471040K
  class space    used 7422K, committed 7680K, reserved 421888K
}
Event: 135.403 GC heap before
{Heap before GC invocations=22 (full 0):
 garbage-first heap   total 83968K, used 67680K [0x0000000080000000, 0x0000000100000000)
  region size 1024K, 23 young (23552K), 3 survivors (3072K)
 Metaspace       used 56394K, committed 57024K, reserved 471040K
  class space    used 7725K, committed 8000K, reserved 421888K
}
Event: 135.410 GC heap after
{Heap after GC invocations=23 (full 0):
 garbage-first heap   total 83968K, used 48806K [0x0000000080000000, 0x0000000100000000)
  region size 1024K, 2 young (2048K), 2 survivors (2048K)
 Metaspace       used 56394K, committed 57024K, reserved 471040K
  class space    used 7725K, committed 8000K, reserved 421888K
}
Event: 138.187 GC heap before
{Heap before GC invocations=24 (full 0):
 garbage-first heap   total 94208K, used 68262K [0x0000000080000000, 0x0000000100000000)
  region size 1024K, 21 young (21504K), 2 survivors (2048K)
 Metaspace       used 57395K, committed 58048K, reserved 479232K
  class space    used 7897K, committed 8192K, reserved 421888K
}
Event: 138.200 GC heap after
{Heap after GC invocations=25 (full 0):
 garbage-first heap   total 94208K, used 50293K [0x0000000080000000, 0x0000000100000000)
  region size 1024K, 3 young (3072K), 3 survivors (3072K)
 Metaspace       used 57395K, committed 58048K, reserved 479232K
  class space    used 7897K, committed 8192K, reserved 421888K
}
Event: 155.217 GC heap before
{Heap before GC invocations=25 (full 0):
 garbage-first heap   total 94208K, used 75893K [0x0000000080000000, 0x0000000100000000)
  region size 1024K, 28 young (28672K), 3 survivors (3072K)
 Metaspace       used 58807K, committed 59456K, reserved 479232K
  class space    used 8048K, committed 8384K, reserved 421888K
}
Event: 155.228 GC heap after
{Heap after GC invocations=26 (full 0):
 garbage-first heap   total 94208K, used 52411K [0x0000000080000000, 0x0000000100000000)
  region size 1024K, 4 young (4096K), 4 survivors (4096K)
 Metaspace       used 58807K, committed 59456K, reserved 479232K
  class space    used 8048K, committed 8384K, reserved 421888K
}
Event: 162.813 GC heap before
{Heap before GC invocations=27 (full 0):
 garbage-first heap   total 94208K, used 75963K [0x0000000080000000, 0x0000000100000000)
  region size 1024K, 28 young (28672K), 4 survivors (4096K)
 Metaspace       used 61008K, committed 61696K, reserved 479232K
  class space    used 8381K, committed 8704K, reserved 421888K
}
Event: 162.834 GC heap after
{Heap after GC invocations=28 (full 0):
 garbage-first heap   total 94208K, used 54561K [0x0000000080000000, 0x0000000100000000)
  region size 1024K, 3 young (3072K), 3 survivors (3072K)
 Metaspace       used 61008K, committed 61696K, reserved 479232K
  class space    used 8381K, committed 8704K, reserved 421888K
}
Event: 173.047 GC heap before
{Heap before GC invocations=28 (full 0):
 garbage-first heap   total 94208K, used 75041K [0x0000000080000000, 0x0000000100000000)
  region size 1024K, 24 young (24576K), 3 survivors (3072K)
 Metaspace       used 62454K, committed 63104K, reserved 479232K
  class space    used 8540K, committed 8832K, reserved 421888K
}
Event: 173.061 GC heap after
{Heap after GC invocations=29 (full 0):
 garbage-first heap   total 94208K, used 57368K [0x0000000080000000, 0x0000000100000000)
  region size 1024K, 3 young (3072K), 3 survivors (3072K)
 Metaspace       used 62454K, committed 63104K, reserved 479232K
  class space    used 8540K, committed 8832K, reserved 421888K
}

Deoptimization events (20 events):
Event: 168.450 Thread 0x0000024964888570 Uncommon trap: trap_request=0xffffffde fr.pc=0x0000024953911724 relative=0x0000000000000084
Event: 168.450 Thread 0x0000024964888570 Uncommon trap: reason=class_check action=maybe_recompile pc=0x0000024953911724 method=java.util.Collections$SetFromMap.remove(Ljava/lang/Object;)Z @ 5 c2
Event: 168.450 Thread 0x0000024964888570 DEOPT PACKING pc=0x0000024953911724 sp=0x000000b2391febd0
Event: 168.450 Thread 0x0000024964888570 DEOPT UNPACKING pc=0x000002494bd4d72e sp=0x000000b2391feb68 mode 2
Event: 172.589 Thread 0x0000024964924c70 DEOPT PACKING pc=0x000002494c66d174 sp=0x000000b2366fe980
Event: 172.589 Thread 0x0000024964924c70 DEOPT UNPACKING pc=0x000002494bd4dece sp=0x000000b2366fdf00 mode 0
Event: 172.775 Thread 0x0000024969b3fca0 Uncommon trap: trap_request=0xffffffc6 fr.pc=0x0000024953a54d38 relative=0x0000000000000a18
Event: 172.775 Thread 0x0000024969b3fca0 Uncommon trap: reason=bimorphic_or_optimized_type_check action=maybe_recompile pc=0x0000024953a54d38 method=java.io.BufferedInputStream.read1([BII)I @ 39 c2
Event: 172.775 Thread 0x0000024969b3fca0 DEOPT PACKING pc=0x0000024953a54d38 sp=0x000000b2394fdf50
Event: 172.775 Thread 0x0000024969b3fca0 DEOPT UNPACKING pc=0x000002494bd4d72e sp=0x000000b2394fde68 mode 2
Event: 172.804 Thread 0x0000024964889010 DEOPT PACKING pc=0x000002494c8e9525 sp=0x000000b2392fdaa0
Event: 172.804 Thread 0x0000024964889010 DEOPT UNPACKING pc=0x000002494bd4dece sp=0x000000b2392fcfe0 mode 0
Event: 172.806 Thread 0x0000024969b3fca0 Uncommon trap: trap_request=0xffffffc6 fr.pc=0x0000024953a54d38 relative=0x0000000000000a18
Event: 172.806 Thread 0x0000024969b3fca0 Uncommon trap: reason=bimorphic_or_optimized_type_check action=maybe_recompile pc=0x0000024953a54d38 method=java.io.BufferedInputStream.read1([BII)I @ 39 c2
Event: 172.806 Thread 0x0000024969b3fca0 DEOPT PACKING pc=0x0000024953a54d38 sp=0x000000b2394fdf50
Event: 172.806 Thread 0x0000024969b3fca0 DEOPT UNPACKING pc=0x000002494bd4d72e sp=0x000000b2394fde68 mode 2
Event: 172.839 Thread 0x00000249649251c0 Uncommon trap: trap_request=0xffffffc6 fr.pc=0x0000024953b96d1c relative=0x00000000000001dc
Event: 172.839 Thread 0x00000249649251c0 Uncommon trap: reason=bimorphic_or_optimized_type_check action=maybe_recompile pc=0x0000024953b96d1c method=com.google.common.collect.ImmutableList.copyOf(Ljava/util/Collection;)Lcom/google/common/collect/ImmutableList; @ 11 c2
Event: 172.839 Thread 0x00000249649251c0 DEOPT PACKING pc=0x0000024953b96d1c sp=0x000000b235df8f70
Event: 172.839 Thread 0x00000249649251c0 DEOPT UNPACKING pc=0x000002494bd4d72e sp=0x000000b235df8f10 mode 2

Classes unloaded (0 events):
No events

Classes redefined (0 events):
No events

Internal exceptions (20 events):
Event: 135.449 Thread 0x00000249649251c0 Exception <a 'java/lang/ClassNotFoundException'{0x0000000084d4e5f0}: org/gradle/api/internal/DefaultNamedDomainObjectListBeanInfo> (0x0000000084d4e5f0) 
thrown [t:\workspace\open\src\hotspot\share\classfile\systemDictionary.cpp, line 256]
Event: 135.450 Thread 0x00000249649251c0 Exception <a 'java/lang/ClassNotFoundException'{0x0000000084d63878}: org/gradle/api/internal/DefaultNamedDomainObjectCollectionBeanInfo> (0x0000000084d63878) 
thrown [t:\workspace\open\src\hotspot\share\classfile\systemDictionary.cpp, line 256]
Event: 135.451 Thread 0x00000249649251c0 Exception <a 'java/lang/ClassNotFoundException'{0x0000000084d786d8}: org/gradle/api/internal/DefaultDomainObjectCollectionBeanInfo> (0x0000000084d786d8) 
thrown [t:\workspace\open\src\hotspot\share\classfile\systemDictionary.cpp, line 256]
Event: 135.452 Thread 0x00000249649251c0 Exception <a 'java/lang/ClassNotFoundException'{0x0000000084d8d670}: org/gradle/api/internal/DefaultDomainObjectCollectionCustomizer> (0x0000000084d8d670) 
thrown [t:\workspace\open\src\hotspot\share\classfile\systemDictionary.cpp, line 256]
Event: 135.624 Thread 0x00000249649251c0 Exception <a 'java/lang/ClassNotFoundException'{0x0000000084dc2208}: org/gradle/api/internal/DefaultNamedDomainObjectCollectionCustomizer> (0x0000000084dc2208) 
thrown [t:\workspace\open\src\hotspot\share\classfile\systemDictionary.cpp, line 256]
Event: 135.628 Thread 0x00000249649251c0 Exception <a 'java/lang/ClassNotFoundException'{0x0000000084dfe2e0}: org/gradle/api/internal/DefaultNamedDomainObjectListCustomizer> (0x0000000084dfe2e0) 
thrown [t:\workspace\open\src\hotspot\share\classfile\systemDictionary.cpp, line 256]
Event: 135.630 Thread 0x00000249649251c0 Exception <a 'java/lang/ClassNotFoundException'{0x0000000084c35f68}: org/gradle/api/internal/artifacts/DefaultArtifactRepositoryContainerCustomizer> (0x0000000084c35f68) 
thrown [t:\workspace\open\src\hotspot\share\classfile\systemDictionary.cpp, line 256]
Event: 135.633 Thread 0x00000249649251c0 Exception <a 'java/lang/ClassNotFoundException'{0x0000000084c60188}: org/gradle/api/internal/artifacts/dsl/DefaultRepositoryHandlerCustomizer> (0x0000000084c60188) 
thrown [t:\workspace\open\src\hotspot\share\classfile\systemDictionary.cpp, line 256]
Event: 135.644 Thread 0x00000249649251c0 Exception <a 'java/lang/ClassNotFoundException'{0x0000000084c97238}: org/gradle/api/internal/artifacts/dsl/DefaultRepositoryHandler_DecoratedCustomizer> (0x0000000084c97238) 
thrown [t:\workspace\open\src\hotspot\share\classfile\systemDictionary.cpp, line 256]
Event: 135.724 Thread 0x00000249649251c0 Exception <a 'java/lang/ClassNotFoundException'{0x0000000085728468}: org/gradle/api/internal/artifacts/dsl/dependencies/DefaultDependencyHandler_DecoratedBeanInfo> (0x0000000085728468) 
thrown [t:\workspace\open\src\hotspot\share\classfile\systemDictionary.cpp, line 256]
Event: 135.725 Thread 0x00000249649251c0 Exception <a 'java/lang/ClassNotFoundException'{0x0000000085740330}: org/gradle/api/internal/artifacts/dsl/dependencies/DefaultDependencyHandlerBeanInfo> (0x0000000085740330) 
thrown [t:\workspace\open\src\hotspot\share\classfile\systemDictionary.cpp, line 256]
Event: 135.727 Thread 0x00000249649251c0 Exception <a 'java/lang/ClassNotFoundException'{0x0000000085757718}: org/gradle/api/internal/artifacts/dsl/dependencies/DefaultDependencyHandlerCustomizer> (0x0000000085757718) 
thrown [t:\workspace\open\src\hotspot\share\classfile\systemDictionary.cpp, line 256]
Event: 135.733 Thread 0x00000249649251c0 Exception <a 'java/lang/ClassNotFoundException'{0x0000000085797b18}: org/gradle/api/internal/artifacts/dsl/dependencies/DefaultDependencyHandler_DecoratedCustomizer> (0x0000000085797b18) 
thrown [t:\workspace\open\src\hotspot\share\classfile\systemDictionary.cpp, line 256]
Event: 152.712 Thread 0x00000249649251c0 Exception <a 'java/lang/NoSuchMethodError'{0x0000000084b24af8}: 'java.lang.Object java.lang.invoke.DirectMethodHandle$Holder.invokeSpecial(java.lang.Object, java.lang.Object, java.lang.Object, java.lang.Object, java.lang.Object, java.lang.Object, java.lang.Object, java.lang.Object, java.lang.Object, java.lang.Object, java.lang.Object)'> (0x0000000084b24af8) 
thrown [t:\workspace\open\src\hotspot\share\interpreter\linkResolver.cpp, line 790]
Event: 152.842 Thread 0x00000249649251c0 Exception <a 'java/lang/NoSuchMethodError'{0x0000000084b332a0}: 'java.lang.Object java.lang.invoke.DirectMethodHandle$Holder.newInvokeSpecial(java.lang.Object, java.lang.Object, java.lang.Object, java.lang.Object, java.lang.Object, java.lang.Object, java.lang.Object, java.lang.Object, java.lang.Object, java.lang.Object)'> (0x0000000084b332a0) 
thrown [t:\workspace\open\src\hotspot\share\interpreter\linkResolver.cpp, line 790]
Event: 152.843 Thread 0x00000249649251c0 Exception <a 'java/lang/NoSuchMethodError'{0x0000000084b395d8}: 'java.lang.Object java.lang.invoke.Invokers$Holder.linkToTargetMethod(java.lang.Object, java.lang.Object, java.lang.Object, java.lang.Object, java.lang.Object, java.lang.Object, java.lang.Object, java.lang.Object, java.lang.Object, java.lang.Object)'> (0x0000000084b395d8) 
thrown [t:\workspace\open\src\hotspot\share\interpreter\linkResolver.cpp, line 790]
Event: 156.836 Thread 0x0000024964885050 Exception <a 'java/lang/NoSuchMethodError'{0x0000000085692740}: 'java.lang.Object java.lang.invoke.DirectMethodHandle$Holder.newInvokeSpecial(java.lang.Object, java.lang.Object, java.lang.Object, java.lang.Object, int, java.lang.Object)'> (0x0000000085692740) 
thrown [t:\workspace\open\src\hotspot\share\interpreter\linkResolver.cpp, line 790]
Event: 156.837 Thread 0x0000024964885050 Exception <a 'java/lang/NoSuchMethodError'{0x0000000085696dd8}: 'java.lang.Object java.lang.invoke.Invokers$Holder.linkToTargetMethod(java.lang.Object, java.lang.Object, java.lang.Object, int, java.lang.Object, java.lang.Object)'> (0x0000000085696dd8) 
thrown [t:\workspace\open\src\hotspot\share\interpreter\linkResolver.cpp, line 790]
Event: 156.932 Thread 0x0000024964888570 Exception <a 'java/lang/NoSuchMethodError'{0x0000000085508a60}: 'void java.lang.invoke.DirectMethodHandle$Holder.invokeInterface(java.lang.Object, java.lang.Object, java.lang.Object, java.lang.Object)'> (0x0000000085508a60) 
thrown [t:\workspace\open\src\hotspot\share\interpreter\linkResolver.cpp, line 790]
Event: 158.848 Thread 0x0000024964888570 Exception <a 'java/lang/NoSuchMethodError'{0x00000000854e5970}: 'int java.lang.invoke.DirectMethodHandle$Holder.invokeSpecial(java.lang.Object, java.lang.Object, java.lang.Object, java.lang.Object, java.lang.Object)'> (0x00000000854e5970) 
thrown [t:\workspace\open\src\hotspot\share\interpreter\linkResolver.cpp, line 790]

Events (20 events):
Event: 168.810 Executing  VM operation: Cleanup
Event: 168.811 Executing  VM operation: Cleanup done
Event: 169.819 Executing  VM operation: Cleanup
Event: 169.819 Executing  VM operation: Cleanup done
Event: 170.824 Executing  VM operation: Cleanup
Event: 170.824 Executing  VM operation: Cleanup done
Event: 171.839 Executing  VM operation: Cleanup
Event: 171.839 Executing  VM operation: Cleanup done
Event: 172.800 Executing  VM operation: ICBufferFull
Event: 172.801 Executing  VM operation: ICBufferFull done
Event: 172.835 loading class java/util/concurrent/ConcurrentLinkedQueue$Itr
Event: 172.836 loading class java/util/concurrent/ConcurrentLinkedQueue$Itr done
Event: 172.939 Executing  VM operation: ICBufferFull
Event: 172.939 Executing  VM operation: ICBufferFull done
Event: 173.047 Executing  VM operation: G1CollectForAllocation
Event: 173.061 Executing  VM operation: G1CollectForAllocation done
Event: 173.233 Executing  VM operation: G1Concurrent
Event: 173.243 Executing  VM operation: G1Concurrent done
Event: 173.313 Executing  VM operation: G1Concurrent
Event: 173.313 Executing  VM operation: G1Concurrent done


Dynamic libraries:
0x00007ff723d70000 - 0x00007ff723d7e000 	C:\Program Files\Java\jdk-16\bin\java.exe
0x00007ffa1eab0000 - 0x00007ffa1eca8000 	C:\WINDOWS\SYSTEM32\ntdll.dll
0x00007ffa1e1f0000 - 0x00007ffa1e2ad000 	C:\WINDOWS\System32\KERNEL32.DLL
0x00007ffa1c490000 - 0x00007ffa1c786000 	C:\WINDOWS\System32\KERNELBASE.dll
0x00007ffa1c230000 - 0x00007ffa1c330000 	C:\WINDOWS\System32\ucrtbase.dll
0x00007ffa14660000 - 0x00007ffa14678000 	C:\Program Files\Java\jdk-16\bin\jli.dll
0x00007ffa1ccc0000 - 0x00007ffa1ce5e000 	C:\WINDOWS\System32\USER32.dll
0x00007ffa1c200000 - 0x00007ffa1c222000 	C:\WINDOWS\System32\win32u.dll
0x00007ffa1d2f0000 - 0x00007ffa1d31c000 	C:\WINDOWS\System32\GDI32.dll
0x00007ffa1c9f0000 - 0x00007ffa1cb0a000 	C:\WINDOWS\System32\gdi32full.dll
0x00007ffa1c890000 - 0x00007ffa1c92d000 	C:\WINDOWS\System32\msvcp_win.dll
0x00007ffa13d40000 - 0x00007ffa13d59000 	C:\Program Files\Java\jdk-16\bin\VCRUNTIME140.dll
0x00007ffa0b740000 - 0x00007ffa0b9da000 	C:\WINDOWS\WinSxS\amd64_microsoft.windows.common-controls_6595b64144ccf1df_6.0.19041.3636_none_60b6a03d71f818d5\COMCTL32.dll
0x00007ffa1cf90000 - 0x00007ffa1d02e000 	C:\WINDOWS\System32\msvcrt.dll
0x00007ffa1d1e0000 - 0x00007ffa1d210000 	C:\WINDOWS\System32\IMM32.DLL
0x00007ffa18030000 - 0x00007ffa1803c000 	C:\Program Files\Java\jdk-16\bin\vcruntime140_1.dll
0x00007ffa03ef0000 - 0x00007ffa03f81000 	C:\Program Files\Java\jdk-16\bin\msvcp140.dll
0x00007ff9eb280000 - 0x00007ff9ebe2b000 	C:\Program Files\Java\jdk-16\bin\server\jvm.dll
0x00007ffa1d9a0000 - 0x00007ffa1da4f000 	C:\WINDOWS\System32\ADVAPI32.dll
0x00007ffa1e020000 - 0x00007ffa1e0bc000 	C:\WINDOWS\System32\sechost.dll
0x00007ffa1ce60000 - 0x00007ffa1cf86000 	C:\WINDOWS\System32\RPCRT4.dll
0x00007ffa1d320000 - 0x00007ffa1d328000 	C:\WINDOWS\System32\PSAPI.DLL
0x00007ffa16820000 - 0x00007ffa16829000 	C:\WINDOWS\SYSTEM32\WSOCK32.dll
0x00007ffa1ea00000 - 0x00007ffa1ea6b000 	C:\WINDOWS\System32\WS2_32.dll
0x00007ffa08a00000 - 0x00007ffa08a27000 	C:\WINDOWS\SYSTEM32\WINMM.dll
0x00007ffa15790000 - 0x00007ffa1579a000 	C:\WINDOWS\SYSTEM32\VERSION.dll
0x00007ffa1a050000 - 0x00007ffa1a062000 	C:\WINDOWS\SYSTEM32\kernel.appcore.dll
0x00007ffa16f80000 - 0x00007ffa16f8a000 	C:\Program Files\Java\jdk-16\bin\jimage.dll
0x00007ff9fe0b0000 - 0x00007ff9fe294000 	C:\WINDOWS\SYSTEM32\DBGHELP.DLL
0x00007ff9fe070000 - 0x00007ff9fe0a4000 	C:\WINDOWS\SYSTEM32\dbgcore.DLL
0x00007ffa1c960000 - 0x00007ffa1c9e2000 	C:\WINDOWS\System32\bcryptPrimitives.dll
0x00007ffa13220000 - 0x00007ffa13245000 	C:\Program Files\Java\jdk-16\bin\java.dll
0x00007ffa1e2b0000 - 0x00007ffa1e9f4000 	C:\WINDOWS\System32\SHELL32.dll
0x00007ffa1a250000 - 0x00007ffa1a9eb000 	C:\WINDOWS\SYSTEM32\windows.storage.dll
0x00007ffa1d450000 - 0x00007ffa1d7a4000 	C:\WINDOWS\System32\combase.dll
0x00007ffa1bbd0000 - 0x00007ffa1bbfd000 	C:\WINDOWS\SYSTEM32\Wldp.dll
0x00007ffa1da50000 - 0x00007ffa1dafd000 	C:\WINDOWS\System32\SHCORE.dll
0x00007ffa1cb10000 - 0x00007ffa1cb65000 	C:\WINDOWS\System32\shlwapi.dll
0x00007ffa1c0c0000 - 0x00007ffa1c0e5000 	C:\WINDOWS\SYSTEM32\profapi.dll
0x00007ffa13d20000 - 0x00007ffa13d39000 	C:\Program Files\Java\jdk-16\bin\net.dll
0x00007ffa0ca70000 - 0x00007ffa0cb7a000 	C:\WINDOWS\SYSTEM32\WINHTTP.dll
0x00007ffa1b930000 - 0x00007ffa1b99a000 	C:\WINDOWS\system32\mswsock.dll
0x00007ffa13130000 - 0x00007ffa13143000 	C:\Program Files\Java\jdk-16\bin\nio.dll
0x00007ffa13110000 - 0x00007ffa13128000 	C:\Program Files\Java\jdk-16\bin\zip.dll
0x00007ffa0dca0000 - 0x00007ffa0dcb0000 	C:\Program Files\Java\jdk-16\bin\verify.dll
0x00007ffa0c810000 - 0x00007ffa0c837000 	C:\Users\hermo\.gradle\native\68d5fa5c4cc2d200863cafc0d521ce42e7d3e7ee720ec0a83991735586a16f82\windows-amd64\native-platform.dll
0x00007ff9fd950000 - 0x00007ff9fda94000 	C:\Users\hermo\.gradle\native\e376f236ea51e6404a007f0833ffe2c6e607c4080706a723a18a27aeea778392\windows-amd64\native-platform-file-events.dll
0x00007ffa0dc90000 - 0x00007ffa0dc99000 	C:\Program Files\Java\jdk-16\bin\management.dll
0x00007ffa0dc80000 - 0x00007ffa0dc8b000 	C:\Program Files\Java\jdk-16\bin\management_ext.dll
0x00007ffa1bb20000 - 0x00007ffa1bb38000 	C:\WINDOWS\SYSTEM32\CRYPTSP.dll
0x00007ffa1b1f0000 - 0x00007ffa1b224000 	C:\WINDOWS\system32\rsaenh.dll
0x00007ffa1c930000 - 0x00007ffa1c957000 	C:\WINDOWS\System32\bcrypt.dll
0x00007ffa1c080000 - 0x00007ffa1c0ae000 	C:\WINDOWS\SYSTEM32\USERENV.dll
0x00007ffa1bb40000 - 0x00007ffa1bb4c000 	C:\WINDOWS\SYSTEM32\CRYPTBASE.dll
0x00007ffa1b5d0000 - 0x00007ffa1b60b000 	C:\WINDOWS\SYSTEM32\IPHLPAPI.DLL
0x00007ffa1d7b0000 - 0x00007ffa1d7b8000 	C:\WINDOWS\System32\NSI.dll
0x00007ffa12650000 - 0x00007ffa12667000 	C:\WINDOWS\SYSTEM32\dhcpcsvc6.DLL
0x00007ffa128b0000 - 0x00007ffa128cd000 	C:\WINDOWS\SYSTEM32\dhcpcsvc.DLL
0x00007ffa1b610000 - 0x00007ffa1b6da000 	C:\WINDOWS\SYSTEM32\DNSAPI.dll
0x00007ffa0d300000 - 0x00007ffa0d30e000 	C:\Program Files\Java\jdk-16\bin\sunmscapi.dll
0x00007ffa1c330000 - 0x00007ffa1c48d000 	C:\WINDOWS\System32\CRYPT32.dll
0x00007ffa1bc40000 - 0x00007ffa1bc67000 	C:\WINDOWS\SYSTEM32\ncrypt.dll
0x00007ffa1bc00000 - 0x00007ffa1bc3b000 	C:\WINDOWS\SYSTEM32\NTASN1.dll
0x00007ff9ecd30000 - 0x00007ff9ecd37000 	C:\WINDOWS\system32\wshunix.dll

dbghelp: loaded successfully - version: 4.0.5 - missing functions: none
symbol engine: initialized successfully - sym options: 0x614 - pdb path: .;C:\Program Files\Java\jdk-16\bin;C:\WINDOWS\SYSTEM32;C:\WINDOWS\WinSxS\amd64_microsoft.windows.common-controls_6595b64144ccf1df_6.0.19041.3636_none_60b6a03d71f818d5;C:\Program Files\Java\jdk-16\bin\server;C:\Users\hermo\.gradle\native\68d5fa5c4cc2d200863cafc0d521ce42e7d3e7ee720ec0a83991735586a16f82\windows-amd64;C:\Users\hermo\.gradle\native\e376f236ea51e6404a007f0833ffe2c6e607c4080706a723a18a27aeea778392\windows-amd64

VM Arguments:
jvm_args: -XX:MaxMetaspaceSize=512m --add-opens=java.base/java.util=ALL-UNNAMED --add-opens=java.base/java.lang=ALL-UNNAMED --add-opens=java.base/java.lang.invoke=ALL-UNNAMED --add-opens=java.prefs/java.util.prefs=ALL-UNNAMED --add-opens=java.base/java.nio.charset=ALL-UNNAMED --add-opens=java.base/java.net=ALL-UNNAMED --add-opens=java.base/java.util.concurrent.atomic=ALL-UNNAMED -Xmx2048m -Dfile.encoding=windows-1252 -Duser.country=IN -Duser.language=en -Duser.variant 
java_command: org.gradle.launcher.daemon.bootstrap.GradleDaemon 7.6
java_class_path (initial): C:\Users\hermo\.gradle\wrapper\dists\gradle-7.6-all\9f832ih6bniajn45pbmqhk2cw\gradle-7.6\lib\gradle-launcher-7.6.jar
Launcher Type: SUN_STANDARD

[Global flags]
     intx CICompilerCount                          = 3                                         {product} {ergonomic}
   size_t CompressedClassSpaceSize                 = 432013312                                 {product} {ergonomic}
     uint ConcGCThreads                            = 1                                         {product} {ergonomic}
     uint G1ConcRefinementThreads                  = 4                                         {product} {ergonomic}
   size_t G1HeapRegionSize                         = 1048576                                   {product} {ergonomic}
    uintx GCDrainStackTargetSize                   = 64                                        {product} {ergonomic}
   size_t InitialHeapSize                          = 134217728                                 {product} {ergonomic}
   size_t MarkStackSize                            = 4194304                                   {product} {ergonomic}
   size_t MaxHeapSize                              = 2147483648                                {product} {command line}
   size_t MaxMetaspaceSize                         = 536870912                                 {product} {command line}
   size_t MaxNewSize                               = 1287651328                                {product} {ergonomic}
   size_t MinHeapDeltaBytes                        = 1048576                                   {product} {ergonomic}
   size_t MinHeapSize                              = 8388608                                   {product} {ergonomic}
    uintx NonNMethodCodeHeapSize                   = 5832780                                {pd product} {ergonomic}
    uintx NonProfiledCodeHeapSize                  = 122912730                              {pd product} {ergonomic}
    uintx ProfiledCodeHeapSize                     = 122912730                              {pd product} {ergonomic}
    uintx ReservedCodeCacheSize                    = 251658240                              {pd product} {ergonomic}
     bool SegmentedCodeCache                       = true                                      {product} {ergonomic}
   size_t SoftMaxHeapSize                          = 2147483648                             {manageable} {ergonomic}
     bool UseCompressedClassPointers               = true                           {product lp64_product} {ergonomic}
     bool UseCompressedOops                        = true                           {product lp64_product} {ergonomic}
     bool UseG1GC                                  = true                                      {product} {ergonomic}
     bool UseLargePagesIndividualAllocation        = false                                  {pd product} {ergonomic}

Logging:
Log output configuration:
 #0: stdout all=warning uptime,level,tags
 #1: stderr all=off uptime,level,tags

Environment Variables:
JAVA_HOME=C:\Program Files\Java\jdk-16
CLASSPATH=D:\gsmWeb\gsmapp\android\\gradle\wrapper\gradle-wrapper.jar
PATH=D:\gsmWeb\gsmapp\node_modules\.bin;D:\gsmWeb\gsmapp\node_modules\.bin;D:\gsmWeb\node_modules\.bin;D:\node_modules\.bin;C:\Program Files\nodejs\node_modules\npm\node_modules\@npmcli\run-script\lib\node-gyp-bin;D:\gsmWeb\gsmapp\node_modules\.bin;D:\gsmWeb\node_modules\.bin;D:\node_modules\.bin;C:\Program Files\nodejs\node_modules\npm\node_modules\@npmcli\run-script\lib\node-gyp-bin;C:\WINDOWS\system32;C:\WINDOWS;C:\WINDOWS\System32\Wbem;C:\WINDOWS\System32\WindowsPowerShell\v1.0\;C:\WINDOWS\System32\OpenSSH\;C:\xampp\php;C:\ProgramData\ComposerSetup\bin;C:\Program Files\Microsoft SQL Server\150\Tools\Binn\;C:\Program Files\Microsoft SQL Server\Client SDK\ODBC\170\Tools\Binn\;C:\Program Files\dotnet\;C:\Program Files\Git\cmd;C:\Program Files (x86)\Microsoft SQL Server\160\Tools\Binn\;C:\Program Files\Microsoft SQL Server\160\Tools\Binn\;C:\Program Files\Microsoft SQL Server\160\DTS\Binn\;C:\Program Files\Azure Data Studio\bin;C:\Program Files (x86)\Microsoft SQL Server\160\DTS\Binn\;C:\Program Files\nodejs\;C:\Users\hermo\AppData\Local\Programs\Python\Launcher\;C:\Users\hermo\AppData\Local\Microsoft\WindowsApps;C:\Users\hermo\AppData\Local\Programs\Microsoft VS Code\bin;C:\Program Files\Java\jdk-20\bin;C:\Users\hermo\AppData\Local\Android\Sdk;C:\Users\hermo\AppData\Local\Android\Sdk\emulator;C:\Users\hermo\AppData\Local\Android\Sdk\platform-tools;C:\Users\hermo\AppData\Roaming\Composer\vendor\bin;C:\Users\hermo\.dotnet\tools;C:\Program Files\Azure Data Studio\bin;C:\Users\hermo\AppData\Roaming\npm
USERNAME=hermo
LANG=en_US.UTF-8
OS=Windows_NT
PROCESSOR_IDENTIFIER=Intel64 Family 6 Model 142 Stepping 9, GenuineIntel



---------------  S Y S T E M  ---------------

OS:
 Windows 10 , 64 bit Build 19041 (10.0.19041.3636)
OS uptime: 1 days 4:59 hours

CPU: total 4 (initial active 4) (2 cores per cpu, 2 threads per core) family 6 model 142 stepping 9 microcode 0xb4, cx8, cmov, fxsr, ht, mmx, 3dnowpref, sse, sse2, sse3, ssse3, sse4.1, sse4.2, popcnt, lzcnt, tsc, tscinvbit, avx, avx2, aes, erms, clmul, bmi1, bmi2, adx, fma, vzeroupper, clflush, clflushopt

Memory: 4k page, system-wide physical 8122M (45M free)
TotalPageFile size 19002M (AvailPageFile size 7M)
current process WorkingSet (physical memory assigned to process): 224M, peak: 241M
current process commit charge ("private bytes"): 313M, peak: 313M

vm_info: OpenJDK 64-Bit Server VM (16+36-2231) for windows-amd64 JRE (16+36-2231), built on Feb  8 2021 11:39:36 by "mach5one" with MS VC++ 16.7 (VS2019)

END.
